<?xml version="1.0" encoding="UTF-8" ?>
<testsuite errors="26" failures="233" hostname="kinfkong" name="com.topcoder.umltool.deploy.AllTests" tests="259" time="3.219" timestamp="2013-10-30T04:34:35">
  <properties>
    <property name="uml_project_configuration.srcpath" value="src/java/components/uml_project_configuration/trunk/src/java/main/" />
    <property name="uml_tool_actions_diagram_elements_add_actions.srcpath" value="src/java/components/uml_tool_actions_-_diagram_elements_add_actions/trunk/src/java/main/" />
    <property name="build_manager_src" value="build/manager_src" />
    <property name="memory_usage.path" value="memory_usage/2.0" />
    <property name="uml_tool_actions_activity_elements_actions.srcpath" value="src/java/components/uml_tool_actions_-_activity_elements_actions/trunk/src/java/main/" />
    <property name="javadoc.jar" value="javadocs.jar" />
    <property name="assembly_components.path" value="Assembly_Components" />
    <property name="packagedir" value="com/topcoder" />
    <property name="uml_tool_actions_diagram_elements_add_actions.componentName" value="uml_tool_actions_-_diagram_elements_add_actions" />
    <property name="ant.library.dir" value="C:\tc\soft\apache-ant-1.7.1\lib" />
    <property name="uml_model_-_core_classifiers.srcpath" value="src/java/components/uml_model_-_core_classifiers/trunk/src/java/main/" />
    <property name="ant.core.lib" value="C:\tc\soft\apache-ant-1.7.1\lib\ant.jar" />
    <property name="configuration_manager.version" value="2.1.5" />
    <property name="zuml_2_tcuml_converter_sequence_diagrams.componentName" value="zuml_2_tcuml_converter_sequence_diagrams" />
    <property name="user.dir" value="C:\tc\tc_tools\mytcuml" />
    <property name="java.vm.version" value="20.45-b01" />
    <property name="swing_configuration_manager_editor.componentName" value="swing_configuration_manager_editor" />
    <property name="uml_model_manager.componentName" value="uml_model_manager" />
    <property name="zoom_panel.srcpath" value="src/java/components/zoom_panel/trunk/src/java/main/" />
    <property name="dmg_license" value="C:\tc\tc_tools\mytcuml\resources_macosx\license.r" />
    <property name="jar_ext_libdir" value="lib" />
    <property name="uml_tool_actions_element_properties_actions.componentName" value="uml_tool_actions_-_element_properties_actions" />
    <property name="typesafe_enum.jar.name" value="typesafe_enum.jar" />
    <property name="sun.os.patch.level" value="" />
    <property name="distfilename" value="topcoder_uml_tool" />
    <property name="java.vm.specification.name" value="Java Virtual Machine Specification" />
    <property name="diagram_uml_class_elements.componentName" value="diagram_uml_class_elements" />
    <property name="diagram_uml_use_case.srcpath" value="src/java/components/diagram_uml_use_case/trunk/src/java/main/" />
    <property name="uml_tool_actions_activity_elements_actions.componentName" value="uml_tool_actions_-_activity_elements_actions" />
    <property name="object_factory.path" value="object_factory/2.0.1" />
    <property name="ext_libdir" value="lib" />
    <property name="uml_model_-_core_dependencies.componentName" value="uml_model_-_core_dependencies" />
    <property name="os.name" value="Windows 8" />
    <property name="build_distdir" value="build/dist" />
    <property name="image_manipulation.jar" value="lib/tcs/image_manipulation/1.0/image_manipulation.jar" />
    <property name="uml_model_-_model_management.srcpath" value="src/java/components/uml_model_-_model_management/trunk/src/java/main/" />
    <property name="uml_model_-_activity_graph.srcpath" value="src/java/components/uml_model_-_activity_graphs/trunk/src/java/main/" />
    <property name="logging_wrapper.jar" value="lib/tcs/logging_wrapper/1.2/logging_wrapper.jar" />
    <property name="component.jar" value="build/dist/lib/tcs/topcoder_uml_tool/1.1.5/topcoder_uml_tool.jar" />
    <property name="java.vendor.url.bug" value="http://java.sun.com/cgi-bin/bugreport.cgi" />
    <property name="xmi_reader_diagram_interchange_plugin.srcpath" value="src/java/components/xmi_reader_diagram_interchange_plugin/trunk/src/java/main/" />
    <property name="srcdir" value="src" />
    <property name="os.arch" value="amd64" />
    <property name="logging_wrapper.version" value="1.2" />
    <property name="user.name" value="dljg718" />
    <property name="action_manager.componentName" value="action_manager" />
    <property name="docsdir" value="docs" />
    <property name="image_manipulation.version" value="1.0" />
    <property name="zuml_2_tcuml_converter.srcpath" value="src/java/components/zuml_2_tcuml_converter/trunk/src/java/main/" />
    <property name="configuration_manager.path" value="configuration_manager/2.1.5" />
    <property name="sun.java.command" value="org.apache.tools.ant.taskdefs.optional.junit.JUnitTestRunner com.topcoder.umltool.deploy.AllTests filtertrace=true haltOnError=false haltOnFailure=false showoutput=false outputtoformatters=true logtestlistenerevents=true formatter=org.apache.tools.ant.taskdefs.optional.junit.PlainJUnitResultFormatter,C:\tc\tc_tools\mytcuml\log\TEST-com.topcoder.umltool.deploy.AllTests.txt formatter=org.apache.tools.ant.taskdefs.optional.junit.XMLJUnitResultFormatter,C:\tc\tc_tools\mytcuml\log\TEST-com.topcoder.umltool.deploy.AllTests.xml crashfile=C:\tc\tc_tools\mytcuml\junitvmwatcher9046198228861977413.properties propsfile=C:\tc\tc_tools\mytcuml\junit3846540067870582357.properties" />
    <property name="jar_tcs_libdir" value="lib/tcs" />
    <property name="closable_tab.componentName" value="closable_tab" />
    <property name="documentation_panel.componentName" value="documentation_panel" />
    <property name="zuml_2_tcuml_converter_activity_diagrams.componentName" value="zuml_2_tcuml_converter_-_activity_diagrams" />
    <property name="uml_tool_actions_class_elements_actions.srcpath" value="src/java/components/uml_tool_actions_-_class_elements_actions/trunk/src/java/main/" />
    <property name="user.country" value="CN" />
    <property name="javadocsdir" value="docs/javadocs" />
    <property name="xmi_reader.componentName" value="xmi_reader" />
    <property name="reports" value="reports" />
    <property name="image_exporter.componentName" value="image_exporter" />
    <property name="dist_conf" value="build/dist/topcoder_uml_tool-1.1.5/conf" />
    <property name="UML_Tool_Backend.version" value="1.0" />
    <property name="tcs_libdir" value="lib/tcs" />
    <property name="swing_configuration_manager_editor.srcpath" value="src/java/components/swing_configuration_manager_editor/trunk/src/java/main/" />
    <property name="dist_javadocs" value="build/dist/topcoder_uml_tool-1.1.5/docs/javadocs" />
    <property name="diagram_action.srcpath" value="src/java/components/diagram_action/trunk/src/java/main/" />
    <property name="build_docsdir" value="build/docs" />
    <property name="build_javadocsdir" value="build/docs/javadocs" />
    <property name="uml_model_-_common_behavior.componentName" value="uml_model_-_common_behavior" />
    <property name="java.endorsed.dirs" value="C:\Program Files\Java\jdk1.6.0_45\jre\lib\endorsed" />
    <property name="uml_tool_actions_diagram_elements_actions.srcpath" value="src/java/components/uml_tool_actions_-_diagram_elements_actions/trunk/src/java/main/" />
    <property name="generic_event_manager.path" value="generic_event_manager/1.0" />
    <property name="zuml_2_tcuml_converter.componentName" value="zuml_2_tcuml_converter" />
    <property name="diagram_uml_auxiliary_elements.srcpath" value="src/java/components/diagram_uml_auxiliary_elements/trunk/src/java/main/" />
    <property name="component.dist.jar" value="build/dist/topcoder_uml_tool-1.1.5.jar" />
    <property name="java.vm.specification.version" value="1.0" />
    <property name="uml_tool_jar_importer.componentName" value="uml_tool_jar_importer" />
    <property name="vertical_label.componentName" value="vertical_label" />
    <property name="logging_wrapper.path" value="logging_wrapper/1.2" />
    <property name="xmi_writer_uml_model_plugin.srcpath" value="src/java/components/xmi_writer_uml_model_plugin/trunk/src/java/main/" />
    <property name="resourcesdir" value="resources" />
    <property name="xmi_reader_uml_activity_graph_plugin.srcpath" value="src/java/components/xmi_reader_uml_activity_graph_plugin/trunk/src/java/main/" />
    <property name="java.vendor" value="Sun Microsystems Inc." />
    <property name="stub_class_generator.srcpath" value="src/java/components/stub_class_generator/trunk/src/java/main/" />
    <property name="uml_model_-_collaborations.srcpath" value="src/java/components/uml_model_-_collaborations/trunk/src/java/main/" />
    <property name="diagram_interchange.srcpath" value="src/java/components/diagram_interchange/trunk/src/java/main/" />
    <property name="event_manager.srcpath" value="src/java/components/event_manager/trunk/src/java/main/" />
    <property name="file.separator" value="\" />
    <property name="documentation_panel.srcpath" value="src/java/components/documentation_panel/trunk/src/java/main/" />
    <property name="properties_panel.srcpath" value="src/java/components/properties_panel/trunk/src/java/main/" />
    <property name="xmi_writer.srcpath" value="src/java/components/xmi_writer/trunk/src/java/main/" />
    <property name="user.variant" value="" />
    <property name="application_macos_stub" value="C:\tc\tc_tools\mytcuml\build\dist\TopCoder UML Tool.app\Contents\MacOS\TopCoder UML Tool" />
    <property name="memory_usage.version" value="2.0" />
    <property name="uml_tool_actions_use_case_elements_actions.srcpath" value="src/java/components/uml_tool_actions_-_use_case_elements_actions/trunk/src/java/main/" />
    <property name="sun.java.launcher" value="SUN_STANDARD" />
    <property name="closable_tab.srcpath" value="src/java/components/closable_tab/trunk/src/java/main/" />
    <property name="diagram_elements.srcpath" value="src/java/components/diagram_elements/trunk/src/java/main/" />
    <property name="ant.home" value="C:\tc\soft\apache-ant-1.7.1" />
    <property name="builddir" value="build" />
    <property name="dev_dist.jar" value="TopCoder_UML_Tool_1.1.5_dev_dist.jar" />
    <property name="simple_cache.path" value="simple_cache/2.0.2" />
    <property name="javasrc" value="src/java" />
    <property name="ant.java.version" value="1.6" />
    <property name="java.library.path" value="C:\Program Files\Java\jdk1.6.0_45\jre\bin;C:\Windows\Sun\Java\bin;C:\Windows\system32;C:\Windows;C:/Program Files/Java/jdk1.6.0_45/bin/../jre/bin/server;C:/Program Files/Java/jdk1.6.0_45/bin/../jre/bin;C:/Program Files/Java/jdk1.6.0_45/bin/../jre/lib/amd64;C:\Program Files (x86)\RSA SecurID Token Common;C:\Program Files\Java\jdk1.6.0_45/bin;C:\Program Files (x86)\CollabNet\Subversion Client_1_6;C:\Program Files\CollabNet\Subversion Client;C:\Program Files\IBM Informix Software Bundle\bin;C:\Program Files\ibm\gsk8\bin;C:\Windows\system32;C:\Windows;C:\Windows\system32\wbem;C:\Windows\system32\windowspowershell\v1.0\;c:\program files\ibm\gsk8\lib64;c:\program files (x86)\ibm\gsk8\lib;C:\PROGRA~1\IBM\SQLLIB\BIN;C:\PROGRA~1\IBM\SQLLIB\FUNCTION;C:\PROGRA~1\IBM\SQLLIB\SAMPLES\REPL;C:\Program Files\TortoiseSVN\bin;C:\Program Files (x86)\CollabNet\Subversion Client_1_6;%GRAILS_HOME%\bin;C:\Program Files\SourceGear\Common\DiffMerge\;C:\tc\SoftWare\apache-maven-3.0.5-bin\apache-maven-3.0.5\bin;C:\Program Files (x86)\VisualSVN Server\bin;C:\Program Files (x86)\MySQL\MySQL Utilities 1.3.4\;C:\tc\SoftWare\bin;C:\Program Files\7-Zip;C:\Program Files (x86)\OpenSSH\bin;C:\tc\SoftWare\eclipse-jee-juno-SR2-win32-x86_64\eclipse;;." />
    <property name="uml_tool_actions_diagram_actions.componentName" value="uml_tool_actions_-_diagram_actions" />
    <property name="uml_tool_jar_importer.srcpath" value="src/java/components/uml_tool_jar_importer/trunk/src/java/main/" />
    <property name="base_exception.jar.name" value="base_exception.jar" />
    <property name="zoom_panel.componentName" value="zoom_panel" />
    <property name="sun.arch.data.model" value="64" />
    <property name="basedir" value="C:\tc\tc_tools\mytcuml" />
    <property name="webdir" value="web" />
    <property name="base_exception.version" value="2.0" />
    <property name="path.separator" value=";" />
    <property name="sun.io.unicode.encoding" value="UnicodeLittle" />
    <property name="generic_event_manager.jar" value="lib/tcs/generic_event_manager/1.0/generic_event_manager.jar" />
    <property name="xmi_reader_uml_activity_graph_plugin.componentName" value="xmi_reader_uml_activity_graph_plugin" />
    <property name="uml_model_-_core_extension_mechanisms.componentName" value="uml_model_-_core_extension_mechanisms" />
    <property name="uml_model_-_core_dependencies.srcpath" value="src/java/components/uml_model_-_core_dependencies/trunk/src/java/main/" />
    <property name="simple_cache.version" value="2.0.2" />
    <property name="user.language" value="zh" />
    <property name="xmi_reader.srcpath" value="src/java/components/xmi_reader/trunk/src/java/main/" />
    <property name="eclipse.pdebuild.home" value="/C:/tc/SoftWare/eclipse-jee-juno-SR2-win32-x86_64/eclipse/plugins/org.eclipse.pde.build_3.8.2.v20121114-140810/./" />
    <property name="junit.jar" value="lib/junit/junit.jar" />
    <property name="uml_model_-_common_behavior.srcpath" value="src/java/components/uml_model_-_common_behavior/trunk/src/java/main/" />
    <property name="object_factory.jar" value="lib/tcs/object_factory/2.0.1/object_factory.jar" />
    <property name="docpackage.jar" value="topcoder_uml_tool_docs.jar" />
    <property name="UML_Tool_Backend.jar.name" value="UML_Tool_Backend.jar" />
    <property name="diagram_uml_class_edges.srcpath" value="src/java/components/diagram_uml_class_edges/trunk/src/java/main/" />
    <property name="package" value="com.topcoder" />
    <property name="uml_model_-_actions.componentName" value="uml_model_-_actions" />
    <property name="uml_model_-_core.componentName" value="uml_model_-_core" />
    <property name="java.class.version" value="50.0" />
    <property name="uml_tool_actions_sequence_elements_actions.componentName" value="uml_tool_actions_-_sequence_elements_actions" />
    <property name="uml_model_-_core.srcpath" value="src/java/components/uml_model_-_core/trunk/src/java/main/" />
    <property name="resources_macosx" value="C:\tc\tc_tools\mytcuml\resources_macosx" />
    <property name="javamain" value="src/java/main" />
    <property name="document_tree.componentName" value="document_tree" />
    <property name="diagram_action.componentName" value="diagram_action" />
    <property name="file.encoding.pkg" value="sun.io" />
    <property name="sun.cpu.endian" value="little" />
    <property name="memory_usage.jar.name" value="memory_usage.jar" />
    <property name="diagram_viewer.srcpath" value="src/java/components/diagram_viewer/trunk/src/java/main/" />
    <property name="xmi_reader_uml_model_plugin.componentName" value="xmi_reader_uml_model_plugin" />
    <property name="action_manager.srcpath" value="src/java/components/action_manager/trunk/src/java/main/" />
    <property name="uml_model_-_model_management.componentName" value="uml_model_-_model_management" />
    <property name="generic_event_manager.version" value="1.0" />
    <property name="izpack.dir" value="C:\tc\SoftWare\IzPack" />
    <property name="project_action.srcpath" value="src/java/components/project_action/trunk/src/java/main/" />
    <property name="java.home" value="C:\Program Files\Java\jdk1.6.0_45\jre" />
    <property name="build_classdir" value="build/classes" />
    <property name="image_manipulation.jar.name" value="image_manipulation.jar" />
    <property name="component_version" value="1.1.5" />
    <property name="build_testclassdir" value="build/testClasses" />
    <property name="input.xml" value="C:\tc\tc_tools\mytcuml/installer/installer.xml" />
    <property name="dist_src" value="build/dist/topcoder_uml_tool-1.1.5/src" />
    <property name="zuml_2_tcuml_converter_activity_diagrams.srcpath" value="src/java/components/zuml_2_tcuml_converter_-_activity_diagrams/trunk/src/java/main/" />
    <property name="zuml_2_tcuml_converter_sequence_diagrams.srcpath" value="src/java/components/zuml_2_tcuml_converter_sequence_diagrams/trunk/src/java/main/" />
    <property name="diagram_uml_sequence_elements.componentName" value="diagram_uml_sequence_elements" />
    <property name="build_tcsdistdir" value="build/dist/topcoder_uml_tool-1.1.5" />
    <property name="uml_model_state_machines.componentName" value="uml_model_-_state_machines" />
    <property name="image_exporter.srcpath" value="src/java/components/image_exporter/trunk/src/java/main/" />
    <property name="print_manager.componentName" value="print_manager" />
    <property name="elements_toolbar.srcpath" value="src/java/components/elements_toolbar/trunk/src/java/main/" />
    <property name="uml_model_-_core_relationships.componentName" value="uml_model_-_core_relationships" />
    <property name="application_resources" value="C:\tc\tc_tools\mytcuml\build\dist\TopCoder UML Tool.app\Contents\Resources" />
    <property name="debug" value="off" />
    <property name="section_layout.srcpath" value="src/java/components/section_layout/trunk/src/java/main/" />
    <property name="sun.management.compiler" value="HotSpot 64-Bit Tiered Compilers" />
    <property name="diagram_uml_class_elements.srcpath" value="src/java/components/diagram_uml_class_elements/trunk/src/java/main/" />
    <property name="object_factory.jar.name" value="object_factory.jar" />
    <property name="ant.file" value="C:\tc\tc_tools\mytcuml\build.xml" />
    <property name="typesafe_enum.version" value="1.0" />
    <property name="uml_tool_actions_diagram_elements_actions.componentName" value="uml_tool_actions_-_diagram_elements_actions" />
    <property name="ant.file.TopCoder UML Tool" value="C:\tc\tc_tools\mytcuml\build.xml" />
    <property name="java_1_3_bootclasspath" value="c:\program files\JavaSoft\JRE\1.3.1\lib\rt.jar" />
    <property name="auxiliary_action.componentName" value="auxiliary_action" />
    <property name="java.vm.specification.vendor" value="Sun Microsystems Inc." />
    <property name="application_resources_java" value="C:\tc\tc_tools\mytcuml\build\dist\TopCoder UML Tool.app\Contents\Resources\Java" />
    <property name="diagram_elements.componentName" value="diagram_elements" />
    <property name="uml_model_data_types.srcpath" value="src/java/components/uml_model_-_data_types/trunk/src/java/main/" />
    <property name="java.vm.name" value="Java HotSpot(TM) 64-Bit Server VM" />
    <property name="style_panel.componentName" value="style_panel" />
    <property name="design_submission.jar" value="TopCoder_UML_Tool_1.1.5_design_submission.jar" />
    <property name="java.io.tmpdir" value="C:\Users\dljg718\AppData\Local\Temp\" />
    <property name="java.vendor.url" value="http://java.sun.com/" />
    <property name="typesafe_enum.jar" value="lib/tcs/typesafe_enum/1.0/typesafe_enum.jar" />
    <property name="component.tests.jar" value="build/dist/lib/tcs/topcoder_uml_tool_tests.jar" />
    <property name="sun.boot.library.path" value="C:\Program Files\Java\jdk1.6.0_45\jre\bin" />
    <property name="configuration_manager.jar" value="lib/tcs/configuration_manager/2.1.5/configuration_manager.jar" />
    <property name="dist_lib" value="build/dist/lib/tcs" />
    <property name="side_menu.componentName" value="side_menu" />
    <property name="event_manager.componentName" value="event_manager" />
    <property name="logging_wrapper.jar.name" value="logging_wrapper.jar" />
    <property name="java.runtime.name" value="Java(TM) SE Runtime Environment" />
    <property name="build_uml_model_src" value="build/uml_model_src" />
    <property name="ant.project.name" value="TopCoder UML Tool" />
    <property name="uml_tool_actions_sequence_elements_actions.srcpath" value="src/java/components/uml_tool_actions_-_sequence_elements_actions/trunk/src/java/main/" />
    <property name="style_panel.srcpath" value="src/java/components/style_panel/trunk/src/java/main/" />
    <property name="testlogdir" value="log" />
    <property name="dist_testfiles" value="build/dist/topcoder_uml_tool-1.1.5/test_files" />
    <property name="sun.cpu.isalist" value="amd64" />
    <property name="xmi_reader_diagram_interchange_plugin.componentName" value="xmi_reader_diagram_interchange_plugin" />
    <property name="uml_model_-_core_auxiliary_elements.componentName" value="uml_model_-_core_auxiliary_elements" />
    <property name="user.home" value="C:\Users\dljg718" />
    <property name="uml_model_-_core_relationships.srcpath" value="src/java/components/uml_model_-_core_relationships/trunk/src/java/main/" />
    <property name="java.specification.name" value="Java Platform API Specification" />
    <property name="xmi_reader_uml_model_plugin.srcpath" value="src/java/components/xmi_reader_uml_model_plugin/trunk/src/java/main/" />
    <property name="project_action.componentName" value="project_action" />
    <property name="UML_Tool_Backend.path" value="UML_Tool_Backend/1.0" />
    <property name="configdir" value="conf" />
    <property name="java.specification.vendor" value="Sun Microsystems Inc." />
    <property name="section_layout.componentName" value="section_layout" />
    <property name="java.version" value="1.6.0_45" />
    <property name="diagram_uml_sequence_elements.srcpath" value="src/java/components/diagram_uml_sequence_elements/trunk/src/java/main/" />
    <property name="build_targetclassdir" value="build/targetclasses" />
    <property name="uml_model_-_use_cases.componentName" value="uml_model_-_use_cases" />
    <property name="eclipse.pdebuild.templates" value="/C:/tc/SoftWare/eclipse-jee-juno-SR2-win32-x86_64/eclipse/plugins/org.eclipse.pde.build_3.8.2.v20121114-140810/templates/" />
    <property name="uml_model_-_core_classifiers.componentName" value="uml_model_-_core_classifiers" />
    <property name="uml_model_state_machines.srcpath" value="src/java/components/uml_model_-_state_machines/trunk/src/java/main/" />
    <property name="apple_appstub" value="C:\System\Library\Frameworks\JavaVM.framework\Resources\MacOS\JavaApplicationStub" />
    <property name="uml_tool_actions_class_elements_actions.componentName" value="uml_tool_actions_-_class_elements_actions" />
    <property name="dist_docpackage" value="build/doc_package" />
    <property name="base_exception.jar" value="lib/tcs/base_exception/2.0/base_exception.jar" />
    <property name="auxiliary_action.srcpath" value="src/java/components/auxiliary_action/trunk/src/java/main/" />
    <property name="print_manager.srcpath" value="src/java/components/print_manager/trunk/src/java/main/" />
    <property name="uml_model_-_use_cases.srcpath" value="src/java/components/uml_model_-_use_cases/trunk/src/java/main/" />
    <property name="diagram_edges.componentName" value="diagram_edges" />
    <property name="uml_model_-_actions.srcpath" value="src/java/components/uml_model_-_actions/trunk/src/java/main/" />
    <property name="tcs_srcdir" value="src/java/components" />
    <property name="simple_cache.jar.name" value="simple_cache.jar" />
    <property name="configuration_manager.jar.name" value="configuration_manager.jar" />
    <property name="line.separator" value="
" />
    <property name="java.specification.version" value="1.6" />
    <property name="java.vm.info" value="mixed mode" />
    <property name="diagram_uml_activity.srcpath" value="src/java/components/diagram_uml_activity/trunk/src/java/main/" />
    <property name="uml_project_configuration.componentName" value="uml_project_configuration" />
    <property name="build_lib" value="build/lib" />
    <property name="sun.boot.class.path" value="C:\Program Files\Java\jdk1.6.0_45\jre\lib\resources.jar;C:\Program Files\Java\jdk1.6.0_45\jre\lib\rt.jar;C:\Program Files\Java\jdk1.6.0_45\jre\lib\sunrsasign.jar;C:\Program Files\Java\jdk1.6.0_45\jre\lib\jsse.jar;C:\Program Files\Java\jdk1.6.0_45\jre\lib\jce.jar;C:\Program Files\Java\jdk1.6.0_45\jre\lib\charsets.jar;C:\Program Files\Java\jdk1.6.0_45\jre\lib\modules\jdk.boot.jar;C:\Program Files\Java\jdk1.6.0_45\jre\classes" />
    <property name="diagram_viewer.componentName" value="diagram_viewer" />
    <property name="uml_tool_actions_element_properties_actions.srcpath" value="src/java/components/uml_tool_actions_-_element_properties_actions/trunk/src/java/main/" />
    <property name="generic_event_manager.jar.name" value="generic_event_manager.jar" />
    <property name="eclipse.pdebuild.scripts" value="/C:/tc/SoftWare/eclipse-jee-juno-SR2-win32-x86_64/eclipse/plugins/org.eclipse.pde.build_3.8.2.v20121114-140810/scripts/" />
    <property name="verbose" value="no" />
    <property name="base_exception.path" value="base_exception/2.0" />
    <property name="dist_docs" value="build/dist/topcoder_uml_tool-1.1.5/docs" />
    <property name="xmi_writer_uml_model_plugin.componentName" value="xmi_writer_uml_model_plugin" />
    <property name="uml_model_-_collaborations.componentName" value="uml_model_-_collaborations" />
    <property name="diagram_uml_class_edges.componentName" value="diagram_uml_class_edges" />
    <property name="stub_class_generator.componentName" value="stub_class_generator" />
    <property name="diagram_uml_activity.componentName" value="diagram_uml_activity" />
    <property name="javatests" value="src/java/tests" />
    <property name="dev_submission.jar" value="TopCoder_UML_Tool_1.1.5_dev_submission.jar" />
    <property name="component_src_path" value="trunk/src/java/main" />
    <property name="memory_usage.jar" value="lib/tcs/memory_usage/2.0/memory_usage.jar" />
    <property name="java.awt.printerjob" value="sun.awt.windows.WPrinterJob" />
    <property name="uml_tool_actions_diagram_actions.srcpath" value="src/java/components/uml_tool_actions_-_diagram_actions/trunk/src/java/main/" />
    <property name="typesafe_enum.path" value="typesafe_enum/1.0" />
    <property name="xmi_writer_uml_activity_graph_plugin.componentName" value="xmi_writer_uml_activity_graph_plugin" />
    <property name="simple_cache.jar" value="lib/tcs/simple_cache/2.0.2/simple_cache.jar" />
    <property name="uml_model_-_activity_graph.componentName" value="uml_model_-_activity_graphs" />
    <property name="sun.jnu.encoding" value="GBK" />
    <property name="xmi_writer.componentName" value="xmi_writer" />
    <property name="uml_model_-_core_extension_mechanisms.srcpath" value="src/java/components/uml_model_-_core_extension_mechanisms/trunk/src/java/main/" />
    <property name="java.runtime.version" value="1.6.0_45-b06" />
    <property name="component.war" value="${dist_examples}/topcoder_uml_tool.war" />
    <property name="user.timezone" value="" />
    <property name="component_path" value="topcoder_uml_tool/1.1.5" />
    <property name="diagram_uml_auxiliary_elements.componentName" value="diagram_uml_auxiliary_elements" />
    <property name="document_tree.srcpath" value="src/java/components/document_tree/trunk/src/java/main/" />
    <property name="elements_toolbar.componentName" value="elements_toolbar" />
    <property name="diagram_interchange.componentName" value="diagram_interchange" />
    <property name="xmi_writer_diagram_interchange_plugin.srcpath" value="src/java/components/xmi_writer_diagram_interchange_plugin/trunk/src/java/main/" />
    <property name="java.ext.dirs" value="C:\Program Files\Java\jdk1.6.0_45\jre\lib\ext;C:\Windows\Sun\Java\lib\ext" />
    <property name="object_factory.version" value="2.0.1" />
    <property name="java.class.path" value="C:\tc\tc_tools\mytcuml\resources;C:\tc\tc_tools\mytcuml\build\testClasses;C:\tc\tc_tools\mytcuml\build\classes;C:\tc\tc_tools\mytcuml\test_files;C:\tc\tc_tools\mytcuml\lib\junit\junit.jar;C:\tc\tc_tools\mytcuml\lib\tcs\configuration_manager\2.1.5\configuration_manager.jar;C:\tc\tc_tools\mytcuml\lib\tcs\base_exception\2.0\base_exception.jar;C:\tc\tc_tools\mytcuml\lib\tcs\memory_usage\2.0\memory_usage.jar;C:\tc\tc_tools\mytcuml\lib\tcs\object_factory\2.0.1\object_factory.jar;C:\tc\tc_tools\mytcuml\lib\tcs\logging_wrapper\1.2\logging_wrapper.jar;C:\tc\tc_tools\mytcuml\lib\tcs\generic_event_manager\1.0\generic_event_manager.jar;C:\tc\tc_tools\mytcuml\lib\tcs\simple_cache\2.0.2\simple_cache.jar;C:\tc\tc_tools\mytcuml\lib\tcs\typesafe_enum\1.0\typesafe_enum.jar;C:\tc\tc_tools\mytcuml\lib\tcs\image_manipulation\1.0\image_manipulation.jar;C:\tc\tc_tools\mytcuml\lib\jai_core.jar;C:\tc\tc_tools\mytcuml\lib\jai_codec.jar;C:\tc\tc_tools\mytcuml\lib\log4j-1.2.15.jar;C:\tc\tc_tools\mytcuml\lib\jfcunit\jakarta-regexp-1.2.jar;C:\tc\tc_tools\mytcuml\lib\jfcunit\jfcunit.jar;C:\tc\tc_tools\mytcuml\lib\swingunit\swingunit.jar;C:\tc\tc_tools\mytcuml\conf;C:\tc\tc_tools\mytcuml\lib\tcs\swing_configuration_manager_editor\1.0.0\swing_configuration_manager_editor.jar;C:\tc\tc_tools\mytcuml\lib\eclipse\commons-beanutils-1.8.0.jar;C:\tc\tc_tools\mytcuml\lib\eclipse\commons-digester-2.0.jar;C:\tc\tc_tools\mytcuml\lib\eclipse\commons-logging-1.1.1.jar;C:\tc\tc_tools\mytcuml\lib\eclipse\org.eclipse.core.contenttype_3.4.100.v20100505-1235.jar;C:\tc\tc_tools\mytcuml\lib\eclipse\org.eclipse.core.jobs_3.5.0.v20100515.jar;C:\tc\tc_tools\mytcuml\lib\eclipse\org.eclipse.core.resources_3.6.0.v20100526-0737.jar;C:\tc\tc_tools\mytcuml\lib\eclipse\org.eclipse.core.runtime_3.6.0.v20100505.jar;C:\tc\tc_tools\mytcuml\lib\eclipse\org.eclipse.equinox.common_3.6.0.v20100503.jar;C:\tc\tc_tools\mytcuml\lib\eclipse\org.eclipse.equinox.preferences_3.3.0.v20100503.jar;C:\tc\tc_tools\mytcuml\lib\eclipse\org.eclipse.jdt.core_3.6.0.v_A58.jar;C:\tc\tc_tools\mytcuml\lib\eclipse\org.eclipse.osgi_3.6.0.v20100517.jar;C:\tc\tc_tools\mytcuml\lib\eclipse\org.eclipse.osgi.services_3.2.100.v20100503.jar;C:\tc\tc_tools\mytcuml\lib\eclipse\org.eclipse.text_3.5.0.v20100601-1300.jar;C:\tc\tc_tools\mytcuml\lib\junit\3.8.1\junit.jar;C:\tc\tc_tools\mytcuml\lib\tcs\Assembly_Components\UML_Tool_Backend\1.0\UML_Tool_Backend.jar;C:\tc\tc_tools\mytcuml;C:\PROGRA~1\IBM\SQLLIB\java\db2java.zip;C:\PROGRA~1\IBM\SQLLIB\java\db2jcc.jar;C:\PROGRA~1\IBM\SQLLIB\java\sqlj.zip;C:\PROGRA~1\IBM\SQLLIB\java\db2jcc_license_cu.jar;C:\PROGRA~1\IBM\SQLLIB\bin;C:\PROGRA~1\IBM\SQLLIB\java\common.jar;C:\tc\soft\apache-ant-1.7.1\lib\ant-launcher.jar;C:\tc\soft\apache-ant-1.7.1\lib\ant.jar;C:\tc\soft\apache-ant-1.7.1\lib\ant-junit.jar" />
    <property name="component" value="TopCoder_UML_Tool" />
    <property name="os.version" value="6.2" />
    <property name="design_dist.jar" value="TopCoder_UML_Tool_1.1.5_design_dist.jar" />
    <property name="uml_model_manager.srcpath" value="src/java/components/uml_model_manager/trunk/src/java/main/" />
    <property name="sun.desktop" value="windows" />
    <property name="uml_model_data_types.componentName" value="uml_model_-_data_types" />
    <property name="xmi_writer_uml_activity_graph_plugin.srcpath" value="src/java/components/xmi_writer_uml_activity_graph_plugin/trunk/src/java/main/" />
    <property name="notMac" value="true" />
    <property name="java.awt.graphicsenv" value="sun.awt.Win32GraphicsEnvironment" />
    <property name="vertical_label.srcpath" value="src/java/components/vertical_label/trunk/src/java/main/" />
    <property name="java.vm.vendor" value="Sun Microsystems Inc." />
    <property name="side_menu.srcpath" value="src/java/components/side_menu/trunk/src/java/main/" />
    <property name="properties_panel.componentName" value="properties_panel" />
    <property name="application_macos" value="C:\tc\tc_tools\mytcuml\build\dist\TopCoder UML Tool.app\Contents\MacOS" />
    <property name="build_webdir" value="build/web" />
    <property name="UML_Tool_Backend.jar" value="lib/tcs/Assembly_Components/UML_Tool_Backend/1.0/UML_Tool_Backend.jar" />
    <property name="uml_tool_actions_use_case_elements_actions.componentName" value="uml_tool_actions_-_use_case_elements_actions" />
    <property name="image_manipulation.path" value="image_manipulation/1.0" />
    <property name="testfiles" value="test_files" />
    <property name="standard_class_loader.componentName" value="standard_class_data_loader" />
    <property name="xmi_writer_diagram_interchange_plugin.componentName" value="xmi_writer_diagram_interchange_plugin" />
    <property name="ant.version" value="Apache Ant version 1.7.1 compiled on June 27 2008" />
    <property name="file.encoding" value="GBK" />
    <property name="standard_class_loader.srcpath" value="src/java/components/standard_class_data_loader/trunk/src/java/main/" />
    <property name="diagram_edges.srcpath" value="src/java/components/diagram_edges/trunk/src/java/main/" />
    <property name="diagram_uml_use_case.componentName" value="diagram_uml_use_case" />
    <property name="uml_model_-_core_auxiliary_elements.srcpath" value="src/java/components/uml_model_-_core_auxiliary_elements/trunk/src/java/main/" />
    <property name="awt.toolkit" value="sun.awt.windows.WToolkit" />
  </properties>
  <testcase classname="com.topcoder.umltool.deploy.codegen.test.CTests" name="test1" time="0.063">
    <failure message="Test 1 failed.In class:TopCoder.WPF.KeyProviderImpl.Class_1" type="junit.framework.AssertionFailedError">junit.framework.AssertionFailedError: Test 1 failed.In class:TopCoder.WPF.KeyProviderImpl.Class_1
	at com.topcoder.umltool.deploy.codegen.test.CTests.test1(CTests.java:98)
	at junit.extensions.TestDecorator.basicRun(TestDecorator.java:24)
	at junit.extensions.TestSetup$1.protect(TestSetup.java:21)
	at junit.extensions.TestSetup.run(TestSetup.java:25)
	at junit.extensions.TestDecorator.basicRun(TestDecorator.java:24)
	at junit.extensions.TestSetup$1.protect(TestSetup.java:21)
	at junit.extensions.TestSetup.run(TestSetup.java:25)
</failure>
  </testcase>
  <testcase classname="com.topcoder.umltool.deploy.codegen.test.CTests" name="test2" time="0.0020">
    <failure message="Test 2 failed.With conext:/// &lt;p&gt;
/// WindowSizeManager documentation
/// &lt;/p&gt;" type="junit.framework.AssertionFailedError">junit.framework.AssertionFailedError: Test 2 failed.With conext:/// &lt;p&gt;
/// WindowSizeManager documentation
/// &lt;/p&gt;
	at com.topcoder.umltool.deploy.codegen.test.CTests.test2(CTests.java:112)
	at junit.extensions.TestDecorator.basicRun(TestDecorator.java:24)
	at junit.extensions.TestSetup$1.protect(TestSetup.java:21)
	at junit.extensions.TestSetup.run(TestSetup.java:25)
	at junit.extensions.TestDecorator.basicRun(TestDecorator.java:24)
	at junit.extensions.TestSetup$1.protect(TestSetup.java:21)
	at junit.extensions.TestSetup.run(TestSetup.java:25)
</failure>
  </testcase>
  <testcase classname="com.topcoder.umltool.deploy.codegen.test.CTests" name="test3" time="0.0020">
    <failure message="Test 3 failed.With context:public class Class_3{" type="junit.framework.AssertionFailedError">junit.framework.AssertionFailedError: Test 3 failed.With context:public class Class_3{
	at com.topcoder.umltool.deploy.codegen.test.CTests.test3(CTests.java:125)
	at junit.extensions.TestDecorator.basicRun(TestDecorator.java:24)
	at junit.extensions.TestSetup$1.protect(TestSetup.java:21)
	at junit.extensions.TestSetup.run(TestSetup.java:25)
	at junit.extensions.TestDecorator.basicRun(TestDecorator.java:24)
	at junit.extensions.TestSetup$1.protect(TestSetup.java:21)
	at junit.extensions.TestSetup.run(TestSetup.java:25)
</failure>
  </testcase>
  <testcase classname="com.topcoder.umltool.deploy.codegen.test.CTests" name="test4" time="0.0020">
    <failure message="Test 4 failed. with signature:public abstract class WindowSizeManager{" type="junit.framework.AssertionFailedError">junit.framework.AssertionFailedError: Test 4 failed. with signature:public abstract class WindowSizeManager{
	at com.topcoder.umltool.deploy.codegen.test.CTests.checkSignatureWithBraces(CTests.java:67)
	at com.topcoder.umltool.deploy.codegen.test.CTests.test4(CTests.java:153)
	at junit.extensions.TestDecorator.basicRun(TestDecorator.java:24)
	at junit.extensions.TestSetup$1.protect(TestSetup.java:21)
	at junit.extensions.TestSetup.run(TestSetup.java:25)
	at junit.extensions.TestDecorator.basicRun(TestDecorator.java:24)
	at junit.extensions.TestSetup$1.protect(TestSetup.java:21)
	at junit.extensions.TestSetup.run(TestSetup.java:25)
</failure>
  </testcase>
  <testcase classname="com.topcoder.umltool.deploy.codegen.test.CTests" name="test5" time="0.0010">
    <failure message="Test 5 failed. with signature:class WindowSizeManager{" type="junit.framework.AssertionFailedError">junit.framework.AssertionFailedError: Test 5 failed. with signature:class WindowSizeManager{
	at com.topcoder.umltool.deploy.codegen.test.CTests.checkSignatureWithBraces(CTests.java:67)
	at com.topcoder.umltool.deploy.codegen.test.CTests.test5(CTests.java:166)
	at junit.extensions.TestDecorator.basicRun(TestDecorator.java:24)
	at junit.extensions.TestSetup$1.protect(TestSetup.java:21)
	at junit.extensions.TestSetup.run(TestSetup.java:25)
	at junit.extensions.TestDecorator.basicRun(TestDecorator.java:24)
	at junit.extensions.TestSetup$1.protect(TestSetup.java:21)
	at junit.extensions.TestSetup.run(TestSetup.java:25)
</failure>
  </testcase>
  <testcase classname="com.topcoder.umltool.deploy.codegen.test.CTests" name="test6" time="0.0010">
    <failure message="Test 5 failed. with signature:public interface EntityChangeListener{" type="junit.framework.AssertionFailedError">junit.framework.AssertionFailedError: Test 5 failed. with signature:public interface EntityChangeListener{
	at com.topcoder.umltool.deploy.codegen.test.CTests.checkSignatureWithBraces(CTests.java:67)
	at com.topcoder.umltool.deploy.codegen.test.CTests.test6(CTests.java:178)
	at junit.extensions.TestDecorator.basicRun(TestDecorator.java:24)
	at junit.extensions.TestSetup$1.protect(TestSetup.java:21)
	at junit.extensions.TestSetup.run(TestSetup.java:25)
	at junit.extensions.TestDecorator.basicRun(TestDecorator.java:24)
	at junit.extensions.TestSetup$1.protect(TestSetup.java:21)
	at junit.extensions.TestSetup.run(TestSetup.java:25)
</failure>
  </testcase>
  <testcase classname="com.topcoder.umltool.deploy.codegen.test.CTests" name="test7" time="0.0020">
    <failure message="Test 7 failed. with signature:enum EntityChangeListener{" type="junit.framework.AssertionFailedError">junit.framework.AssertionFailedError: Test 7 failed. with signature:enum EntityChangeListener{
	at com.topcoder.umltool.deploy.codegen.test.CTests.checkSignatureWithBraces(CTests.java:67)
	at com.topcoder.umltool.deploy.codegen.test.CTests.test7(CTests.java:190)
	at junit.extensions.TestDecorator.basicRun(TestDecorator.java:24)
	at junit.extensions.TestSetup$1.protect(TestSetup.java:21)
	at junit.extensions.TestSetup.run(TestSetup.java:25)
	at junit.extensions.TestDecorator.basicRun(TestDecorator.java:24)
	at junit.extensions.TestSetup$1.protect(TestSetup.java:21)
	at junit.extensions.TestSetup.run(TestSetup.java:25)
</failure>
  </testcase>
  <testcase classname="com.topcoder.umltool.deploy.codegen.test.CTests" name="test8" time="0.0010">
    <failure message="Test 8 failed. with signature:public class ChildClass : BaseClass{" type="junit.framework.AssertionFailedError">junit.framework.AssertionFailedError: Test 8 failed. with signature:public class ChildClass : BaseClass{
	at com.topcoder.umltool.deploy.codegen.test.CTests.checkSignatureWithBraces(CTests.java:67)
	at com.topcoder.umltool.deploy.codegen.test.CTests.test8(CTests.java:203)
	at junit.extensions.TestDecorator.basicRun(TestDecorator.java:24)
	at junit.extensions.TestSetup$1.protect(TestSetup.java:21)
	at junit.extensions.TestSetup.run(TestSetup.java:25)
	at junit.extensions.TestDecorator.basicRun(TestDecorator.java:24)
	at junit.extensions.TestSetup$1.protect(TestSetup.java:21)
	at junit.extensions.TestSetup.run(TestSetup.java:25)
</failure>
  </testcase>
  <testcase classname="com.topcoder.umltool.deploy.codegen.test.CTests" name="test9" time="0.0010">
    <failure message="Test 9 failed. with signature:public class ChildClass : baseInterface{" type="junit.framework.AssertionFailedError">junit.framework.AssertionFailedError: Test 9 failed. with signature:public class ChildClass : baseInterface{
	at com.topcoder.umltool.deploy.codegen.test.CTests.checkSignatureWithBraces(CTests.java:67)
	at com.topcoder.umltool.deploy.codegen.test.CTests.test9(CTests.java:216)
	at junit.extensions.TestDecorator.basicRun(TestDecorator.java:24)
	at junit.extensions.TestSetup$1.protect(TestSetup.java:21)
	at junit.extensions.TestSetup.run(TestSetup.java:25)
	at junit.extensions.TestDecorator.basicRun(TestDecorator.java:24)
	at junit.extensions.TestSetup$1.protect(TestSetup.java:21)
	at junit.extensions.TestSetup.run(TestSetup.java:25)
</failure>
  </testcase>
  <testcase classname="com.topcoder.umltool.deploy.codegen.test.CTests" name="test10" time="0.0010">
    <failure message="Test 10 failed. with signature:public struct Class_10{" type="junit.framework.AssertionFailedError">junit.framework.AssertionFailedError: Test 10 failed. with signature:public struct Class_10{
	at com.topcoder.umltool.deploy.codegen.test.CTests.checkSignatureWithBraces(CTests.java:67)
	at com.topcoder.umltool.deploy.codegen.test.CTests.test10(CTests.java:228)
	at junit.extensions.TestDecorator.basicRun(TestDecorator.java:24)
	at junit.extensions.TestSetup$1.protect(TestSetup.java:21)
	at junit.extensions.TestSetup.run(TestSetup.java:25)
	at junit.extensions.TestDecorator.basicRun(TestDecorator.java:24)
	at junit.extensions.TestSetup$1.protect(TestSetup.java:21)
	at junit.extensions.TestSetup.run(TestSetup.java:25)
</failure>
  </testcase>
  <testcase classname="com.topcoder.umltool.deploy.codegen.test.CTests" name="test11" time="0.0010">
    <failure message="Test 11 failed: attribute not found " type="junit.framework.AssertionFailedError">junit.framework.AssertionFailedError: Test 11 failed: attribute not found 
	at com.topcoder.umltool.deploy.codegen.test.CTests.test11(CTests.java:241)
	at junit.extensions.TestDecorator.basicRun(TestDecorator.java:24)
	at junit.extensions.TestSetup$1.protect(TestSetup.java:21)
	at junit.extensions.TestSetup.run(TestSetup.java:25)
	at junit.extensions.TestDecorator.basicRun(TestDecorator.java:24)
	at junit.extensions.TestSetup$1.protect(TestSetup.java:21)
	at junit.extensions.TestSetup.run(TestSetup.java:25)
</failure>
  </testcase>
  <testcase classname="com.topcoder.umltool.deploy.codegen.test.CTests" name="test12" time="0.0010">
    <failure message="Test 11 failed. with signature:private string demoAttribute;" type="junit.framework.AssertionFailedError">junit.framework.AssertionFailedError: Test 11 failed. with signature:private string demoAttribute;
	at com.topcoder.umltool.deploy.codegen.test.CTests.checkSignature(CTests.java:86)
	at com.topcoder.umltool.deploy.codegen.test.CTests.test12(CTests.java:257)
	at junit.extensions.TestDecorator.basicRun(TestDecorator.java:24)
	at junit.extensions.TestSetup$1.protect(TestSetup.java:21)
	at junit.extensions.TestSetup.run(TestSetup.java:25)
	at junit.extensions.TestDecorator.basicRun(TestDecorator.java:24)
	at junit.extensions.TestSetup$1.protect(TestSetup.java:21)
	at junit.extensions.TestSetup.run(TestSetup.java:25)
</failure>
  </testcase>
  <testcase classname="com.topcoder.umltool.deploy.codegen.test.CTests" name="test13" time="0.0020">
    <failure message="Test 13 failed. with signature:private const int demoAttribute;" type="junit.framework.AssertionFailedError">junit.framework.AssertionFailedError: Test 13 failed. with signature:private const int demoAttribute;
	at com.topcoder.umltool.deploy.codegen.test.CTests.checkSignature(CTests.java:86)
	at com.topcoder.umltool.deploy.codegen.test.CTests.test13(CTests.java:269)
	at junit.extensions.TestDecorator.basicRun(TestDecorator.java:24)
	at junit.extensions.TestSetup$1.protect(TestSetup.java:21)
	at junit.extensions.TestSetup.run(TestSetup.java:25)
	at junit.extensions.TestDecorator.basicRun(TestDecorator.java:24)
	at junit.extensions.TestSetup$1.protect(TestSetup.java:21)
	at junit.extensions.TestSetup.run(TestSetup.java:25)
</failure>
  </testcase>
  <testcase classname="com.topcoder.umltool.deploy.codegen.test.CTests" name="test14" time="0.0020">
    <failure message="Test 14 failed. with signature:private static const int demoAttribute;" type="junit.framework.AssertionFailedError">junit.framework.AssertionFailedError: Test 14 failed. with signature:private static const int demoAttribute;
	at com.topcoder.umltool.deploy.codegen.test.CTests.checkSignature(CTests.java:86)
	at com.topcoder.umltool.deploy.codegen.test.CTests.test14(CTests.java:282)
	at junit.extensions.TestDecorator.basicRun(TestDecorator.java:24)
	at junit.extensions.TestSetup$1.protect(TestSetup.java:21)
	at junit.extensions.TestSetup.run(TestSetup.java:25)
	at junit.extensions.TestDecorator.basicRun(TestDecorator.java:24)
	at junit.extensions.TestSetup$1.protect(TestSetup.java:21)
	at junit.extensions.TestSetup.run(TestSetup.java:25)
</failure>
  </testcase>
  <testcase classname="com.topcoder.umltool.deploy.codegen.test.CTests" name="test15" time="0.0010">
    <failure message="Test 15 failed. with signature:private int sample = 1000;" type="junit.framework.AssertionFailedError">junit.framework.AssertionFailedError: Test 15 failed. with signature:private int sample = 1000;
	at com.topcoder.umltool.deploy.codegen.test.CTests.checkSignature(CTests.java:86)
	at com.topcoder.umltool.deploy.codegen.test.CTests.test15(CTests.java:295)
	at junit.extensions.TestDecorator.basicRun(TestDecorator.java:24)
	at junit.extensions.TestSetup$1.protect(TestSetup.java:21)
	at junit.extensions.TestSetup.run(TestSetup.java:25)
	at junit.extensions.TestDecorator.basicRun(TestDecorator.java:24)
	at junit.extensions.TestSetup$1.protect(TestSetup.java:21)
	at junit.extensions.TestSetup.run(TestSetup.java:25)
</failure>
  </testcase>
  <testcase classname="com.topcoder.umltool.deploy.codegen.test.CTests" name="test16" time="0.0010">
    <failure message="Test 16 failed. with signature:static string demoAttribute;" type="junit.framework.AssertionFailedError">junit.framework.AssertionFailedError: Test 16 failed. with signature:static string demoAttribute;
	at com.topcoder.umltool.deploy.codegen.test.CTests.checkSignature(CTests.java:86)
	at com.topcoder.umltool.deploy.codegen.test.CTests.test16(CTests.java:308)
	at junit.extensions.TestDecorator.basicRun(TestDecorator.java:24)
	at junit.extensions.TestSetup$1.protect(TestSetup.java:21)
	at junit.extensions.TestSetup.run(TestSetup.java:25)
	at junit.extensions.TestDecorator.basicRun(TestDecorator.java:24)
	at junit.extensions.TestSetup$1.protect(TestSetup.java:21)
	at junit.extensions.TestSetup.run(TestSetup.java:25)
</failure>
  </testcase>
  <testcase classname="com.topcoder.umltool.deploy.codegen.test.CTests" name="test17" time="0.0010">
    <failure message="Test 17 faild.With signature:public void MethodForTest() {" type="junit.framework.AssertionFailedError">junit.framework.AssertionFailedError: Test 17 faild.With signature:public void MethodForTest() {
	at com.topcoder.umltool.deploy.codegen.test.CTests.test17(CTests.java:321)
	at junit.extensions.TestDecorator.basicRun(TestDecorator.java:24)
	at junit.extensions.TestSetup$1.protect(TestSetup.java:21)
	at junit.extensions.TestSetup.run(TestSetup.java:25)
	at junit.extensions.TestDecorator.basicRun(TestDecorator.java:24)
	at junit.extensions.TestSetup$1.protect(TestSetup.java:21)
	at junit.extensions.TestSetup.run(TestSetup.java:25)
</failure>
  </testcase>
  <testcase classname="com.topcoder.umltool.deploy.codegen.test.CTests" name="test18" time="0.0020">
    <failure message="Test 18 faild.With context:/// &lt;exception&gt;" type="junit.framework.AssertionFailedError">junit.framework.AssertionFailedError: Test 18 faild.With context:/// &lt;exception&gt;
	at com.topcoder.umltool.deploy.codegen.test.CTests.test18(CTests.java:338)
	at junit.extensions.TestDecorator.basicRun(TestDecorator.java:24)
	at junit.extensions.TestSetup$1.protect(TestSetup.java:21)
	at junit.extensions.TestSetup.run(TestSetup.java:25)
	at junit.extensions.TestDecorator.basicRun(TestDecorator.java:24)
	at junit.extensions.TestSetup$1.protect(TestSetup.java:21)
	at junit.extensions.TestSetup.run(TestSetup.java:25)
</failure>
  </testcase>
  <testcase classname="com.topcoder.umltool.deploy.codegen.test.CTests" name="test19" time="0.0040">
    <failure message="Test 19 faild.With signature:/// &lt;returns&gt;
/// return documentz
/// &lt;/returns&gt;
" type="junit.framework.AssertionFailedError">junit.framework.AssertionFailedError: Test 19 faild.With signature:/// &lt;returns&gt;
/// return documentz
/// &lt;/returns&gt;

	at com.topcoder.umltool.deploy.codegen.test.CTests.test19(CTests.java:362)
	at junit.extensions.TestDecorator.basicRun(TestDecorator.java:24)
	at junit.extensions.TestSetup$1.protect(TestSetup.java:21)
	at junit.extensions.TestSetup.run(TestSetup.java:25)
	at junit.extensions.TestDecorator.basicRun(TestDecorator.java:24)
	at junit.extensions.TestSetup$1.protect(TestSetup.java:21)
	at junit.extensions.TestSetup.run(TestSetup.java:25)
</failure>
  </testcase>
  <testcase classname="com.topcoder.umltool.deploy.codegen.test.CTests" name="test20" time="0.0010">
    <failure message="Test 20 faild. with signature:public Class_20() {" type="junit.framework.AssertionFailedError">junit.framework.AssertionFailedError: Test 20 faild. with signature:public Class_20() {
	at com.topcoder.umltool.deploy.codegen.test.CTests.checkSignatureWithBraces(CTests.java:67)
	at com.topcoder.umltool.deploy.codegen.test.CTests.test20(CTests.java:374)
	at junit.extensions.TestDecorator.basicRun(TestDecorator.java:24)
	at junit.extensions.TestSetup$1.protect(TestSetup.java:21)
	at junit.extensions.TestSetup.run(TestSetup.java:25)
	at junit.extensions.TestDecorator.basicRun(TestDecorator.java:24)
	at junit.extensions.TestSetup$1.protect(TestSetup.java:21)
	at junit.extensions.TestSetup.run(TestSetup.java:25)
</failure>
  </testcase>
  <testcase classname="com.topcoder.umltool.deploy.codegen.test.CTests" name="test21" time="0.0020">
    <failure message="Test 21 faild. with signature:public void method1() {" type="junit.framework.AssertionFailedError">junit.framework.AssertionFailedError: Test 21 faild. with signature:public void method1() {
	at com.topcoder.umltool.deploy.codegen.test.CTests.checkSignatureWithBraces(CTests.java:67)
	at com.topcoder.umltool.deploy.codegen.test.CTests.test21(CTests.java:386)
	at junit.extensions.TestDecorator.basicRun(TestDecorator.java:24)
	at junit.extensions.TestSetup$1.protect(TestSetup.java:21)
	at junit.extensions.TestSetup.run(TestSetup.java:25)
	at junit.extensions.TestDecorator.basicRun(TestDecorator.java:24)
	at junit.extensions.TestSetup$1.protect(TestSetup.java:21)
	at junit.extensions.TestSetup.run(TestSetup.java:25)
</failure>
  </testcase>
  <testcase classname="com.topcoder.umltool.deploy.codegen.test.CTests" name="test22" time="0.0010">
    <failure message="Test 22 faild. with signature:public string method1() {" type="junit.framework.AssertionFailedError">junit.framework.AssertionFailedError: Test 22 faild. with signature:public string method1() {
	at com.topcoder.umltool.deploy.codegen.test.CTests.checkSignatureWithBraces(CTests.java:67)
	at com.topcoder.umltool.deploy.codegen.test.CTests.test22(CTests.java:398)
	at junit.extensions.TestDecorator.basicRun(TestDecorator.java:24)
	at junit.extensions.TestSetup$1.protect(TestSetup.java:21)
	at junit.extensions.TestSetup.run(TestSetup.java:25)
	at junit.extensions.TestDecorator.basicRun(TestDecorator.java:24)
	at junit.extensions.TestSetup$1.protect(TestSetup.java:21)
	at junit.extensions.TestSetup.run(TestSetup.java:25)
</failure>
  </testcase>
  <testcase classname="com.topcoder.umltool.deploy.codegen.test.CTests" name="test23" time="0.0010">
    <failure message="Test 23 faild. with signature:public static void method1() {" type="junit.framework.AssertionFailedError">junit.framework.AssertionFailedError: Test 23 faild. with signature:public static void method1() {
	at com.topcoder.umltool.deploy.codegen.test.CTests.checkSignatureWithBraces(CTests.java:67)
	at com.topcoder.umltool.deploy.codegen.test.CTests.test23(CTests.java:410)
	at junit.extensions.TestDecorator.basicRun(TestDecorator.java:24)
	at junit.extensions.TestSetup$1.protect(TestSetup.java:21)
	at junit.extensions.TestSetup.run(TestSetup.java:25)
	at junit.extensions.TestDecorator.basicRun(TestDecorator.java:24)
	at junit.extensions.TestSetup$1.protect(TestSetup.java:21)
	at junit.extensions.TestSetup.run(TestSetup.java:25)
</failure>
  </testcase>
  <testcase classname="com.topcoder.umltool.deploy.codegen.test.CTests" name="test24" time="0.0010">
    <failure message="Test 24 faild. with signature:public abstract void method1();" type="junit.framework.AssertionFailedError">junit.framework.AssertionFailedError: Test 24 faild. with signature:public abstract void method1();
	at com.topcoder.umltool.deploy.codegen.test.CTests.checkSignature(CTests.java:86)
	at com.topcoder.umltool.deploy.codegen.test.CTests.test24(CTests.java:422)
	at junit.extensions.TestDecorator.basicRun(TestDecorator.java:24)
	at junit.extensions.TestSetup$1.protect(TestSetup.java:21)
	at junit.extensions.TestSetup.run(TestSetup.java:25)
	at junit.extensions.TestDecorator.basicRun(TestDecorator.java:24)
	at junit.extensions.TestSetup$1.protect(TestSetup.java:21)
	at junit.extensions.TestSetup.run(TestSetup.java:25)
</failure>
  </testcase>
  <testcase classname="com.topcoder.umltool.deploy.codegen.test.CTests" name="test25" time="0.0020">
    <failure message="Test 25 faild. with signature:public void method1(int a, string b, double c) {" type="junit.framework.AssertionFailedError">junit.framework.AssertionFailedError: Test 25 faild. with signature:public void method1(int a, string b, double c) {
	at com.topcoder.umltool.deploy.codegen.test.CTests.checkSignatureWithBraces(CTests.java:67)
	at com.topcoder.umltool.deploy.codegen.test.CTests.test25(CTests.java:435)
	at junit.extensions.TestDecorator.basicRun(TestDecorator.java:24)
	at junit.extensions.TestSetup$1.protect(TestSetup.java:21)
	at junit.extensions.TestSetup.run(TestSetup.java:25)
	at junit.extensions.TestDecorator.basicRun(TestDecorator.java:24)
	at junit.extensions.TestSetup$1.protect(TestSetup.java:21)
	at junit.extensions.TestSetup.run(TestSetup.java:25)
</failure>
  </testcase>
  <testcase classname="com.topcoder.umltool.deploy.codegen.test.CTests" name="test26" time="0.0020">
    <failure message="Test 26 faild. with signature:public override void method1() {" type="junit.framework.AssertionFailedError">junit.framework.AssertionFailedError: Test 26 faild. with signature:public override void method1() {
	at com.topcoder.umltool.deploy.codegen.test.CTests.checkSignatureWithBraces(CTests.java:67)
	at com.topcoder.umltool.deploy.codegen.test.CTests.test26(CTests.java:447)
	at junit.extensions.TestDecorator.basicRun(TestDecorator.java:24)
	at junit.extensions.TestSetup$1.protect(TestSetup.java:21)
	at junit.extensions.TestSetup.run(TestSetup.java:25)
	at junit.extensions.TestDecorator.basicRun(TestDecorator.java:24)
	at junit.extensions.TestSetup$1.protect(TestSetup.java:21)
	at junit.extensions.TestSetup.run(TestSetup.java:25)
</failure>
  </testcase>
  <testcase classname="com.topcoder.umltool.deploy.codegen.test.CTests" name="test27" time="0.0020">
    <failure message="Test 27 faild. with signature:~Class_27() {" type="junit.framework.AssertionFailedError">junit.framework.AssertionFailedError: Test 27 faild. with signature:~Class_27() {
	at com.topcoder.umltool.deploy.codegen.test.CTests.checkSignatureWithBraces(CTests.java:67)
	at com.topcoder.umltool.deploy.codegen.test.CTests.test27(CTests.java:459)
	at junit.extensions.TestDecorator.basicRun(TestDecorator.java:24)
	at junit.extensions.TestSetup$1.protect(TestSetup.java:21)
	at junit.extensions.TestSetup.run(TestSetup.java:25)
	at junit.extensions.TestDecorator.basicRun(TestDecorator.java:24)
	at junit.extensions.TestSetup$1.protect(TestSetup.java:21)
	at junit.extensions.TestSetup.run(TestSetup.java:25)
</failure>
  </testcase>
  <testcase classname="com.topcoder.umltool.deploy.codegen.test.CTests" name="test28" time="0.0010">
    <failure message="Test 28 failed.With context:/// property document" type="junit.framework.AssertionFailedError">junit.framework.AssertionFailedError: Test 28 failed.With context:/// property document
	at com.topcoder.umltool.deploy.codegen.test.CTests.test28(CTests.java:472)
	at junit.extensions.TestDecorator.basicRun(TestDecorator.java:24)
	at junit.extensions.TestSetup$1.protect(TestSetup.java:21)
	at junit.extensions.TestSetup.run(TestSetup.java:25)
	at junit.extensions.TestDecorator.basicRun(TestDecorator.java:24)
	at junit.extensions.TestSetup$1.protect(TestSetup.java:21)
	at junit.extensions.TestSetup.run(TestSetup.java:25)
</failure>
  </testcase>
  <testcase classname="com.topcoder.umltool.deploy.codegen.test.CTests" name="test29" time="0.0010">
    <failure message="Test 29 faild. with signature:private String Name{
set{}
get{
return null;
}
}" type="junit.framework.AssertionFailedError">junit.framework.AssertionFailedError: Test 29 faild. with signature:private String Name{
set{}
get{
return null;
}
}
	at com.topcoder.umltool.deploy.codegen.test.CTests.checkSignatureWithBraces(CTests.java:67)
	at com.topcoder.umltool.deploy.codegen.test.CTests.test29(CTests.java:490)
	at junit.extensions.TestDecorator.basicRun(TestDecorator.java:24)
	at junit.extensions.TestSetup$1.protect(TestSetup.java:21)
	at junit.extensions.TestSetup.run(TestSetup.java:25)
	at junit.extensions.TestDecorator.basicRun(TestDecorator.java:24)
	at junit.extensions.TestSetup$1.protect(TestSetup.java:21)
	at junit.extensions.TestSetup.run(TestSetup.java:25)
</failure>
  </testcase>
  <testcase classname="com.topcoder.umltool.deploy.codegen.test.CTests" name="test30" time="0.0010">
    <failure message="Test 30 faild. with signature:using TopCoder.WPF.KeyProviderImpl;" type="junit.framework.AssertionFailedError">junit.framework.AssertionFailedError: Test 30 faild. with signature:using TopCoder.WPF.KeyProviderImpl;
	at com.topcoder.umltool.deploy.codegen.test.CTests.checkSignature(CTests.java:86)
	at com.topcoder.umltool.deploy.codegen.test.CTests.test30(CTests.java:503)
	at junit.extensions.TestDecorator.basicRun(TestDecorator.java:24)
	at junit.extensions.TestSetup$1.protect(TestSetup.java:21)
	at junit.extensions.TestSetup.run(TestSetup.java:25)
	at junit.extensions.TestDecorator.basicRun(TestDecorator.java:24)
	at junit.extensions.TestSetup$1.protect(TestSetup.java:21)
	at junit.extensions.TestSetup.run(TestSetup.java:25)
</failure>
  </testcase>
  <testcase classname="com.topcoder.umltool.deploy.codegen.test.CTests" name="test31" time="0.0020">
    <failure message="Test 31 faild. with signature:using TopCoder.WPF.KeyProviderImpl;" type="junit.framework.AssertionFailedError">junit.framework.AssertionFailedError: Test 31 faild. with signature:using TopCoder.WPF.KeyProviderImpl;
	at com.topcoder.umltool.deploy.codegen.test.CTests.checkSignature(CTests.java:86)
	at com.topcoder.umltool.deploy.codegen.test.CTests.test31(CTests.java:515)
	at junit.extensions.TestDecorator.basicRun(TestDecorator.java:24)
	at junit.extensions.TestSetup$1.protect(TestSetup.java:21)
	at junit.extensions.TestSetup.run(TestSetup.java:25)
	at junit.extensions.TestDecorator.basicRun(TestDecorator.java:24)
	at junit.extensions.TestSetup$1.protect(TestSetup.java:21)
	at junit.extensions.TestSetup.run(TestSetup.java:25)
</failure>
  </testcase>
  <testcase classname="com.topcoder.umltool.deploy.codegen.test.CTests" name="test32" time="0.0010">
    <failure message="Test 32 faild. with signature:using TopCoder.WPF.KeyProviderImpl;" type="junit.framework.AssertionFailedError">junit.framework.AssertionFailedError: Test 32 faild. with signature:using TopCoder.WPF.KeyProviderImpl;
	at com.topcoder.umltool.deploy.codegen.test.CTests.checkSignature(CTests.java:86)
	at com.topcoder.umltool.deploy.codegen.test.CTests.test32(CTests.java:527)
	at junit.extensions.TestDecorator.basicRun(TestDecorator.java:24)
	at junit.extensions.TestSetup$1.protect(TestSetup.java:21)
	at junit.extensions.TestSetup.run(TestSetup.java:25)
	at junit.extensions.TestDecorator.basicRun(TestDecorator.java:24)
	at junit.extensions.TestSetup$1.protect(TestSetup.java:21)
	at junit.extensions.TestSetup.run(TestSetup.java:25)
</failure>
  </testcase>
  <testcase classname="com.topcoder.umltool.deploy.codegen.test.CTests" name="test33" time="0.0020">
    <failure message="Test 33 faild. with signature:public ExceptionForTest(string message) {" type="junit.framework.AssertionFailedError">junit.framework.AssertionFailedError: Test 33 faild. with signature:public ExceptionForTest(string message) {
	at com.topcoder.umltool.deploy.codegen.test.CTests.checkSignatureWithBraces(CTests.java:67)
	at com.topcoder.umltool.deploy.codegen.test.CTests.test33(CTests.java:539)
	at junit.extensions.TestDecorator.basicRun(TestDecorator.java:24)
	at junit.extensions.TestSetup$1.protect(TestSetup.java:21)
	at junit.extensions.TestSetup.run(TestSetup.java:25)
	at junit.extensions.TestDecorator.basicRun(TestDecorator.java:24)
	at junit.extensions.TestSetup$1.protect(TestSetup.java:21)
	at junit.extensions.TestSetup.run(TestSetup.java:25)
</failure>
  </testcase>
  <testcase classname="com.topcoder.umltool.deploy.codegen.test.CTests" name="test34" time="0.0010">
    <failure message="Test 34 faild. with signature:enum Day {SUNDAY, MONDAY, TUESDAY, WEDNESDAY, THURSDAY, FRIDAY, SATURDAY};" type="junit.framework.AssertionFailedError">junit.framework.AssertionFailedError: Test 34 faild. with signature:enum Day {SUNDAY, MONDAY, TUESDAY, WEDNESDAY, THURSDAY, FRIDAY, SATURDAY};
	at com.topcoder.umltool.deploy.codegen.test.CTests.checkSignature(CTests.java:86)
	at com.topcoder.umltool.deploy.codegen.test.CTests.test34(CTests.java:558)
	at junit.extensions.TestDecorator.basicRun(TestDecorator.java:24)
	at junit.extensions.TestSetup$1.protect(TestSetup.java:21)
	at junit.extensions.TestSetup.run(TestSetup.java:25)
	at junit.extensions.TestDecorator.basicRun(TestDecorator.java:24)
	at junit.extensions.TestSetup$1.protect(TestSetup.java:21)
	at junit.extensions.TestSetup.run(TestSetup.java:25)
</failure>
  </testcase>
  <testcase classname="com.topcoder.umltool.deploy.codegen.test.CTests" name="test36" time="0.0010">
    <failure message="Test 36 faild. with signature:private event SampleEventHandler SampleEvent;" type="junit.framework.AssertionFailedError">junit.framework.AssertionFailedError: Test 36 faild. with signature:private event SampleEventHandler SampleEvent;
	at com.topcoder.umltool.deploy.codegen.test.CTests.checkSignature(CTests.java:86)
	at com.topcoder.umltool.deploy.codegen.test.CTests.test36(CTests.java:570)
	at junit.extensions.TestDecorator.basicRun(TestDecorator.java:24)
	at junit.extensions.TestSetup$1.protect(TestSetup.java:21)
	at junit.extensions.TestSetup.run(TestSetup.java:25)
	at junit.extensions.TestDecorator.basicRun(TestDecorator.java:24)
	at junit.extensions.TestSetup$1.protect(TestSetup.java:21)
	at junit.extensions.TestSetup.run(TestSetup.java:25)
</failure>
  </testcase>
  <testcase classname="com.topcoder.umltool.deploy.codegen.test.CTests" name="test37" time="0.0010">
    <failure message="Test 37 faild. with signature:public T this[int i]" type="junit.framework.AssertionFailedError">junit.framework.AssertionFailedError: Test 37 faild. with signature:public T this[int i]
	at com.topcoder.umltool.deploy.codegen.test.CTests.checkSignatureWithBraces(CTests.java:67)
	at com.topcoder.umltool.deploy.codegen.test.CTests.test37(CTests.java:582)
	at junit.extensions.TestDecorator.basicRun(TestDecorator.java:24)
	at junit.extensions.TestSetup$1.protect(TestSetup.java:21)
	at junit.extensions.TestSetup.run(TestSetup.java:25)
	at junit.extensions.TestDecorator.basicRun(TestDecorator.java:24)
	at junit.extensions.TestSetup$1.protect(TestSetup.java:21)
	at junit.extensions.TestSetup.run(TestSetup.java:25)
</failure>
  </testcase>
  <testcase classname="com.topcoder.umltool.deploy.codegen.test.CTests" name="test38" time="0.0010">
    <failure message="Test 38 faild. with signature:public delegate void SampleDelegate" type="junit.framework.AssertionFailedError">junit.framework.AssertionFailedError: Test 38 faild. with signature:public delegate void SampleDelegate
	at com.topcoder.umltool.deploy.codegen.test.CTests.checkSignature(CTests.java:86)
	at com.topcoder.umltool.deploy.codegen.test.CTests.test38(CTests.java:600)
	at junit.extensions.TestDecorator.basicRun(TestDecorator.java:24)
	at junit.extensions.TestSetup$1.protect(TestSetup.java:21)
	at junit.extensions.TestSetup.run(TestSetup.java:25)
	at junit.extensions.TestDecorator.basicRun(TestDecorator.java:24)
	at junit.extensions.TestSetup$1.protect(TestSetup.java:21)
	at junit.extensions.TestSetup.run(TestSetup.java:25)
</failure>
  </testcase>
  <testcase classname="com.topcoder.umltool.deploy.codegen.test.CTests" name="test39" time="0.0020">
    <failure message="Test 39 faild. with signature:public class EnityClass{" type="junit.framework.AssertionFailedError">junit.framework.AssertionFailedError: Test 39 faild. with signature:public class EnityClass{
	at com.topcoder.umltool.deploy.codegen.test.CTests.checkSignatureWithBraces(CTests.java:67)
	at com.topcoder.umltool.deploy.codegen.test.CTests.test39(CTests.java:614)
	at junit.extensions.TestDecorator.basicRun(TestDecorator.java:24)
	at junit.extensions.TestSetup$1.protect(TestSetup.java:21)
	at junit.extensions.TestSetup.run(TestSetup.java:25)
	at junit.extensions.TestDecorator.basicRun(TestDecorator.java:24)
	at junit.extensions.TestSetup$1.protect(TestSetup.java:21)
	at junit.extensions.TestSetup.run(TestSetup.java:25)
</failure>
  </testcase>
  <testcase classname="com.topcoder.umltool.deploy.codegen.test.CTests" name="test40" time="0.0">
    <failure message="Test 40 faild. with signature:protected class EnityClass{" type="junit.framework.AssertionFailedError">junit.framework.AssertionFailedError: Test 40 faild. with signature:protected class EnityClass{
	at com.topcoder.umltool.deploy.codegen.test.CTests.checkSignatureWithBraces(CTests.java:67)
	at com.topcoder.umltool.deploy.codegen.test.CTests.test40(CTests.java:628)
	at junit.extensions.TestDecorator.basicRun(TestDecorator.java:24)
	at junit.extensions.TestSetup$1.protect(TestSetup.java:21)
	at junit.extensions.TestSetup.run(TestSetup.java:25)
	at junit.extensions.TestDecorator.basicRun(TestDecorator.java:24)
	at junit.extensions.TestSetup$1.protect(TestSetup.java:21)
	at junit.extensions.TestSetup.run(TestSetup.java:25)
</failure>
  </testcase>
  <testcase classname="com.topcoder.umltool.deploy.codegen.test.CTests" name="test41" time="0.0020">
    <failure message="Test 41 faild. with signature:class EnityClass{" type="junit.framework.AssertionFailedError">junit.framework.AssertionFailedError: Test 41 faild. with signature:class EnityClass{
	at com.topcoder.umltool.deploy.codegen.test.CTests.checkSignatureWithBraces(CTests.java:67)
	at com.topcoder.umltool.deploy.codegen.test.CTests.test41(CTests.java:642)
	at junit.extensions.TestDecorator.basicRun(TestDecorator.java:24)
	at junit.extensions.TestSetup$1.protect(TestSetup.java:21)
	at junit.extensions.TestSetup.run(TestSetup.java:25)
	at junit.extensions.TestDecorator.basicRun(TestDecorator.java:24)
	at junit.extensions.TestSetup$1.protect(TestSetup.java:21)
	at junit.extensions.TestSetup.run(TestSetup.java:25)
</failure>
  </testcase>
  <testcase classname="com.topcoder.umltool.deploy.codegen.test.CTests" name="test42" time="0.0010">
    <failure message="Test 42 faild. with signature:private class EnityClass{" type="junit.framework.AssertionFailedError">junit.framework.AssertionFailedError: Test 42 faild. with signature:private class EnityClass{
	at com.topcoder.umltool.deploy.codegen.test.CTests.checkSignatureWithBraces(CTests.java:67)
	at com.topcoder.umltool.deploy.codegen.test.CTests.test42(CTests.java:656)
	at junit.extensions.TestDecorator.basicRun(TestDecorator.java:24)
	at junit.extensions.TestSetup$1.protect(TestSetup.java:21)
	at junit.extensions.TestSetup.run(TestSetup.java:25)
	at junit.extensions.TestDecorator.basicRun(TestDecorator.java:24)
	at junit.extensions.TestSetup$1.protect(TestSetup.java:21)
	at junit.extensions.TestSetup.run(TestSetup.java:25)
</failure>
  </testcase>
  <testcase classname="com.topcoder.umltool.deploy.codegen.test.CTests" name="test43" time="0.0010">
    <failure message="Test 43 faild. with signature:public abstract class EnityClass{" type="junit.framework.AssertionFailedError">junit.framework.AssertionFailedError: Test 43 faild. with signature:public abstract class EnityClass{
	at com.topcoder.umltool.deploy.codegen.test.CTests.checkSignatureWithBraces(CTests.java:67)
	at com.topcoder.umltool.deploy.codegen.test.CTests.test43(CTests.java:669)
	at junit.extensions.TestDecorator.basicRun(TestDecorator.java:24)
	at junit.extensions.TestSetup$1.protect(TestSetup.java:21)
	at junit.extensions.TestSetup.run(TestSetup.java:25)
	at junit.extensions.TestDecorator.basicRun(TestDecorator.java:24)
	at junit.extensions.TestSetup$1.protect(TestSetup.java:21)
	at junit.extensions.TestSetup.run(TestSetup.java:25)
</failure>
  </testcase>
  <testcase classname="com.topcoder.umltool.deploy.codegen.test.CTests" name="test44" time="0.0010">
    <failure message="Test 44 faild. with signature:public sealed class EnityClass{" type="junit.framework.AssertionFailedError">junit.framework.AssertionFailedError: Test 44 faild. with signature:public sealed class EnityClass{
	at com.topcoder.umltool.deploy.codegen.test.CTests.checkSignatureWithBraces(CTests.java:67)
	at com.topcoder.umltool.deploy.codegen.test.CTests.test44(CTests.java:682)
	at junit.extensions.TestDecorator.basicRun(TestDecorator.java:24)
	at junit.extensions.TestSetup$1.protect(TestSetup.java:21)
	at junit.extensions.TestSetup.run(TestSetup.java:25)
	at junit.extensions.TestDecorator.basicRun(TestDecorator.java:24)
	at junit.extensions.TestSetup$1.protect(TestSetup.java:21)
	at junit.extensions.TestSetup.run(TestSetup.java:25)
</failure>
  </testcase>
  <testcase classname="com.topcoder.umltool.deploy.codegen.test.CTests" name="test45" time="0.0010">
    <failure message="Test 45 faild. with signature:public static class EnityClass{" type="junit.framework.AssertionFailedError">junit.framework.AssertionFailedError: Test 45 faild. with signature:public static class EnityClass{
	at com.topcoder.umltool.deploy.codegen.test.CTests.checkSignatureWithBraces(CTests.java:67)
	at com.topcoder.umltool.deploy.codegen.test.CTests.test45(CTests.java:695)
	at junit.extensions.TestDecorator.basicRun(TestDecorator.java:24)
	at junit.extensions.TestSetup$1.protect(TestSetup.java:21)
	at junit.extensions.TestSetup.run(TestSetup.java:25)
	at junit.extensions.TestDecorator.basicRun(TestDecorator.java:24)
	at junit.extensions.TestSetup$1.protect(TestSetup.java:21)
	at junit.extensions.TestSetup.run(TestSetup.java:25)
</failure>
  </testcase>
  <testcase classname="com.topcoder.umltool.deploy.codegen.test.CTests" name="test46" time="0.0010">
    <failure message="Test 46 faild. with signature:public static sealed class EnityClass{" type="junit.framework.AssertionFailedError">junit.framework.AssertionFailedError: Test 46 faild. with signature:public static sealed class EnityClass{
	at com.topcoder.umltool.deploy.codegen.test.CTests.checkSignatureWithBraces(CTests.java:67)
	at com.topcoder.umltool.deploy.codegen.test.CTests.test46(CTests.java:708)
	at junit.extensions.TestDecorator.basicRun(TestDecorator.java:24)
	at junit.extensions.TestSetup$1.protect(TestSetup.java:21)
	at junit.extensions.TestSetup.run(TestSetup.java:25)
	at junit.extensions.TestDecorator.basicRun(TestDecorator.java:24)
	at junit.extensions.TestSetup$1.protect(TestSetup.java:21)
	at junit.extensions.TestSetup.run(TestSetup.java:25)
</failure>
  </testcase>
  <testcase classname="com.topcoder.umltool.deploy.codegen.test.CTests" name="test47" time="0.0010">
    <failure message="Test 47 faild. with signature:protected abstract class EnityClass{" type="junit.framework.AssertionFailedError">junit.framework.AssertionFailedError: Test 47 faild. with signature:protected abstract class EnityClass{
	at com.topcoder.umltool.deploy.codegen.test.CTests.checkSignatureWithBraces(CTests.java:67)
	at com.topcoder.umltool.deploy.codegen.test.CTests.test47(CTests.java:721)
	at junit.extensions.TestDecorator.basicRun(TestDecorator.java:24)
	at junit.extensions.TestSetup$1.protect(TestSetup.java:21)
	at junit.extensions.TestSetup.run(TestSetup.java:25)
	at junit.extensions.TestDecorator.basicRun(TestDecorator.java:24)
	at junit.extensions.TestSetup$1.protect(TestSetup.java:21)
	at junit.extensions.TestSetup.run(TestSetup.java:25)
</failure>
  </testcase>
  <testcase classname="com.topcoder.umltool.deploy.codegen.test.CTests" name="test48" time="0.0020">
    <failure message="Test 48 faild. with signature:protected sealed class EnityClass{" type="junit.framework.AssertionFailedError">junit.framework.AssertionFailedError: Test 48 faild. with signature:protected sealed class EnityClass{
	at com.topcoder.umltool.deploy.codegen.test.CTests.checkSignatureWithBraces(CTests.java:67)
	at com.topcoder.umltool.deploy.codegen.test.CTests.test48(CTests.java:734)
	at junit.extensions.TestDecorator.basicRun(TestDecorator.java:24)
	at junit.extensions.TestSetup$1.protect(TestSetup.java:21)
	at junit.extensions.TestSetup.run(TestSetup.java:25)
	at junit.extensions.TestDecorator.basicRun(TestDecorator.java:24)
	at junit.extensions.TestSetup$1.protect(TestSetup.java:21)
	at junit.extensions.TestSetup.run(TestSetup.java:25)
</failure>
  </testcase>
  <testcase classname="com.topcoder.umltool.deploy.codegen.test.CTests" name="test49" time="0.0020">
    <failure message="Test 49 faild. with signature:protected class EnityClass{" type="junit.framework.AssertionFailedError">junit.framework.AssertionFailedError: Test 49 faild. with signature:protected class EnityClass{
	at com.topcoder.umltool.deploy.codegen.test.CTests.checkSignatureWithBraces(CTests.java:67)
	at com.topcoder.umltool.deploy.codegen.test.CTests.test49(CTests.java:747)
	at junit.extensions.TestDecorator.basicRun(TestDecorator.java:24)
	at junit.extensions.TestSetup$1.protect(TestSetup.java:21)
	at junit.extensions.TestSetup.run(TestSetup.java:25)
	at junit.extensions.TestDecorator.basicRun(TestDecorator.java:24)
	at junit.extensions.TestSetup$1.protect(TestSetup.java:21)
	at junit.extensions.TestSetup.run(TestSetup.java:25)
</failure>
  </testcase>
  <testcase classname="com.topcoder.umltool.deploy.codegen.test.CTests" name="test50" time="0.0020">
    <failure message="Test 50 faild. with signature:protected sealed class EnityClass{" type="junit.framework.AssertionFailedError">junit.framework.AssertionFailedError: Test 50 faild. with signature:protected sealed class EnityClass{
	at com.topcoder.umltool.deploy.codegen.test.CTests.checkSignatureWithBraces(CTests.java:67)
	at com.topcoder.umltool.deploy.codegen.test.CTests.test50(CTests.java:760)
	at junit.extensions.TestDecorator.basicRun(TestDecorator.java:24)
	at junit.extensions.TestSetup$1.protect(TestSetup.java:21)
	at junit.extensions.TestSetup.run(TestSetup.java:25)
	at junit.extensions.TestDecorator.basicRun(TestDecorator.java:24)
	at junit.extensions.TestSetup$1.protect(TestSetup.java:21)
	at junit.extensions.TestSetup.run(TestSetup.java:25)
</failure>
  </testcase>
  <testcase classname="com.topcoder.umltool.deploy.codegen.test.CTests" name="test51" time="0.0">
    <failure message="Test 51 faild. with signature:abstract class EnityClass{" type="junit.framework.AssertionFailedError">junit.framework.AssertionFailedError: Test 51 faild. with signature:abstract class EnityClass{
	at com.topcoder.umltool.deploy.codegen.test.CTests.checkSignatureWithBraces(CTests.java:67)
	at com.topcoder.umltool.deploy.codegen.test.CTests.test51(CTests.java:773)
	at junit.extensions.TestDecorator.basicRun(TestDecorator.java:24)
	at junit.extensions.TestSetup$1.protect(TestSetup.java:21)
	at junit.extensions.TestSetup.run(TestSetup.java:25)
	at junit.extensions.TestDecorator.basicRun(TestDecorator.java:24)
	at junit.extensions.TestSetup$1.protect(TestSetup.java:21)
	at junit.extensions.TestSetup.run(TestSetup.java:25)
</failure>
  </testcase>
  <testcase classname="com.topcoder.umltool.deploy.codegen.test.CTests" name="test52" time="0.0020">
    <failure message="Test 52 faild. with signature:sealed class EnityClass{" type="junit.framework.AssertionFailedError">junit.framework.AssertionFailedError: Test 52 faild. with signature:sealed class EnityClass{
	at com.topcoder.umltool.deploy.codegen.test.CTests.checkSignatureWithBraces(CTests.java:67)
	at com.topcoder.umltool.deploy.codegen.test.CTests.test52(CTests.java:786)
	at junit.extensions.TestDecorator.basicRun(TestDecorator.java:24)
	at junit.extensions.TestSetup$1.protect(TestSetup.java:21)
	at junit.extensions.TestSetup.run(TestSetup.java:25)
	at junit.extensions.TestDecorator.basicRun(TestDecorator.java:24)
	at junit.extensions.TestSetup$1.protect(TestSetup.java:21)
	at junit.extensions.TestSetup.run(TestSetup.java:25)
</failure>
  </testcase>
  <testcase classname="com.topcoder.umltool.deploy.codegen.test.CTests" name="test53" time="0.0020">
    <failure message="Test 53 faild. with signature:private abstract class EnityClass{" type="junit.framework.AssertionFailedError">junit.framework.AssertionFailedError: Test 53 faild. with signature:private abstract class EnityClass{
	at com.topcoder.umltool.deploy.codegen.test.CTests.checkSignatureWithBraces(CTests.java:67)
	at com.topcoder.umltool.deploy.codegen.test.CTests.test53(CTests.java:799)
	at junit.extensions.TestDecorator.basicRun(TestDecorator.java:24)
	at junit.extensions.TestSetup$1.protect(TestSetup.java:21)
	at junit.extensions.TestSetup.run(TestSetup.java:25)
	at junit.extensions.TestDecorator.basicRun(TestDecorator.java:24)
	at junit.extensions.TestSetup$1.protect(TestSetup.java:21)
	at junit.extensions.TestSetup.run(TestSetup.java:25)
</failure>
  </testcase>
  <testcase classname="com.topcoder.umltool.deploy.codegen.test.CTests" name="test54" time="0.0020">
    <failure message="Test 54 faild. with signature:private sealed class EnityClass{" type="junit.framework.AssertionFailedError">junit.framework.AssertionFailedError: Test 54 faild. with signature:private sealed class EnityClass{
	at com.topcoder.umltool.deploy.codegen.test.CTests.checkSignatureWithBraces(CTests.java:67)
	at com.topcoder.umltool.deploy.codegen.test.CTests.test54(CTests.java:812)
	at junit.extensions.TestDecorator.basicRun(TestDecorator.java:24)
	at junit.extensions.TestSetup$1.protect(TestSetup.java:21)
	at junit.extensions.TestSetup.run(TestSetup.java:25)
	at junit.extensions.TestDecorator.basicRun(TestDecorator.java:24)
	at junit.extensions.TestSetup$1.protect(TestSetup.java:21)
	at junit.extensions.TestSetup.run(TestSetup.java:25)
</failure>
  </testcase>
  <testcase classname="com.topcoder.umltool.deploy.codegen.test.CTests" name="test55" time="0.0010">
    <failure message="Test 55 faild. with signature:public int AttributeForTest;" type="junit.framework.AssertionFailedError">junit.framework.AssertionFailedError: Test 55 faild. with signature:public int AttributeForTest;
	at com.topcoder.umltool.deploy.codegen.test.CTests.checkSignature(CTests.java:86)
	at com.topcoder.umltool.deploy.codegen.test.CTests.test55(CTests.java:825)
	at junit.extensions.TestDecorator.basicRun(TestDecorator.java:24)
	at junit.extensions.TestSetup$1.protect(TestSetup.java:21)
	at junit.extensions.TestSetup.run(TestSetup.java:25)
	at junit.extensions.TestDecorator.basicRun(TestDecorator.java:24)
	at junit.extensions.TestSetup$1.protect(TestSetup.java:21)
	at junit.extensions.TestSetup.run(TestSetup.java:25)
</failure>
  </testcase>
  <testcase classname="com.topcoder.umltool.deploy.codegen.test.CTests" name="test56" time="0.0010">
    <failure message="Test 56 faild. with signature:public const int AttributeForTest;" type="junit.framework.AssertionFailedError">junit.framework.AssertionFailedError: Test 56 faild. with signature:public const int AttributeForTest;
	at com.topcoder.umltool.deploy.codegen.test.CTests.checkSignature(CTests.java:86)
	at com.topcoder.umltool.deploy.codegen.test.CTests.test56(CTests.java:838)
	at junit.extensions.TestDecorator.basicRun(TestDecorator.java:24)
	at junit.extensions.TestSetup$1.protect(TestSetup.java:21)
	at junit.extensions.TestSetup.run(TestSetup.java:25)
	at junit.extensions.TestDecorator.basicRun(TestDecorator.java:24)
	at junit.extensions.TestSetup$1.protect(TestSetup.java:21)
	at junit.extensions.TestSetup.run(TestSetup.java:25)
</failure>
  </testcase>
  <testcase classname="com.topcoder.umltool.deploy.codegen.test.CTests" name="test57" time="0.0010">
    <failure message="Test 57 faild. with signature:protected int AttributeForTest;" type="junit.framework.AssertionFailedError">junit.framework.AssertionFailedError: Test 57 faild. with signature:protected int AttributeForTest;
	at com.topcoder.umltool.deploy.codegen.test.CTests.checkSignature(CTests.java:86)
	at com.topcoder.umltool.deploy.codegen.test.CTests.test57(CTests.java:852)
	at junit.extensions.TestDecorator.basicRun(TestDecorator.java:24)
	at junit.extensions.TestSetup$1.protect(TestSetup.java:21)
	at junit.extensions.TestSetup.run(TestSetup.java:25)
	at junit.extensions.TestDecorator.basicRun(TestDecorator.java:24)
	at junit.extensions.TestSetup$1.protect(TestSetup.java:21)
	at junit.extensions.TestSetup.run(TestSetup.java:25)
</failure>
  </testcase>
  <testcase classname="com.topcoder.umltool.deploy.codegen.test.CTests" name="test58" time="0.0010">
    <failure message="Test 58 faild. with signature:protected const int AttributeForTest;" type="junit.framework.AssertionFailedError">junit.framework.AssertionFailedError: Test 58 faild. with signature:protected const int AttributeForTest;
	at com.topcoder.umltool.deploy.codegen.test.CTests.checkSignature(CTests.java:86)
	at com.topcoder.umltool.deploy.codegen.test.CTests.test58(CTests.java:865)
	at junit.extensions.TestDecorator.basicRun(TestDecorator.java:24)
	at junit.extensions.TestSetup$1.protect(TestSetup.java:21)
	at junit.extensions.TestSetup.run(TestSetup.java:25)
	at junit.extensions.TestDecorator.basicRun(TestDecorator.java:24)
	at junit.extensions.TestSetup$1.protect(TestSetup.java:21)
	at junit.extensions.TestSetup.run(TestSetup.java:25)
</failure>
  </testcase>
  <testcase classname="com.topcoder.umltool.deploy.codegen.test.CTests" name="test59" time="0.0010">
    <failure message="Test 59 faild. with signature:int AttributeForTest;" type="junit.framework.AssertionFailedError">junit.framework.AssertionFailedError: Test 59 faild. with signature:int AttributeForTest;
	at com.topcoder.umltool.deploy.codegen.test.CTests.checkSignature(CTests.java:86)
	at com.topcoder.umltool.deploy.codegen.test.CTests.test59(CTests.java:878)
	at junit.extensions.TestDecorator.basicRun(TestDecorator.java:24)
	at junit.extensions.TestSetup$1.protect(TestSetup.java:21)
	at junit.extensions.TestSetup.run(TestSetup.java:25)
	at junit.extensions.TestDecorator.basicRun(TestDecorator.java:24)
	at junit.extensions.TestSetup$1.protect(TestSetup.java:21)
	at junit.extensions.TestSetup.run(TestSetup.java:25)
</failure>
  </testcase>
  <testcase classname="com.topcoder.umltool.deploy.codegen.test.CTests" name="test60" time="0.0010">
    <failure message="Test 60 faild. with signature:const int AttributeForTest;" type="junit.framework.AssertionFailedError">junit.framework.AssertionFailedError: Test 60 faild. with signature:const int AttributeForTest;
	at com.topcoder.umltool.deploy.codegen.test.CTests.checkSignature(CTests.java:86)
	at com.topcoder.umltool.deploy.codegen.test.CTests.test60(CTests.java:891)
	at junit.extensions.TestDecorator.basicRun(TestDecorator.java:24)
	at junit.extensions.TestSetup$1.protect(TestSetup.java:21)
	at junit.extensions.TestSetup.run(TestSetup.java:25)
	at junit.extensions.TestDecorator.basicRun(TestDecorator.java:24)
	at junit.extensions.TestSetup$1.protect(TestSetup.java:21)
	at junit.extensions.TestSetup.run(TestSetup.java:25)
</failure>
  </testcase>
  <testcase classname="com.topcoder.umltool.deploy.codegen.test.CTests" name="test61" time="0.0010">
    <failure message="Test 61 faild. with signature:private int AttributeForTest;" type="junit.framework.AssertionFailedError">junit.framework.AssertionFailedError: Test 61 faild. with signature:private int AttributeForTest;
	at com.topcoder.umltool.deploy.codegen.test.CTests.checkSignature(CTests.java:86)
	at com.topcoder.umltool.deploy.codegen.test.CTests.test61(CTests.java:904)
	at junit.extensions.TestDecorator.basicRun(TestDecorator.java:24)
	at junit.extensions.TestSetup$1.protect(TestSetup.java:21)
	at junit.extensions.TestSetup.run(TestSetup.java:25)
	at junit.extensions.TestDecorator.basicRun(TestDecorator.java:24)
	at junit.extensions.TestSetup$1.protect(TestSetup.java:21)
	at junit.extensions.TestSetup.run(TestSetup.java:25)
</failure>
  </testcase>
  <testcase classname="com.topcoder.umltool.deploy.codegen.test.CTests" name="test62" time="0.0020">
    <failure message="Test 62 faild. with signature:private const int AttributeForTest;" type="junit.framework.AssertionFailedError">junit.framework.AssertionFailedError: Test 62 faild. with signature:private const int AttributeForTest;
	at com.topcoder.umltool.deploy.codegen.test.CTests.checkSignature(CTests.java:86)
	at com.topcoder.umltool.deploy.codegen.test.CTests.test62(CTests.java:917)
	at junit.extensions.TestDecorator.basicRun(TestDecorator.java:24)
	at junit.extensions.TestSetup$1.protect(TestSetup.java:21)
	at junit.extensions.TestSetup.run(TestSetup.java:25)
	at junit.extensions.TestDecorator.basicRun(TestDecorator.java:24)
	at junit.extensions.TestSetup$1.protect(TestSetup.java:21)
	at junit.extensions.TestSetup.run(TestSetup.java:25)
</failure>
  </testcase>
  <testcase classname="com.topcoder.umltool.deploy.codegen.test.CTests" name="test63" time="0.0010">
    <failure message="Test 63 faild. with signature:public static int AttributeForTest;" type="junit.framework.AssertionFailedError">junit.framework.AssertionFailedError: Test 63 faild. with signature:public static int AttributeForTest;
	at com.topcoder.umltool.deploy.codegen.test.CTests.checkSignature(CTests.java:86)
	at com.topcoder.umltool.deploy.codegen.test.CTests.test63(CTests.java:930)
	at junit.extensions.TestDecorator.basicRun(TestDecorator.java:24)
	at junit.extensions.TestSetup$1.protect(TestSetup.java:21)
	at junit.extensions.TestSetup.run(TestSetup.java:25)
	at junit.extensions.TestDecorator.basicRun(TestDecorator.java:24)
	at junit.extensions.TestSetup$1.protect(TestSetup.java:21)
	at junit.extensions.TestSetup.run(TestSetup.java:25)
</failure>
  </testcase>
  <testcase classname="com.topcoder.umltool.deploy.codegen.test.CTests" name="test64" time="0.0010">
    <failure message="Test 64 faild. with signature:public int AttributeForTest;" type="junit.framework.AssertionFailedError">junit.framework.AssertionFailedError: Test 64 faild. with signature:public int AttributeForTest;
	at com.topcoder.umltool.deploy.codegen.test.CTests.checkSignature(CTests.java:86)
	at com.topcoder.umltool.deploy.codegen.test.CTests.test64(CTests.java:944)
	at junit.extensions.TestDecorator.basicRun(TestDecorator.java:24)
	at junit.extensions.TestSetup$1.protect(TestSetup.java:21)
	at junit.extensions.TestSetup.run(TestSetup.java:25)
	at junit.extensions.TestDecorator.basicRun(TestDecorator.java:24)
	at junit.extensions.TestSetup$1.protect(TestSetup.java:21)
	at junit.extensions.TestSetup.run(TestSetup.java:25)
</failure>
  </testcase>
  <testcase classname="com.topcoder.umltool.deploy.codegen.test.CTests" name="test65" time="0.0020">
    <failure message="Test 65 faild. with signature:public static const int AttributeForTest;" type="junit.framework.AssertionFailedError">junit.framework.AssertionFailedError: Test 65 faild. with signature:public static const int AttributeForTest;
	at com.topcoder.umltool.deploy.codegen.test.CTests.checkSignature(CTests.java:86)
	at com.topcoder.umltool.deploy.codegen.test.CTests.test65(CTests.java:957)
	at junit.extensions.TestDecorator.basicRun(TestDecorator.java:24)
	at junit.extensions.TestSetup$1.protect(TestSetup.java:21)
	at junit.extensions.TestSetup.run(TestSetup.java:25)
	at junit.extensions.TestDecorator.basicRun(TestDecorator.java:24)
	at junit.extensions.TestSetup$1.protect(TestSetup.java:21)
	at junit.extensions.TestSetup.run(TestSetup.java:25)
</failure>
  </testcase>
  <testcase classname="com.topcoder.umltool.deploy.codegen.test.CTests" name="test66" time="0.0020">
    <failure message="Test 66 faild. with signature:public const int AttributeForTest;" type="junit.framework.AssertionFailedError">junit.framework.AssertionFailedError: Test 66 faild. with signature:public const int AttributeForTest;
	at com.topcoder.umltool.deploy.codegen.test.CTests.checkSignature(CTests.java:86)
	at com.topcoder.umltool.deploy.codegen.test.CTests.test66(CTests.java:970)
	at junit.extensions.TestDecorator.basicRun(TestDecorator.java:24)
	at junit.extensions.TestSetup$1.protect(TestSetup.java:21)
	at junit.extensions.TestSetup.run(TestSetup.java:25)
	at junit.extensions.TestDecorator.basicRun(TestDecorator.java:24)
	at junit.extensions.TestSetup$1.protect(TestSetup.java:21)
	at junit.extensions.TestSetup.run(TestSetup.java:25)
</failure>
  </testcase>
  <testcase classname="com.topcoder.umltool.deploy.codegen.test.CTests" name="test67" time="0.0020">
    <failure message="Test 67 faild. with signature:protected static int AttributeForTest;" type="junit.framework.AssertionFailedError">junit.framework.AssertionFailedError: Test 67 faild. with signature:protected static int AttributeForTest;
	at com.topcoder.umltool.deploy.codegen.test.CTests.checkSignature(CTests.java:86)
	at com.topcoder.umltool.deploy.codegen.test.CTests.test67(CTests.java:984)
	at junit.extensions.TestDecorator.basicRun(TestDecorator.java:24)
	at junit.extensions.TestSetup$1.protect(TestSetup.java:21)
	at junit.extensions.TestSetup.run(TestSetup.java:25)
	at junit.extensions.TestDecorator.basicRun(TestDecorator.java:24)
	at junit.extensions.TestSetup$1.protect(TestSetup.java:21)
	at junit.extensions.TestSetup.run(TestSetup.java:25)
</failure>
  </testcase>
  <testcase classname="com.topcoder.umltool.deploy.codegen.test.CTests" name="test68" time="0.0010">
    <failure message="Test 68 faild. with signature:protected int AttributeForTest;" type="junit.framework.AssertionFailedError">junit.framework.AssertionFailedError: Test 68 faild. with signature:protected int AttributeForTest;
	at com.topcoder.umltool.deploy.codegen.test.CTests.checkSignature(CTests.java:86)
	at com.topcoder.umltool.deploy.codegen.test.CTests.test68(CTests.java:998)
	at junit.extensions.TestDecorator.basicRun(TestDecorator.java:24)
	at junit.extensions.TestSetup$1.protect(TestSetup.java:21)
	at junit.extensions.TestSetup.run(TestSetup.java:25)
	at junit.extensions.TestDecorator.basicRun(TestDecorator.java:24)
	at junit.extensions.TestSetup$1.protect(TestSetup.java:21)
	at junit.extensions.TestSetup.run(TestSetup.java:25)
</failure>
  </testcase>
  <testcase classname="com.topcoder.umltool.deploy.codegen.test.CTests" name="test69" time="0.0010">
    <failure message="Test 69 faild. with signature:protected static const int AttributeForTest;" type="junit.framework.AssertionFailedError">junit.framework.AssertionFailedError: Test 69 faild. with signature:protected static const int AttributeForTest;
	at com.topcoder.umltool.deploy.codegen.test.CTests.checkSignature(CTests.java:86)
	at com.topcoder.umltool.deploy.codegen.test.CTests.test69(CTests.java:1011)
	at junit.extensions.TestDecorator.basicRun(TestDecorator.java:24)
	at junit.extensions.TestSetup$1.protect(TestSetup.java:21)
	at junit.extensions.TestSetup.run(TestSetup.java:25)
	at junit.extensions.TestDecorator.basicRun(TestDecorator.java:24)
	at junit.extensions.TestSetup$1.protect(TestSetup.java:21)
	at junit.extensions.TestSetup.run(TestSetup.java:25)
</failure>
  </testcase>
  <testcase classname="com.topcoder.umltool.deploy.codegen.test.CTests" name="test70" time="0.0010">
    <failure message="Test 70 faild. with signature:protected const int AttributeForTest;" type="junit.framework.AssertionFailedError">junit.framework.AssertionFailedError: Test 70 faild. with signature:protected const int AttributeForTest;
	at com.topcoder.umltool.deploy.codegen.test.CTests.checkSignature(CTests.java:86)
	at com.topcoder.umltool.deploy.codegen.test.CTests.test70(CTests.java:1025)
	at junit.extensions.TestDecorator.basicRun(TestDecorator.java:24)
	at junit.extensions.TestSetup$1.protect(TestSetup.java:21)
	at junit.extensions.TestSetup.run(TestSetup.java:25)
	at junit.extensions.TestDecorator.basicRun(TestDecorator.java:24)
	at junit.extensions.TestSetup$1.protect(TestSetup.java:21)
	at junit.extensions.TestSetup.run(TestSetup.java:25)
</failure>
  </testcase>
  <testcase classname="com.topcoder.umltool.deploy.codegen.test.CTests" name="test71" time="0.0010">
    <failure message="Test 71 faild. with signature:static int AttributeForTest;" type="junit.framework.AssertionFailedError">junit.framework.AssertionFailedError: Test 71 faild. with signature:static int AttributeForTest;
	at com.topcoder.umltool.deploy.codegen.test.CTests.checkSignature(CTests.java:86)
	at com.topcoder.umltool.deploy.codegen.test.CTests.test71(CTests.java:1039)
	at junit.extensions.TestDecorator.basicRun(TestDecorator.java:24)
	at junit.extensions.TestSetup$1.protect(TestSetup.java:21)
	at junit.extensions.TestSetup.run(TestSetup.java:25)
	at junit.extensions.TestDecorator.basicRun(TestDecorator.java:24)
	at junit.extensions.TestSetup$1.protect(TestSetup.java:21)
	at junit.extensions.TestSetup.run(TestSetup.java:25)
</failure>
  </testcase>
  <testcase classname="com.topcoder.umltool.deploy.codegen.test.CTests" name="test72" time="0.0010">
    <failure message="Test 72 faild. with signature:int AttributeForTest;" type="junit.framework.AssertionFailedError">junit.framework.AssertionFailedError: Test 72 faild. with signature:int AttributeForTest;
	at com.topcoder.umltool.deploy.codegen.test.CTests.checkSignature(CTests.java:86)
	at com.topcoder.umltool.deploy.codegen.test.CTests.test72(CTests.java:1053)
	at junit.extensions.TestDecorator.basicRun(TestDecorator.java:24)
	at junit.extensions.TestSetup$1.protect(TestSetup.java:21)
	at junit.extensions.TestSetup.run(TestSetup.java:25)
	at junit.extensions.TestDecorator.basicRun(TestDecorator.java:24)
	at junit.extensions.TestSetup$1.protect(TestSetup.java:21)
	at junit.extensions.TestSetup.run(TestSetup.java:25)
</failure>
  </testcase>
  <testcase classname="com.topcoder.umltool.deploy.codegen.test.CTests" name="test73" time="0.0">
    <failure message="Test 73 faild. with signature:static const int AttributeForTest;" type="junit.framework.AssertionFailedError">junit.framework.AssertionFailedError: Test 73 faild. with signature:static const int AttributeForTest;
	at com.topcoder.umltool.deploy.codegen.test.CTests.checkSignature(CTests.java:86)
	at com.topcoder.umltool.deploy.codegen.test.CTests.test73(CTests.java:1066)
	at junit.extensions.TestDecorator.basicRun(TestDecorator.java:24)
	at junit.extensions.TestSetup$1.protect(TestSetup.java:21)
	at junit.extensions.TestSetup.run(TestSetup.java:25)
	at junit.extensions.TestDecorator.basicRun(TestDecorator.java:24)
	at junit.extensions.TestSetup$1.protect(TestSetup.java:21)
	at junit.extensions.TestSetup.run(TestSetup.java:25)
</failure>
  </testcase>
  <testcase classname="com.topcoder.umltool.deploy.codegen.test.CTests" name="test74" time="0.0020">
    <failure message="Test 74 faild. with signature:const int AttributeForTest;" type="junit.framework.AssertionFailedError">junit.framework.AssertionFailedError: Test 74 faild. with signature:const int AttributeForTest;
	at com.topcoder.umltool.deploy.codegen.test.CTests.checkSignature(CTests.java:86)
	at com.topcoder.umltool.deploy.codegen.test.CTests.test74(CTests.java:1079)
	at junit.extensions.TestDecorator.basicRun(TestDecorator.java:24)
	at junit.extensions.TestSetup$1.protect(TestSetup.java:21)
	at junit.extensions.TestSetup.run(TestSetup.java:25)
	at junit.extensions.TestDecorator.basicRun(TestDecorator.java:24)
	at junit.extensions.TestSetup$1.protect(TestSetup.java:21)
	at junit.extensions.TestSetup.run(TestSetup.java:25)
</failure>
  </testcase>
  <testcase classname="com.topcoder.umltool.deploy.codegen.test.CTests" name="test75" time="0.0010">
    <failure message="Test 75 faild. with signature:private static int AttributeForTest;" type="junit.framework.AssertionFailedError">junit.framework.AssertionFailedError: Test 75 faild. with signature:private static int AttributeForTest;
	at com.topcoder.umltool.deploy.codegen.test.CTests.checkSignature(CTests.java:86)
	at com.topcoder.umltool.deploy.codegen.test.CTests.test75(CTests.java:1093)
	at junit.extensions.TestDecorator.basicRun(TestDecorator.java:24)
	at junit.extensions.TestSetup$1.protect(TestSetup.java:21)
	at junit.extensions.TestSetup.run(TestSetup.java:25)
	at junit.extensions.TestDecorator.basicRun(TestDecorator.java:24)
	at junit.extensions.TestSetup$1.protect(TestSetup.java:21)
	at junit.extensions.TestSetup.run(TestSetup.java:25)
</failure>
  </testcase>
  <testcase classname="com.topcoder.umltool.deploy.codegen.test.CTests" name="test76" time="0.0010">
    <failure message="Test 76 faild. with signature:private int AttributeForTest;" type="junit.framework.AssertionFailedError">junit.framework.AssertionFailedError: Test 76 faild. with signature:private int AttributeForTest;
	at com.topcoder.umltool.deploy.codegen.test.CTests.checkSignature(CTests.java:86)
	at com.topcoder.umltool.deploy.codegen.test.CTests.test76(CTests.java:1107)
	at junit.extensions.TestDecorator.basicRun(TestDecorator.java:24)
	at junit.extensions.TestSetup$1.protect(TestSetup.java:21)
	at junit.extensions.TestSetup.run(TestSetup.java:25)
	at junit.extensions.TestDecorator.basicRun(TestDecorator.java:24)
	at junit.extensions.TestSetup$1.protect(TestSetup.java:21)
	at junit.extensions.TestSetup.run(TestSetup.java:25)
</failure>
  </testcase>
  <testcase classname="com.topcoder.umltool.deploy.codegen.test.CTests" name="test77" time="0.0010">
    <failure message="Test 77 faild. with signature:private static const int AttributeForTest;" type="junit.framework.AssertionFailedError">junit.framework.AssertionFailedError: Test 77 faild. with signature:private static const int AttributeForTest;
	at com.topcoder.umltool.deploy.codegen.test.CTests.checkSignature(CTests.java:86)
	at com.topcoder.umltool.deploy.codegen.test.CTests.test77(CTests.java:1120)
	at junit.extensions.TestDecorator.basicRun(TestDecorator.java:24)
	at junit.extensions.TestSetup$1.protect(TestSetup.java:21)
	at junit.extensions.TestSetup.run(TestSetup.java:25)
	at junit.extensions.TestDecorator.basicRun(TestDecorator.java:24)
	at junit.extensions.TestSetup$1.protect(TestSetup.java:21)
	at junit.extensions.TestSetup.run(TestSetup.java:25)
</failure>
  </testcase>
  <testcase classname="com.topcoder.umltool.deploy.codegen.test.CTests" name="test78" time="0.0010">
    <failure message="Test 78 faild. with signature:private const int AttributeForTest;" type="junit.framework.AssertionFailedError">junit.framework.AssertionFailedError: Test 78 faild. with signature:private const int AttributeForTest;
	at com.topcoder.umltool.deploy.codegen.test.CTests.checkSignature(CTests.java:86)
	at com.topcoder.umltool.deploy.codegen.test.CTests.test78(CTests.java:1133)
	at junit.extensions.TestDecorator.basicRun(TestDecorator.java:24)
	at junit.extensions.TestSetup$1.protect(TestSetup.java:21)
	at junit.extensions.TestSetup.run(TestSetup.java:25)
	at junit.extensions.TestDecorator.basicRun(TestDecorator.java:24)
	at junit.extensions.TestSetup$1.protect(TestSetup.java:21)
	at junit.extensions.TestSetup.run(TestSetup.java:25)
</failure>
  </testcase>
  <testcase classname="com.topcoder.umltool.deploy.codegen.test.CTests" name="test79" time="0.0010">
    <failure message="Test 79 faild. with signature:public int MethodForTest() {" type="junit.framework.AssertionFailedError">junit.framework.AssertionFailedError: Test 79 faild. with signature:public int MethodForTest() {
	at com.topcoder.umltool.deploy.codegen.test.CTests.checkSignatureWithBraces(CTests.java:67)
	at com.topcoder.umltool.deploy.codegen.test.CTests.test79(CTests.java:1146)
	at junit.extensions.TestDecorator.basicRun(TestDecorator.java:24)
	at junit.extensions.TestSetup$1.protect(TestSetup.java:21)
	at junit.extensions.TestSetup.run(TestSetup.java:25)
	at junit.extensions.TestDecorator.basicRun(TestDecorator.java:24)
	at junit.extensions.TestSetup$1.protect(TestSetup.java:21)
	at junit.extensions.TestSetup.run(TestSetup.java:25)
</failure>
  </testcase>
  <testcase classname="com.topcoder.umltool.deploy.codegen.test.CTests" name="test80" time="0.0010">
    <failure message="Test 80 faild. with signature:protected int MethodForTest() {" type="junit.framework.AssertionFailedError">junit.framework.AssertionFailedError: Test 80 faild. with signature:protected int MethodForTest() {
	at com.topcoder.umltool.deploy.codegen.test.CTests.checkSignatureWithBraces(CTests.java:67)
	at com.topcoder.umltool.deploy.codegen.test.CTests.test80(CTests.java:1159)
	at junit.extensions.TestDecorator.basicRun(TestDecorator.java:24)
	at junit.extensions.TestSetup$1.protect(TestSetup.java:21)
	at junit.extensions.TestSetup.run(TestSetup.java:25)
	at junit.extensions.TestDecorator.basicRun(TestDecorator.java:24)
	at junit.extensions.TestSetup$1.protect(TestSetup.java:21)
	at junit.extensions.TestSetup.run(TestSetup.java:25)
</failure>
  </testcase>
  <testcase classname="com.topcoder.umltool.deploy.codegen.test.CTests" name="test81" time="0.0010">
    <failure message="Test 81 faild. with signature:int MethodForTest() {" type="junit.framework.AssertionFailedError">junit.framework.AssertionFailedError: Test 81 faild. with signature:int MethodForTest() {
	at com.topcoder.umltool.deploy.codegen.test.CTests.checkSignatureWithBraces(CTests.java:67)
	at com.topcoder.umltool.deploy.codegen.test.CTests.test81(CTests.java:1172)
	at junit.extensions.TestDecorator.basicRun(TestDecorator.java:24)
	at junit.extensions.TestSetup$1.protect(TestSetup.java:21)
	at junit.extensions.TestSetup.run(TestSetup.java:25)
	at junit.extensions.TestDecorator.basicRun(TestDecorator.java:24)
	at junit.extensions.TestSetup$1.protect(TestSetup.java:21)
	at junit.extensions.TestSetup.run(TestSetup.java:25)
</failure>
  </testcase>
  <testcase classname="com.topcoder.umltool.deploy.codegen.test.CTests" name="test82" time="0.0010">
    <failure message="Test 82 faild. with signature:private int MethodForTest() {" type="junit.framework.AssertionFailedError">junit.framework.AssertionFailedError: Test 82 faild. with signature:private int MethodForTest() {
	at com.topcoder.umltool.deploy.codegen.test.CTests.checkSignatureWithBraces(CTests.java:67)
	at com.topcoder.umltool.deploy.codegen.test.CTests.test82(CTests.java:1185)
	at junit.extensions.TestDecorator.basicRun(TestDecorator.java:24)
	at junit.extensions.TestSetup$1.protect(TestSetup.java:21)
	at junit.extensions.TestSetup.run(TestSetup.java:25)
	at junit.extensions.TestDecorator.basicRun(TestDecorator.java:24)
	at junit.extensions.TestSetup$1.protect(TestSetup.java:21)
	at junit.extensions.TestSetup.run(TestSetup.java:25)
</failure>
  </testcase>
  <testcase classname="com.topcoder.umltool.deploy.codegen.test.CTests" name="test83" time="0.0">
    <failure message="Test 83 faild. with signature:public abstract int MethodForTest();" type="junit.framework.AssertionFailedError">junit.framework.AssertionFailedError: Test 83 faild. with signature:public abstract int MethodForTest();
	at com.topcoder.umltool.deploy.codegen.test.CTests.checkSignatureWithBraces(CTests.java:67)
	at com.topcoder.umltool.deploy.codegen.test.CTests.test83(CTests.java:1198)
	at junit.extensions.TestDecorator.basicRun(TestDecorator.java:24)
	at junit.extensions.TestSetup$1.protect(TestSetup.java:21)
	at junit.extensions.TestSetup.run(TestSetup.java:25)
	at junit.extensions.TestDecorator.basicRun(TestDecorator.java:24)
	at junit.extensions.TestSetup$1.protect(TestSetup.java:21)
	at junit.extensions.TestSetup.run(TestSetup.java:25)
</failure>
  </testcase>
  <testcase classname="com.topcoder.umltool.deploy.codegen.test.CTests" name="test84" time="0.0010">
    <failure message="Test 84 faild. with signature:protected abstract int MethodForTest();" type="junit.framework.AssertionFailedError">junit.framework.AssertionFailedError: Test 84 faild. with signature:protected abstract int MethodForTest();
	at com.topcoder.umltool.deploy.codegen.test.CTests.checkSignatureWithBraces(CTests.java:67)
	at com.topcoder.umltool.deploy.codegen.test.CTests.test84(CTests.java:1211)
	at junit.extensions.TestDecorator.basicRun(TestDecorator.java:24)
	at junit.extensions.TestSetup$1.protect(TestSetup.java:21)
	at junit.extensions.TestSetup.run(TestSetup.java:25)
	at junit.extensions.TestDecorator.basicRun(TestDecorator.java:24)
	at junit.extensions.TestSetup$1.protect(TestSetup.java:21)
	at junit.extensions.TestSetup.run(TestSetup.java:25)
</failure>
  </testcase>
  <testcase classname="com.topcoder.umltool.deploy.codegen.test.CTests" name="test85" time="0.0020">
    <failure message="Test 85 faild. with signature:abstract int MethodForTest();" type="junit.framework.AssertionFailedError">junit.framework.AssertionFailedError: Test 85 faild. with signature:abstract int MethodForTest();
	at com.topcoder.umltool.deploy.codegen.test.CTests.checkSignatureWithBraces(CTests.java:67)
	at com.topcoder.umltool.deploy.codegen.test.CTests.test85(CTests.java:1224)
	at junit.extensions.TestDecorator.basicRun(TestDecorator.java:24)
	at junit.extensions.TestSetup$1.protect(TestSetup.java:21)
	at junit.extensions.TestSetup.run(TestSetup.java:25)
	at junit.extensions.TestDecorator.basicRun(TestDecorator.java:24)
	at junit.extensions.TestSetup$1.protect(TestSetup.java:21)
	at junit.extensions.TestSetup.run(TestSetup.java:25)
</failure>
  </testcase>
  <testcase classname="com.topcoder.umltool.deploy.codegen.test.CTests" name="test86" time="0.0010">
    <failure message="Test 86 faild. with signature:private abstract int MethodForTest();" type="junit.framework.AssertionFailedError">junit.framework.AssertionFailedError: Test 86 faild. with signature:private abstract int MethodForTest();
	at com.topcoder.umltool.deploy.codegen.test.CTests.checkSignatureWithBraces(CTests.java:67)
	at com.topcoder.umltool.deploy.codegen.test.CTests.test86(CTests.java:1237)
	at junit.extensions.TestDecorator.basicRun(TestDecorator.java:24)
	at junit.extensions.TestSetup$1.protect(TestSetup.java:21)
	at junit.extensions.TestSetup.run(TestSetup.java:25)
	at junit.extensions.TestDecorator.basicRun(TestDecorator.java:24)
	at junit.extensions.TestSetup$1.protect(TestSetup.java:21)
	at junit.extensions.TestSetup.run(TestSetup.java:25)
</failure>
  </testcase>
  <testcase classname="com.topcoder.umltool.deploy.codegen.test.CTests" name="test87" time="0.0020">
    <failure message="Test 87 faild. with signature:public sealed int MethodForTest() {" type="junit.framework.AssertionFailedError">junit.framework.AssertionFailedError: Test 87 faild. with signature:public sealed int MethodForTest() {
	at com.topcoder.umltool.deploy.codegen.test.CTests.checkSignatureWithBraces(CTests.java:67)
	at com.topcoder.umltool.deploy.codegen.test.CTests.test87(CTests.java:1250)
	at junit.extensions.TestDecorator.basicRun(TestDecorator.java:24)
	at junit.extensions.TestSetup$1.protect(TestSetup.java:21)
	at junit.extensions.TestSetup.run(TestSetup.java:25)
	at junit.extensions.TestDecorator.basicRun(TestDecorator.java:24)
	at junit.extensions.TestSetup$1.protect(TestSetup.java:21)
	at junit.extensions.TestSetup.run(TestSetup.java:25)
</failure>
  </testcase>
  <testcase classname="com.topcoder.umltool.deploy.codegen.test.CTests" name="test88" time="0.0">
    <failure message="Test 88 faild. with signature:protected sealed int MethodForTest() {" type="junit.framework.AssertionFailedError">junit.framework.AssertionFailedError: Test 88 faild. with signature:protected sealed int MethodForTest() {
	at com.topcoder.umltool.deploy.codegen.test.CTests.checkSignatureWithBraces(CTests.java:67)
	at com.topcoder.umltool.deploy.codegen.test.CTests.test88(CTests.java:1263)
	at junit.extensions.TestDecorator.basicRun(TestDecorator.java:24)
	at junit.extensions.TestSetup$1.protect(TestSetup.java:21)
	at junit.extensions.TestSetup.run(TestSetup.java:25)
	at junit.extensions.TestDecorator.basicRun(TestDecorator.java:24)
	at junit.extensions.TestSetup$1.protect(TestSetup.java:21)
	at junit.extensions.TestSetup.run(TestSetup.java:25)
</failure>
  </testcase>
  <testcase classname="com.topcoder.umltool.deploy.codegen.test.CTests" name="test89" time="0.0020">
    <failure message="Test 89 faild. with signature:sealed int MethodForTest() {" type="junit.framework.AssertionFailedError">junit.framework.AssertionFailedError: Test 89 faild. with signature:sealed int MethodForTest() {
	at com.topcoder.umltool.deploy.codegen.test.CTests.checkSignatureWithBraces(CTests.java:67)
	at com.topcoder.umltool.deploy.codegen.test.CTests.test89(CTests.java:1276)
	at junit.extensions.TestDecorator.basicRun(TestDecorator.java:24)
	at junit.extensions.TestSetup$1.protect(TestSetup.java:21)
	at junit.extensions.TestSetup.run(TestSetup.java:25)
	at junit.extensions.TestDecorator.basicRun(TestDecorator.java:24)
	at junit.extensions.TestSetup$1.protect(TestSetup.java:21)
	at junit.extensions.TestSetup.run(TestSetup.java:25)
</failure>
  </testcase>
  <testcase classname="com.topcoder.umltool.deploy.codegen.test.CTests" name="test90" time="0.0010">
    <failure message="Test 90 faild. with signature:private sealed int MethodForTest() {" type="junit.framework.AssertionFailedError">junit.framework.AssertionFailedError: Test 90 faild. with signature:private sealed int MethodForTest() {
	at com.topcoder.umltool.deploy.codegen.test.CTests.checkSignatureWithBraces(CTests.java:67)
	at com.topcoder.umltool.deploy.codegen.test.CTests.test90(CTests.java:1289)
	at junit.extensions.TestDecorator.basicRun(TestDecorator.java:24)
	at junit.extensions.TestSetup$1.protect(TestSetup.java:21)
	at junit.extensions.TestSetup.run(TestSetup.java:25)
	at junit.extensions.TestDecorator.basicRun(TestDecorator.java:24)
	at junit.extensions.TestSetup$1.protect(TestSetup.java:21)
	at junit.extensions.TestSetup.run(TestSetup.java:25)
</failure>
  </testcase>
  <testcase classname="com.topcoder.umltool.deploy.codegen.test.CTests" name="test91" time="0.0010">
    <failure message="Test 91 faild. with signature:public static int MethodForTest() {" type="junit.framework.AssertionFailedError">junit.framework.AssertionFailedError: Test 91 faild. with signature:public static int MethodForTest() {
	at com.topcoder.umltool.deploy.codegen.test.CTests.checkSignatureWithBraces(CTests.java:67)
	at com.topcoder.umltool.deploy.codegen.test.CTests.test91(CTests.java:1302)
	at junit.extensions.TestDecorator.basicRun(TestDecorator.java:24)
	at junit.extensions.TestSetup$1.protect(TestSetup.java:21)
	at junit.extensions.TestSetup.run(TestSetup.java:25)
	at junit.extensions.TestDecorator.basicRun(TestDecorator.java:24)
	at junit.extensions.TestSetup$1.protect(TestSetup.java:21)
	at junit.extensions.TestSetup.run(TestSetup.java:25)
</failure>
  </testcase>
  <testcase classname="com.topcoder.umltool.deploy.codegen.test.CTests" name="test92" time="0.0010">
    <failure message="Test 92 faild. with signature:protected static int MethodForTest() {" type="junit.framework.AssertionFailedError">junit.framework.AssertionFailedError: Test 92 faild. with signature:protected static int MethodForTest() {
	at com.topcoder.umltool.deploy.codegen.test.CTests.checkSignatureWithBraces(CTests.java:67)
	at com.topcoder.umltool.deploy.codegen.test.CTests.test92(CTests.java:1315)
	at junit.extensions.TestDecorator.basicRun(TestDecorator.java:24)
	at junit.extensions.TestSetup$1.protect(TestSetup.java:21)
	at junit.extensions.TestSetup.run(TestSetup.java:25)
	at junit.extensions.TestDecorator.basicRun(TestDecorator.java:24)
	at junit.extensions.TestSetup$1.protect(TestSetup.java:21)
	at junit.extensions.TestSetup.run(TestSetup.java:25)
</failure>
  </testcase>
  <testcase classname="com.topcoder.umltool.deploy.codegen.test.CTests" name="test93" time="0.0020">
    <failure message="Test 93 faild. with signature:static int MethodForTest() {" type="junit.framework.AssertionFailedError">junit.framework.AssertionFailedError: Test 93 faild. with signature:static int MethodForTest() {
	at com.topcoder.umltool.deploy.codegen.test.CTests.checkSignatureWithBraces(CTests.java:67)
	at com.topcoder.umltool.deploy.codegen.test.CTests.test93(CTests.java:1328)
	at junit.extensions.TestDecorator.basicRun(TestDecorator.java:24)
	at junit.extensions.TestSetup$1.protect(TestSetup.java:21)
	at junit.extensions.TestSetup.run(TestSetup.java:25)
	at junit.extensions.TestDecorator.basicRun(TestDecorator.java:24)
	at junit.extensions.TestSetup$1.protect(TestSetup.java:21)
	at junit.extensions.TestSetup.run(TestSetup.java:25)
</failure>
  </testcase>
  <testcase classname="com.topcoder.umltool.deploy.codegen.test.CTests" name="test94" time="0.0020">
    <failure message="Test 94 faild. with signature:private static int MethodForTest() {" type="junit.framework.AssertionFailedError">junit.framework.AssertionFailedError: Test 94 faild. with signature:private static int MethodForTest() {
	at com.topcoder.umltool.deploy.codegen.test.CTests.checkSignatureWithBraces(CTests.java:67)
	at com.topcoder.umltool.deploy.codegen.test.CTests.test94(CTests.java:1341)
	at junit.extensions.TestDecorator.basicRun(TestDecorator.java:24)
	at junit.extensions.TestSetup$1.protect(TestSetup.java:21)
	at junit.extensions.TestSetup.run(TestSetup.java:25)
	at junit.extensions.TestDecorator.basicRun(TestDecorator.java:24)
	at junit.extensions.TestSetup$1.protect(TestSetup.java:21)
	at junit.extensions.TestSetup.run(TestSetup.java:25)
</failure>
  </testcase>
  <testcase classname="com.topcoder.umltool.deploy.codegen.test.CTests" name="test95" time="0.0020">
    <failure message="Test 95 faild. with signature:public sealed static int MethodForTest() {" type="junit.framework.AssertionFailedError">junit.framework.AssertionFailedError: Test 95 faild. with signature:public sealed static int MethodForTest() {
	at com.topcoder.umltool.deploy.codegen.test.CTests.checkSignatureWithBraces(CTests.java:67)
	at com.topcoder.umltool.deploy.codegen.test.CTests.test95(CTests.java:1354)
	at junit.extensions.TestDecorator.basicRun(TestDecorator.java:24)
	at junit.extensions.TestSetup$1.protect(TestSetup.java:21)
	at junit.extensions.TestSetup.run(TestSetup.java:25)
	at junit.extensions.TestDecorator.basicRun(TestDecorator.java:24)
	at junit.extensions.TestSetup$1.protect(TestSetup.java:21)
	at junit.extensions.TestSetup.run(TestSetup.java:25)
</failure>
  </testcase>
  <testcase classname="com.topcoder.umltool.deploy.codegen.test.CTests" name="test96" time="0.0010">
    <failure message="Test 96 faild. with signature:protected sealed static int MethodForTest() {" type="junit.framework.AssertionFailedError">junit.framework.AssertionFailedError: Test 96 faild. with signature:protected sealed static int MethodForTest() {
	at com.topcoder.umltool.deploy.codegen.test.CTests.checkSignatureWithBraces(CTests.java:67)
	at com.topcoder.umltool.deploy.codegen.test.CTests.test96(CTests.java:1367)
	at junit.extensions.TestDecorator.basicRun(TestDecorator.java:24)
	at junit.extensions.TestSetup$1.protect(TestSetup.java:21)
	at junit.extensions.TestSetup.run(TestSetup.java:25)
	at junit.extensions.TestDecorator.basicRun(TestDecorator.java:24)
	at junit.extensions.TestSetup$1.protect(TestSetup.java:21)
	at junit.extensions.TestSetup.run(TestSetup.java:25)
</failure>
  </testcase>
  <testcase classname="com.topcoder.umltool.deploy.codegen.test.CTests" name="test97" time="0.0010">
    <failure message="Test 97 faild. with signature:sealed static int MethodForTest() {" type="junit.framework.AssertionFailedError">junit.framework.AssertionFailedError: Test 97 faild. with signature:sealed static int MethodForTest() {
	at com.topcoder.umltool.deploy.codegen.test.CTests.checkSignatureWithBraces(CTests.java:67)
	at com.topcoder.umltool.deploy.codegen.test.CTests.test97(CTests.java:1380)
	at junit.extensions.TestDecorator.basicRun(TestDecorator.java:24)
	at junit.extensions.TestSetup$1.protect(TestSetup.java:21)
	at junit.extensions.TestSetup.run(TestSetup.java:25)
	at junit.extensions.TestDecorator.basicRun(TestDecorator.java:24)
	at junit.extensions.TestSetup$1.protect(TestSetup.java:21)
	at junit.extensions.TestSetup.run(TestSetup.java:25)
</failure>
  </testcase>
  <testcase classname="com.topcoder.umltool.deploy.codegen.test.CTests" name="test98" time="0.0010">
    <failure message="Test 98 faild. with signature:private sealed static int MethodForTest() {" type="junit.framework.AssertionFailedError">junit.framework.AssertionFailedError: Test 98 faild. with signature:private sealed static int MethodForTest() {
	at com.topcoder.umltool.deploy.codegen.test.CTests.checkSignatureWithBraces(CTests.java:67)
	at com.topcoder.umltool.deploy.codegen.test.CTests.test98(CTests.java:1393)
	at junit.extensions.TestDecorator.basicRun(TestDecorator.java:24)
	at junit.extensions.TestSetup$1.protect(TestSetup.java:21)
	at junit.extensions.TestSetup.run(TestSetup.java:25)
	at junit.extensions.TestDecorator.basicRun(TestDecorator.java:24)
	at junit.extensions.TestSetup$1.protect(TestSetup.java:21)
	at junit.extensions.TestSetup.run(TestSetup.java:25)
</failure>
  </testcase>
  <testcase classname="com.topcoder.umltool.deploy.codegen.test.CTests" name="test99" time="0.0020">
    <failure message="Test 99 faild. with signature:public int MethodForTest() {" type="junit.framework.AssertionFailedError">junit.framework.AssertionFailedError: Test 99 faild. with signature:public int MethodForTest() {
	at com.topcoder.umltool.deploy.codegen.test.CTests.checkSignatureWithBraces(CTests.java:67)
	at com.topcoder.umltool.deploy.codegen.test.CTests.test99(CTests.java:1406)
	at junit.extensions.TestDecorator.basicRun(TestDecorator.java:24)
	at junit.extensions.TestSetup$1.protect(TestSetup.java:21)
	at junit.extensions.TestSetup.run(TestSetup.java:25)
	at junit.extensions.TestDecorator.basicRun(TestDecorator.java:24)
	at junit.extensions.TestSetup$1.protect(TestSetup.java:21)
	at junit.extensions.TestSetup.run(TestSetup.java:25)
</failure>
  </testcase>
  <testcase classname="com.topcoder.umltool.deploy.codegen.test.CTests" name="test100" time="0.0010">
    <failure message="Test 100 faild. with signature:public interface InterfaceForTest{" type="junit.framework.AssertionFailedError">junit.framework.AssertionFailedError: Test 100 faild. with signature:public interface InterfaceForTest{
	at com.topcoder.umltool.deploy.codegen.test.CTests.checkSignatureWithBraces(CTests.java:67)
	at com.topcoder.umltool.deploy.codegen.test.CTests.test100(CTests.java:1419)
	at junit.extensions.TestDecorator.basicRun(TestDecorator.java:24)
	at junit.extensions.TestSetup$1.protect(TestSetup.java:21)
	at junit.extensions.TestSetup.run(TestSetup.java:25)
	at junit.extensions.TestDecorator.basicRun(TestDecorator.java:24)
	at junit.extensions.TestSetup$1.protect(TestSetup.java:21)
	at junit.extensions.TestSetup.run(TestSetup.java:25)
</failure>
  </testcase>
  <testcase classname="com.topcoder.umltool.deploy.codegen.test.CTests" name="test101" time="0.0010">
    <failure message="Test 101 faild. with signature:protected interface InterfaceForTest{" type="junit.framework.AssertionFailedError">junit.framework.AssertionFailedError: Test 101 faild. with signature:protected interface InterfaceForTest{
	at com.topcoder.umltool.deploy.codegen.test.CTests.checkSignatureWithBraces(CTests.java:67)
	at com.topcoder.umltool.deploy.codegen.test.CTests.test101(CTests.java:1432)
	at junit.extensions.TestDecorator.basicRun(TestDecorator.java:24)
	at junit.extensions.TestSetup$1.protect(TestSetup.java:21)
	at junit.extensions.TestSetup.run(TestSetup.java:25)
	at junit.extensions.TestDecorator.basicRun(TestDecorator.java:24)
	at junit.extensions.TestSetup$1.protect(TestSetup.java:21)
	at junit.extensions.TestSetup.run(TestSetup.java:25)
</failure>
  </testcase>
  <testcase classname="com.topcoder.umltool.deploy.codegen.test.CTests" name="test102" time="0.0010">
    <failure message="Test 102 faild. with signature:interface InterfaceForTest{" type="junit.framework.AssertionFailedError">junit.framework.AssertionFailedError: Test 102 faild. with signature:interface InterfaceForTest{
	at com.topcoder.umltool.deploy.codegen.test.CTests.checkSignatureWithBraces(CTests.java:67)
	at com.topcoder.umltool.deploy.codegen.test.CTests.test102(CTests.java:1445)
	at junit.extensions.TestDecorator.basicRun(TestDecorator.java:24)
	at junit.extensions.TestSetup$1.protect(TestSetup.java:21)
	at junit.extensions.TestSetup.run(TestSetup.java:25)
	at junit.extensions.TestDecorator.basicRun(TestDecorator.java:24)
	at junit.extensions.TestSetup$1.protect(TestSetup.java:21)
	at junit.extensions.TestSetup.run(TestSetup.java:25)
</failure>
  </testcase>
  <testcase classname="com.topcoder.umltool.deploy.codegen.test.CTests" name="test103" time="0.0010">
    <failure message="Test 103 faild. with signature:private interface InterfaceForTest{" type="junit.framework.AssertionFailedError">junit.framework.AssertionFailedError: Test 103 faild. with signature:private interface InterfaceForTest{
	at com.topcoder.umltool.deploy.codegen.test.CTests.checkSignatureWithBraces(CTests.java:67)
	at com.topcoder.umltool.deploy.codegen.test.CTests.test103(CTests.java:1458)
	at junit.extensions.TestDecorator.basicRun(TestDecorator.java:24)
	at junit.extensions.TestSetup$1.protect(TestSetup.java:21)
	at junit.extensions.TestSetup.run(TestSetup.java:25)
	at junit.extensions.TestDecorator.basicRun(TestDecorator.java:24)
	at junit.extensions.TestSetup$1.protect(TestSetup.java:21)
	at junit.extensions.TestSetup.run(TestSetup.java:25)
</failure>
  </testcase>
  <testcase classname="com.topcoder.umltool.deploy.codegen.test.CTests" name="test104" time="0.0010">
    <failure message="Test 104 faild. with signature:InterfaceForTest{" type="junit.framework.AssertionFailedError">junit.framework.AssertionFailedError: Test 104 faild. with signature:InterfaceForTest{
	at com.topcoder.umltool.deploy.codegen.test.CTests.checkSignatureWithBraces(CTests.java:67)
	at com.topcoder.umltool.deploy.codegen.test.CTests.test104(CTests.java:1471)
	at junit.extensions.TestDecorator.basicRun(TestDecorator.java:24)
	at junit.extensions.TestSetup$1.protect(TestSetup.java:21)
	at junit.extensions.TestSetup.run(TestSetup.java:25)
	at junit.extensions.TestDecorator.basicRun(TestDecorator.java:24)
	at junit.extensions.TestSetup$1.protect(TestSetup.java:21)
	at junit.extensions.TestSetup.run(TestSetup.java:25)
</failure>
  </testcase>
  <testcase classname="com.topcoder.umltool.deploy.codegen.test.CTests" name="test105" time="0.0010">
    <failure message="Test 105 faild. with signature:protected abstract interface InterfaceForTest{" type="junit.framework.AssertionFailedError">junit.framework.AssertionFailedError: Test 105 faild. with signature:protected abstract interface InterfaceForTest{
	at com.topcoder.umltool.deploy.codegen.test.CTests.checkSignatureWithBraces(CTests.java:67)
	at com.topcoder.umltool.deploy.codegen.test.CTests.test105(CTests.java:1484)
	at junit.extensions.TestDecorator.basicRun(TestDecorator.java:24)
	at junit.extensions.TestSetup$1.protect(TestSetup.java:21)
	at junit.extensions.TestSetup.run(TestSetup.java:25)
	at junit.extensions.TestDecorator.basicRun(TestDecorator.java:24)
	at junit.extensions.TestSetup$1.protect(TestSetup.java:21)
	at junit.extensions.TestSetup.run(TestSetup.java:25)
</failure>
  </testcase>
  <testcase classname="com.topcoder.umltool.deploy.codegen.test.CTests" name="test106" time="0.0010">
    <failure message="Test 106 faild. with signature:abstract interface InterfaceForTest{" type="junit.framework.AssertionFailedError">junit.framework.AssertionFailedError: Test 106 faild. with signature:abstract interface InterfaceForTest{
	at com.topcoder.umltool.deploy.codegen.test.CTests.checkSignatureWithBraces(CTests.java:67)
	at com.topcoder.umltool.deploy.codegen.test.CTests.test106(CTests.java:1497)
	at junit.extensions.TestDecorator.basicRun(TestDecorator.java:24)
	at junit.extensions.TestSetup$1.protect(TestSetup.java:21)
	at junit.extensions.TestSetup.run(TestSetup.java:25)
	at junit.extensions.TestDecorator.basicRun(TestDecorator.java:24)
	at junit.extensions.TestSetup$1.protect(TestSetup.java:21)
	at junit.extensions.TestSetup.run(TestSetup.java:25)
</failure>
  </testcase>
  <testcase classname="com.topcoder.umltool.deploy.codegen.test.CTests" name="test107" time="0.0010">
    <failure message="Test 107 faild. with signature:private abstract interface InterfaceForTest{" type="junit.framework.AssertionFailedError">junit.framework.AssertionFailedError: Test 107 faild. with signature:private abstract interface InterfaceForTest{
	at com.topcoder.umltool.deploy.codegen.test.CTests.checkSignatureWithBraces(CTests.java:67)
	at com.topcoder.umltool.deploy.codegen.test.CTests.test107(CTests.java:1510)
	at junit.extensions.TestDecorator.basicRun(TestDecorator.java:24)
	at junit.extensions.TestSetup$1.protect(TestSetup.java:21)
	at junit.extensions.TestSetup.run(TestSetup.java:25)
	at junit.extensions.TestDecorator.basicRun(TestDecorator.java:24)
	at junit.extensions.TestSetup$1.protect(TestSetup.java:21)
	at junit.extensions.TestSetup.run(TestSetup.java:25)
</failure>
  </testcase>
  <testcase classname="com.topcoder.umltool.deploy.codegen.test.CTests" name="test108" time="0.0010">
    <failure message="Test 108 faild. with signature:public interface InterfaceForTest{" type="junit.framework.AssertionFailedError">junit.framework.AssertionFailedError: Test 108 faild. with signature:public interface InterfaceForTest{
	at com.topcoder.umltool.deploy.codegen.test.CTests.checkSignatureWithBraces(CTests.java:67)
	at com.topcoder.umltool.deploy.codegen.test.CTests.test108(CTests.java:1523)
	at junit.extensions.TestDecorator.basicRun(TestDecorator.java:24)
	at junit.extensions.TestSetup$1.protect(TestSetup.java:21)
	at junit.extensions.TestSetup.run(TestSetup.java:25)
	at junit.extensions.TestDecorator.basicRun(TestDecorator.java:24)
	at junit.extensions.TestSetup$1.protect(TestSetup.java:21)
	at junit.extensions.TestSetup.run(TestSetup.java:25)
</failure>
  </testcase>
  <testcase classname="com.topcoder.umltool.deploy.codegen.test.CTests" name="test109" time="0.0010">
    <failure message="Test 109 faild. with signature:protected interface InterfaceForTest{" type="junit.framework.AssertionFailedError">junit.framework.AssertionFailedError: Test 109 faild. with signature:protected interface InterfaceForTest{
	at com.topcoder.umltool.deploy.codegen.test.CTests.checkSignatureWithBraces(CTests.java:67)
	at com.topcoder.umltool.deploy.codegen.test.CTests.test109(CTests.java:1536)
	at junit.extensions.TestDecorator.basicRun(TestDecorator.java:24)
	at junit.extensions.TestSetup$1.protect(TestSetup.java:21)
	at junit.extensions.TestSetup.run(TestSetup.java:25)
	at junit.extensions.TestDecorator.basicRun(TestDecorator.java:24)
	at junit.extensions.TestSetup$1.protect(TestSetup.java:21)
	at junit.extensions.TestSetup.run(TestSetup.java:25)
</failure>
  </testcase>
  <testcase classname="com.topcoder.umltool.deploy.codegen.test.CTests" name="test110" time="0.0010">
    <failure message="Test 110 faild. with signature:interface InterfaceForTest{" type="junit.framework.AssertionFailedError">junit.framework.AssertionFailedError: Test 110 faild. with signature:interface InterfaceForTest{
	at com.topcoder.umltool.deploy.codegen.test.CTests.checkSignatureWithBraces(CTests.java:67)
	at com.topcoder.umltool.deploy.codegen.test.CTests.test110(CTests.java:1549)
	at junit.extensions.TestDecorator.basicRun(TestDecorator.java:24)
	at junit.extensions.TestSetup$1.protect(TestSetup.java:21)
	at junit.extensions.TestSetup.run(TestSetup.java:25)
	at junit.extensions.TestDecorator.basicRun(TestDecorator.java:24)
	at junit.extensions.TestSetup$1.protect(TestSetup.java:21)
	at junit.extensions.TestSetup.run(TestSetup.java:25)
</failure>
  </testcase>
  <testcase classname="com.topcoder.umltool.deploy.codegen.test.CTests" name="test111" time="0.0050">
    <failure message="Test 111 faild. with signature:private interface InterfaceForTest{" type="junit.framework.AssertionFailedError">junit.framework.AssertionFailedError: Test 111 faild. with signature:private interface InterfaceForTest{
	at com.topcoder.umltool.deploy.codegen.test.CTests.checkSignatureWithBraces(CTests.java:67)
	at com.topcoder.umltool.deploy.codegen.test.CTests.test111(CTests.java:1562)
	at junit.extensions.TestDecorator.basicRun(TestDecorator.java:24)
	at junit.extensions.TestSetup$1.protect(TestSetup.java:21)
	at junit.extensions.TestSetup.run(TestSetup.java:25)
	at junit.extensions.TestDecorator.basicRun(TestDecorator.java:24)
	at junit.extensions.TestSetup$1.protect(TestSetup.java:21)
	at junit.extensions.TestSetup.run(TestSetup.java:25)
</failure>
  </testcase>
  <testcase classname="com.topcoder.umltool.deploy.codegen.test.CTests" name="test112" time="0.0010">
    <failure message="Test 112 faild. with signature:public static interface InterfaceForTest{" type="junit.framework.AssertionFailedError">junit.framework.AssertionFailedError: Test 112 faild. with signature:public static interface InterfaceForTest{
	at com.topcoder.umltool.deploy.codegen.test.CTests.checkSignatureWithBraces(CTests.java:67)
	at com.topcoder.umltool.deploy.codegen.test.CTests.test112(CTests.java:1575)
	at junit.extensions.TestDecorator.basicRun(TestDecorator.java:24)
	at junit.extensions.TestSetup$1.protect(TestSetup.java:21)
	at junit.extensions.TestSetup.run(TestSetup.java:25)
	at junit.extensions.TestDecorator.basicRun(TestDecorator.java:24)
	at junit.extensions.TestSetup$1.protect(TestSetup.java:21)
	at junit.extensions.TestSetup.run(TestSetup.java:25)
</failure>
  </testcase>
  <testcase classname="com.topcoder.umltool.deploy.codegen.test.CTests" name="test113" time="0.0030">
    <failure message="Test 113 faild. with signature:protected static interface InterfaceForTest{" type="junit.framework.AssertionFailedError">junit.framework.AssertionFailedError: Test 113 faild. with signature:protected static interface InterfaceForTest{
	at com.topcoder.umltool.deploy.codegen.test.CTests.checkSignatureWithBraces(CTests.java:67)
	at com.topcoder.umltool.deploy.codegen.test.CTests.test113(CTests.java:1588)
	at junit.extensions.TestDecorator.basicRun(TestDecorator.java:24)
	at junit.extensions.TestSetup$1.protect(TestSetup.java:21)
	at junit.extensions.TestSetup.run(TestSetup.java:25)
	at junit.extensions.TestDecorator.basicRun(TestDecorator.java:24)
	at junit.extensions.TestSetup$1.protect(TestSetup.java:21)
	at junit.extensions.TestSetup.run(TestSetup.java:25)
</failure>
  </testcase>
  <testcase classname="com.topcoder.umltool.deploy.codegen.test.CTests" name="test114" time="0.0010">
    <failure message="Test 114 faild. with signature:static interface InterfaceForTest{" type="junit.framework.AssertionFailedError">junit.framework.AssertionFailedError: Test 114 faild. with signature:static interface InterfaceForTest{
	at com.topcoder.umltool.deploy.codegen.test.CTests.checkSignatureWithBraces(CTests.java:67)
	at com.topcoder.umltool.deploy.codegen.test.CTests.test114(CTests.java:1601)
	at junit.extensions.TestDecorator.basicRun(TestDecorator.java:24)
	at junit.extensions.TestSetup$1.protect(TestSetup.java:21)
	at junit.extensions.TestSetup.run(TestSetup.java:25)
	at junit.extensions.TestDecorator.basicRun(TestDecorator.java:24)
	at junit.extensions.TestSetup$1.protect(TestSetup.java:21)
	at junit.extensions.TestSetup.run(TestSetup.java:25)
</failure>
  </testcase>
  <testcase classname="com.topcoder.umltool.deploy.codegen.test.CTests" name="test115" time="0.0010">
    <failure message="Test 115 faild. with signature:private static interface InterfaceForTest{" type="junit.framework.AssertionFailedError">junit.framework.AssertionFailedError: Test 115 faild. with signature:private static interface InterfaceForTest{
	at com.topcoder.umltool.deploy.codegen.test.CTests.checkSignatureWithBraces(CTests.java:67)
	at com.topcoder.umltool.deploy.codegen.test.CTests.test115(CTests.java:1614)
	at junit.extensions.TestDecorator.basicRun(TestDecorator.java:24)
	at junit.extensions.TestSetup$1.protect(TestSetup.java:21)
	at junit.extensions.TestSetup.run(TestSetup.java:25)
	at junit.extensions.TestDecorator.basicRun(TestDecorator.java:24)
	at junit.extensions.TestSetup$1.protect(TestSetup.java:21)
	at junit.extensions.TestSetup.run(TestSetup.java:25)
</failure>
  </testcase>
  <testcase classname="com.topcoder.umltool.deploy.codegen.test.CTests" name="test116" time="0.0010">
    <failure message="Test 116 faild. with signature:public int MethodForTest();" type="junit.framework.AssertionFailedError">junit.framework.AssertionFailedError: Test 116 faild. with signature:public int MethodForTest();
	at com.topcoder.umltool.deploy.codegen.test.CTests.checkSignatureWithBraces(CTests.java:67)
	at com.topcoder.umltool.deploy.codegen.test.CTests.test116(CTests.java:1627)
	at junit.extensions.TestDecorator.basicRun(TestDecorator.java:24)
	at junit.extensions.TestSetup$1.protect(TestSetup.java:21)
	at junit.extensions.TestSetup.run(TestSetup.java:25)
	at junit.extensions.TestDecorator.basicRun(TestDecorator.java:24)
	at junit.extensions.TestSetup$1.protect(TestSetup.java:21)
	at junit.extensions.TestSetup.run(TestSetup.java:25)
</failure>
  </testcase>
  <testcase classname="com.topcoder.umltool.deploy.codegen.test.CTests" name="test117" time="0.0010">
    <failure message="Test 117 faild. with signature:protected int MethodForTest();" type="junit.framework.AssertionFailedError">junit.framework.AssertionFailedError: Test 117 faild. with signature:protected int MethodForTest();
	at com.topcoder.umltool.deploy.codegen.test.CTests.checkSignatureWithBraces(CTests.java:67)
	at com.topcoder.umltool.deploy.codegen.test.CTests.test117(CTests.java:1640)
	at junit.extensions.TestDecorator.basicRun(TestDecorator.java:24)
	at junit.extensions.TestSetup$1.protect(TestSetup.java:21)
	at junit.extensions.TestSetup.run(TestSetup.java:25)
	at junit.extensions.TestDecorator.basicRun(TestDecorator.java:24)
	at junit.extensions.TestSetup$1.protect(TestSetup.java:21)
	at junit.extensions.TestSetup.run(TestSetup.java:25)
</failure>
  </testcase>
  <testcase classname="com.topcoder.umltool.deploy.codegen.test.CTests" name="test118" time="0.0010">
    <failure message="Test 118 faild. with signature:int MethodForTest();" type="junit.framework.AssertionFailedError">junit.framework.AssertionFailedError: Test 118 faild. with signature:int MethodForTest();
	at com.topcoder.umltool.deploy.codegen.test.CTests.checkSignatureWithBraces(CTests.java:67)
	at com.topcoder.umltool.deploy.codegen.test.CTests.test118(CTests.java:1653)
	at junit.extensions.TestDecorator.basicRun(TestDecorator.java:24)
	at junit.extensions.TestSetup$1.protect(TestSetup.java:21)
	at junit.extensions.TestSetup.run(TestSetup.java:25)
	at junit.extensions.TestDecorator.basicRun(TestDecorator.java:24)
	at junit.extensions.TestSetup$1.protect(TestSetup.java:21)
	at junit.extensions.TestSetup.run(TestSetup.java:25)
</failure>
  </testcase>
  <testcase classname="com.topcoder.umltool.deploy.codegen.test.CTests" name="test120" time="0.0010">
    <failure message="Test 120 faild. with signature:public abstract int MethodForTest();" type="junit.framework.AssertionFailedError">junit.framework.AssertionFailedError: Test 120 faild. with signature:public abstract int MethodForTest();
	at com.topcoder.umltool.deploy.codegen.test.CTests.checkSignatureWithBraces(CTests.java:67)
	at com.topcoder.umltool.deploy.codegen.test.CTests.test120(CTests.java:1666)
	at junit.extensions.TestDecorator.basicRun(TestDecorator.java:24)
	at junit.extensions.TestSetup$1.protect(TestSetup.java:21)
	at junit.extensions.TestSetup.run(TestSetup.java:25)
	at junit.extensions.TestDecorator.basicRun(TestDecorator.java:24)
	at junit.extensions.TestSetup$1.protect(TestSetup.java:21)
	at junit.extensions.TestSetup.run(TestSetup.java:25)
</failure>
  </testcase>
  <testcase classname="com.topcoder.umltool.deploy.codegen.test.CTests" name="test121" time="0.0">
    <failure message="Test 121 faild. with signature:protected abstract int MethodForTest();" type="junit.framework.AssertionFailedError">junit.framework.AssertionFailedError: Test 121 faild. with signature:protected abstract int MethodForTest();
	at com.topcoder.umltool.deploy.codegen.test.CTests.checkSignatureWithBraces(CTests.java:67)
	at com.topcoder.umltool.deploy.codegen.test.CTests.test121(CTests.java:1679)
	at junit.extensions.TestDecorator.basicRun(TestDecorator.java:24)
	at junit.extensions.TestSetup$1.protect(TestSetup.java:21)
	at junit.extensions.TestSetup.run(TestSetup.java:25)
	at junit.extensions.TestDecorator.basicRun(TestDecorator.java:24)
	at junit.extensions.TestSetup$1.protect(TestSetup.java:21)
	at junit.extensions.TestSetup.run(TestSetup.java:25)
</failure>
  </testcase>
  <testcase classname="com.topcoder.umltool.deploy.codegen.test.CTests" name="test122" time="0.0010">
    <failure message="Test 122 faild. with signature:abstract int MethodForTest();" type="junit.framework.AssertionFailedError">junit.framework.AssertionFailedError: Test 122 faild. with signature:abstract int MethodForTest();
	at com.topcoder.umltool.deploy.codegen.test.CTests.checkSignatureWithBraces(CTests.java:67)
	at com.topcoder.umltool.deploy.codegen.test.CTests.test122(CTests.java:1692)
	at junit.extensions.TestDecorator.basicRun(TestDecorator.java:24)
	at junit.extensions.TestSetup$1.protect(TestSetup.java:21)
	at junit.extensions.TestSetup.run(TestSetup.java:25)
	at junit.extensions.TestDecorator.basicRun(TestDecorator.java:24)
	at junit.extensions.TestSetup$1.protect(TestSetup.java:21)
	at junit.extensions.TestSetup.run(TestSetup.java:25)
</failure>
  </testcase>
  <testcase classname="com.topcoder.umltool.deploy.codegen.test.CTests" name="test123" time="0.0">
    <failure message="Test 123 faild. with signature:private abstract int MethodForTest();" type="junit.framework.AssertionFailedError">junit.framework.AssertionFailedError: Test 123 faild. with signature:private abstract int MethodForTest();
	at com.topcoder.umltool.deploy.codegen.test.CTests.checkSignatureWithBraces(CTests.java:67)
	at com.topcoder.umltool.deploy.codegen.test.CTests.test123(CTests.java:1705)
	at junit.extensions.TestDecorator.basicRun(TestDecorator.java:24)
	at junit.extensions.TestSetup$1.protect(TestSetup.java:21)
	at junit.extensions.TestSetup.run(TestSetup.java:25)
	at junit.extensions.TestDecorator.basicRun(TestDecorator.java:24)
	at junit.extensions.TestSetup$1.protect(TestSetup.java:21)
	at junit.extensions.TestSetup.run(TestSetup.java:25)
</failure>
  </testcase>
  <testcase classname="com.topcoder.umltool.deploy.codegen.test.CTests" name="test124" time="0.0030">
    <error message="\Users\nanda\Documents\TopCoder\workspace-tcuml\UMLToolFrontend\test_files\SwingUnitScript\CTest.xml (系统找不到指定的路径。)" type="java.io.FileNotFoundException">java.io.FileNotFoundException: \Users\nanda\Documents\TopCoder\workspace-tcuml\UMLToolFrontend\test_files\SwingUnitScript\CTest.xml (系统找不到指定的路径。)
	at java.io.FileInputStream.open(Native Method)
	at java.io.FileInputStream.&lt;init&gt;(FileInputStream.java:120)
	at java.io.FileInputStream.&lt;init&gt;(FileInputStream.java:79)
	at sun.net.www.protocol.file.FileURLConnection.connect(FileURLConnection.java:70)
	at sun.net.www.protocol.file.FileURLConnection.getInputStream(FileURLConnection.java:161)
	at com.sun.org.apache.xerces.internal.impl.XMLEntityManager.setupCurrentEntity(XMLEntityManager.java:652)
	at com.sun.org.apache.xerces.internal.impl.XMLVersionDetector.determineDocVersion(XMLVersionDetector.java:186)
	at com.sun.org.apache.xerces.internal.parsers.XML11Configuration.parse(XML11Configuration.java:772)
	at com.sun.org.apache.xerces.internal.parsers.XML11Configuration.parse(XML11Configuration.java:737)
	at com.sun.org.apache.xerces.internal.parsers.XMLParser.parse(XMLParser.java:119)
	at com.sun.org.apache.xerces.internal.parsers.AbstractSAXParser.parse(AbstractSAXParser.java:1205)
	at com.sun.org.apache.xerces.internal.jaxp.SAXParserImpl$JAXPSAXParser.parse(SAXParserImpl.java:522)
	at javax.xml.parsers.SAXParser.parse(SAXParser.java:395)
	at swingunit.framework.Scenario.read(Scenario.java:352)
	at swingunit.framework.Scenario.read(Scenario.java:310)
	at com.topcoder.umltool.deploy.codegen.test.CTests.testNScenario(CTests.java:1887)
	at com.topcoder.umltool.deploy.codegen.test.CTests.test124(CTests.java:1717)
	at junit.extensions.TestDecorator.basicRun(TestDecorator.java:24)
	at junit.extensions.TestSetup$1.protect(TestSetup.java:21)
	at junit.extensions.TestSetup.run(TestSetup.java:25)
	at junit.extensions.TestDecorator.basicRun(TestDecorator.java:24)
	at junit.extensions.TestSetup$1.protect(TestSetup.java:21)
	at junit.extensions.TestSetup.run(TestSetup.java:25)
</error>
  </testcase>
  <testcase classname="com.topcoder.umltool.deploy.codegen.test.CTests" name="test125" time="0.0020">
    <error message="\Users\nanda\Documents\TopCoder\workspace-tcuml\UMLToolFrontend\test_files\SwingUnitScript\CTest.xml (系统找不到指定的路径。)" type="java.io.FileNotFoundException">java.io.FileNotFoundException: \Users\nanda\Documents\TopCoder\workspace-tcuml\UMLToolFrontend\test_files\SwingUnitScript\CTest.xml (系统找不到指定的路径。)
	at java.io.FileInputStream.open(Native Method)
	at java.io.FileInputStream.&lt;init&gt;(FileInputStream.java:120)
	at java.io.FileInputStream.&lt;init&gt;(FileInputStream.java:79)
	at sun.net.www.protocol.file.FileURLConnection.connect(FileURLConnection.java:70)
	at sun.net.www.protocol.file.FileURLConnection.getInputStream(FileURLConnection.java:161)
	at com.sun.org.apache.xerces.internal.impl.XMLEntityManager.setupCurrentEntity(XMLEntityManager.java:652)
	at com.sun.org.apache.xerces.internal.impl.XMLVersionDetector.determineDocVersion(XMLVersionDetector.java:186)
	at com.sun.org.apache.xerces.internal.parsers.XML11Configuration.parse(XML11Configuration.java:772)
	at com.sun.org.apache.xerces.internal.parsers.XML11Configuration.parse(XML11Configuration.java:737)
	at com.sun.org.apache.xerces.internal.parsers.XMLParser.parse(XMLParser.java:119)
	at com.sun.org.apache.xerces.internal.parsers.AbstractSAXParser.parse(AbstractSAXParser.java:1205)
	at com.sun.org.apache.xerces.internal.jaxp.SAXParserImpl$JAXPSAXParser.parse(SAXParserImpl.java:522)
	at javax.xml.parsers.SAXParser.parse(SAXParser.java:395)
	at swingunit.framework.Scenario.read(Scenario.java:352)
	at swingunit.framework.Scenario.read(Scenario.java:310)
	at com.topcoder.umltool.deploy.codegen.test.CTests.testNScenario(CTests.java:1887)
	at com.topcoder.umltool.deploy.codegen.test.CTests.test125(CTests.java:1729)
	at junit.extensions.TestDecorator.basicRun(TestDecorator.java:24)
	at junit.extensions.TestSetup$1.protect(TestSetup.java:21)
	at junit.extensions.TestSetup.run(TestSetup.java:25)
	at junit.extensions.TestDecorator.basicRun(TestDecorator.java:24)
	at junit.extensions.TestSetup$1.protect(TestSetup.java:21)
	at junit.extensions.TestSetup.run(TestSetup.java:25)
</error>
  </testcase>
  <testcase classname="com.topcoder.umltool.deploy.codegen.test.CTests" name="test126" time="0.0020">
    <error message="\Users\nanda\Documents\TopCoder\workspace-tcuml\UMLToolFrontend\test_files\SwingUnitScript\CTest.xml (系统找不到指定的路径。)" type="java.io.FileNotFoundException">java.io.FileNotFoundException: \Users\nanda\Documents\TopCoder\workspace-tcuml\UMLToolFrontend\test_files\SwingUnitScript\CTest.xml (系统找不到指定的路径。)
	at java.io.FileInputStream.open(Native Method)
	at java.io.FileInputStream.&lt;init&gt;(FileInputStream.java:120)
	at java.io.FileInputStream.&lt;init&gt;(FileInputStream.java:79)
	at sun.net.www.protocol.file.FileURLConnection.connect(FileURLConnection.java:70)
	at sun.net.www.protocol.file.FileURLConnection.getInputStream(FileURLConnection.java:161)
	at com.sun.org.apache.xerces.internal.impl.XMLEntityManager.setupCurrentEntity(XMLEntityManager.java:652)
	at com.sun.org.apache.xerces.internal.impl.XMLVersionDetector.determineDocVersion(XMLVersionDetector.java:186)
	at com.sun.org.apache.xerces.internal.parsers.XML11Configuration.parse(XML11Configuration.java:772)
	at com.sun.org.apache.xerces.internal.parsers.XML11Configuration.parse(XML11Configuration.java:737)
	at com.sun.org.apache.xerces.internal.parsers.XMLParser.parse(XMLParser.java:119)
	at com.sun.org.apache.xerces.internal.parsers.AbstractSAXParser.parse(AbstractSAXParser.java:1205)
	at com.sun.org.apache.xerces.internal.jaxp.SAXParserImpl$JAXPSAXParser.parse(SAXParserImpl.java:522)
	at javax.xml.parsers.SAXParser.parse(SAXParser.java:395)
	at swingunit.framework.Scenario.read(Scenario.java:352)
	at swingunit.framework.Scenario.read(Scenario.java:310)
	at com.topcoder.umltool.deploy.codegen.test.CTests.testNScenario(CTests.java:1887)
	at com.topcoder.umltool.deploy.codegen.test.CTests.test126(CTests.java:1741)
	at junit.extensions.TestDecorator.basicRun(TestDecorator.java:24)
	at junit.extensions.TestSetup$1.protect(TestSetup.java:21)
	at junit.extensions.TestSetup.run(TestSetup.java:25)
	at junit.extensions.TestDecorator.basicRun(TestDecorator.java:24)
	at junit.extensions.TestSetup$1.protect(TestSetup.java:21)
	at junit.extensions.TestSetup.run(TestSetup.java:25)
</error>
  </testcase>
  <testcase classname="com.topcoder.umltool.deploy.codegen.test.CTests" name="test127" time="0.0030">
    <error message="\Users\nanda\Documents\TopCoder\workspace-tcuml\UMLToolFrontend\test_files\SwingUnitScript\CTest.xml (系统找不到指定的路径。)" type="java.io.FileNotFoundException">java.io.FileNotFoundException: \Users\nanda\Documents\TopCoder\workspace-tcuml\UMLToolFrontend\test_files\SwingUnitScript\CTest.xml (系统找不到指定的路径。)
	at java.io.FileInputStream.open(Native Method)
	at java.io.FileInputStream.&lt;init&gt;(FileInputStream.java:120)
	at java.io.FileInputStream.&lt;init&gt;(FileInputStream.java:79)
	at sun.net.www.protocol.file.FileURLConnection.connect(FileURLConnection.java:70)
	at sun.net.www.protocol.file.FileURLConnection.getInputStream(FileURLConnection.java:161)
	at com.sun.org.apache.xerces.internal.impl.XMLEntityManager.setupCurrentEntity(XMLEntityManager.java:652)
	at com.sun.org.apache.xerces.internal.impl.XMLVersionDetector.determineDocVersion(XMLVersionDetector.java:186)
	at com.sun.org.apache.xerces.internal.parsers.XML11Configuration.parse(XML11Configuration.java:772)
	at com.sun.org.apache.xerces.internal.parsers.XML11Configuration.parse(XML11Configuration.java:737)
	at com.sun.org.apache.xerces.internal.parsers.XMLParser.parse(XMLParser.java:119)
	at com.sun.org.apache.xerces.internal.parsers.AbstractSAXParser.parse(AbstractSAXParser.java:1205)
	at com.sun.org.apache.xerces.internal.jaxp.SAXParserImpl$JAXPSAXParser.parse(SAXParserImpl.java:522)
	at javax.xml.parsers.SAXParser.parse(SAXParser.java:395)
	at swingunit.framework.Scenario.read(Scenario.java:352)
	at swingunit.framework.Scenario.read(Scenario.java:310)
	at com.topcoder.umltool.deploy.codegen.test.CTests.testNScenario(CTests.java:1887)
	at com.topcoder.umltool.deploy.codegen.test.CTests.test127(CTests.java:1754)
	at junit.extensions.TestDecorator.basicRun(TestDecorator.java:24)
	at junit.extensions.TestSetup$1.protect(TestSetup.java:21)
	at junit.extensions.TestSetup.run(TestSetup.java:25)
	at junit.extensions.TestDecorator.basicRun(TestDecorator.java:24)
	at junit.extensions.TestSetup$1.protect(TestSetup.java:21)
	at junit.extensions.TestSetup.run(TestSetup.java:25)
</error>
  </testcase>
  <testcase classname="com.topcoder.umltool.deploy.codegen.test.CTests" name="test128" time="0.0040">
    <error message="\Users\nanda\Documents\TopCoder\workspace-tcuml\UMLToolFrontend\test_files\SwingUnitScript\CTest.xml (系统找不到指定的路径。)" type="java.io.FileNotFoundException">java.io.FileNotFoundException: \Users\nanda\Documents\TopCoder\workspace-tcuml\UMLToolFrontend\test_files\SwingUnitScript\CTest.xml (系统找不到指定的路径。)
	at java.io.FileInputStream.open(Native Method)
	at java.io.FileInputStream.&lt;init&gt;(FileInputStream.java:120)
	at java.io.FileInputStream.&lt;init&gt;(FileInputStream.java:79)
	at sun.net.www.protocol.file.FileURLConnection.connect(FileURLConnection.java:70)
	at sun.net.www.protocol.file.FileURLConnection.getInputStream(FileURLConnection.java:161)
	at com.sun.org.apache.xerces.internal.impl.XMLEntityManager.setupCurrentEntity(XMLEntityManager.java:652)
	at com.sun.org.apache.xerces.internal.impl.XMLVersionDetector.determineDocVersion(XMLVersionDetector.java:186)
	at com.sun.org.apache.xerces.internal.parsers.XML11Configuration.parse(XML11Configuration.java:772)
	at com.sun.org.apache.xerces.internal.parsers.XML11Configuration.parse(XML11Configuration.java:737)
	at com.sun.org.apache.xerces.internal.parsers.XMLParser.parse(XMLParser.java:119)
	at com.sun.org.apache.xerces.internal.parsers.AbstractSAXParser.parse(AbstractSAXParser.java:1205)
	at com.sun.org.apache.xerces.internal.jaxp.SAXParserImpl$JAXPSAXParser.parse(SAXParserImpl.java:522)
	at javax.xml.parsers.SAXParser.parse(SAXParser.java:395)
	at swingunit.framework.Scenario.read(Scenario.java:352)
	at swingunit.framework.Scenario.read(Scenario.java:310)
	at com.topcoder.umltool.deploy.codegen.test.CTests.testNScenario(CTests.java:1887)
	at com.topcoder.umltool.deploy.codegen.test.CTests.test128(CTests.java:1767)
	at junit.extensions.TestDecorator.basicRun(TestDecorator.java:24)
	at junit.extensions.TestSetup$1.protect(TestSetup.java:21)
	at junit.extensions.TestSetup.run(TestSetup.java:25)
	at junit.extensions.TestDecorator.basicRun(TestDecorator.java:24)
	at junit.extensions.TestSetup$1.protect(TestSetup.java:21)
	at junit.extensions.TestSetup.run(TestSetup.java:25)
</error>
  </testcase>
  <testcase classname="com.topcoder.umltool.deploy.codegen.test.CTests" name="test129" time="0.0030">
    <error message="\Users\nanda\Documents\TopCoder\workspace-tcuml\UMLToolFrontend\test_files\SwingUnitScript\CTest.xml (系统找不到指定的路径。)" type="java.io.FileNotFoundException">java.io.FileNotFoundException: \Users\nanda\Documents\TopCoder\workspace-tcuml\UMLToolFrontend\test_files\SwingUnitScript\CTest.xml (系统找不到指定的路径。)
	at java.io.FileInputStream.open(Native Method)
	at java.io.FileInputStream.&lt;init&gt;(FileInputStream.java:120)
	at java.io.FileInputStream.&lt;init&gt;(FileInputStream.java:79)
	at sun.net.www.protocol.file.FileURLConnection.connect(FileURLConnection.java:70)
	at sun.net.www.protocol.file.FileURLConnection.getInputStream(FileURLConnection.java:161)
	at com.sun.org.apache.xerces.internal.impl.XMLEntityManager.setupCurrentEntity(XMLEntityManager.java:652)
	at com.sun.org.apache.xerces.internal.impl.XMLVersionDetector.determineDocVersion(XMLVersionDetector.java:186)
	at com.sun.org.apache.xerces.internal.parsers.XML11Configuration.parse(XML11Configuration.java:772)
	at com.sun.org.apache.xerces.internal.parsers.XML11Configuration.parse(XML11Configuration.java:737)
	at com.sun.org.apache.xerces.internal.parsers.XMLParser.parse(XMLParser.java:119)
	at com.sun.org.apache.xerces.internal.parsers.AbstractSAXParser.parse(AbstractSAXParser.java:1205)
	at com.sun.org.apache.xerces.internal.jaxp.SAXParserImpl$JAXPSAXParser.parse(SAXParserImpl.java:522)
	at javax.xml.parsers.SAXParser.parse(SAXParser.java:395)
	at swingunit.framework.Scenario.read(Scenario.java:352)
	at swingunit.framework.Scenario.read(Scenario.java:310)
	at com.topcoder.umltool.deploy.codegen.test.CTests.testNScenario(CTests.java:1887)
	at com.topcoder.umltool.deploy.codegen.test.CTests.test129(CTests.java:1780)
	at junit.extensions.TestDecorator.basicRun(TestDecorator.java:24)
	at junit.extensions.TestSetup$1.protect(TestSetup.java:21)
	at junit.extensions.TestSetup.run(TestSetup.java:25)
	at junit.extensions.TestDecorator.basicRun(TestDecorator.java:24)
	at junit.extensions.TestSetup$1.protect(TestSetup.java:21)
	at junit.extensions.TestSetup.run(TestSetup.java:25)
</error>
  </testcase>
  <testcase classname="com.topcoder.umltool.deploy.codegen.test.CTests" name="test130" time="0.0040">
    <error message="\Users\nanda\Documents\TopCoder\workspace-tcuml\UMLToolFrontend\test_files\SwingUnitScript\CTest.xml (系统找不到指定的路径。)" type="java.io.FileNotFoundException">java.io.FileNotFoundException: \Users\nanda\Documents\TopCoder\workspace-tcuml\UMLToolFrontend\test_files\SwingUnitScript\CTest.xml (系统找不到指定的路径。)
	at java.io.FileInputStream.open(Native Method)
	at java.io.FileInputStream.&lt;init&gt;(FileInputStream.java:120)
	at java.io.FileInputStream.&lt;init&gt;(FileInputStream.java:79)
	at sun.net.www.protocol.file.FileURLConnection.connect(FileURLConnection.java:70)
	at sun.net.www.protocol.file.FileURLConnection.getInputStream(FileURLConnection.java:161)
	at com.sun.org.apache.xerces.internal.impl.XMLEntityManager.setupCurrentEntity(XMLEntityManager.java:652)
	at com.sun.org.apache.xerces.internal.impl.XMLVersionDetector.determineDocVersion(XMLVersionDetector.java:186)
	at com.sun.org.apache.xerces.internal.parsers.XML11Configuration.parse(XML11Configuration.java:772)
	at com.sun.org.apache.xerces.internal.parsers.XML11Configuration.parse(XML11Configuration.java:737)
	at com.sun.org.apache.xerces.internal.parsers.XMLParser.parse(XMLParser.java:119)
	at com.sun.org.apache.xerces.internal.parsers.AbstractSAXParser.parse(AbstractSAXParser.java:1205)
	at com.sun.org.apache.xerces.internal.jaxp.SAXParserImpl$JAXPSAXParser.parse(SAXParserImpl.java:522)
	at javax.xml.parsers.SAXParser.parse(SAXParser.java:395)
	at swingunit.framework.Scenario.read(Scenario.java:352)
	at swingunit.framework.Scenario.read(Scenario.java:310)
	at com.topcoder.umltool.deploy.codegen.test.CTests.testNScenario(CTests.java:1887)
	at com.topcoder.umltool.deploy.codegen.test.CTests.test130(CTests.java:1792)
	at junit.extensions.TestDecorator.basicRun(TestDecorator.java:24)
	at junit.extensions.TestSetup$1.protect(TestSetup.java:21)
	at junit.extensions.TestSetup.run(TestSetup.java:25)
	at junit.extensions.TestDecorator.basicRun(TestDecorator.java:24)
	at junit.extensions.TestSetup$1.protect(TestSetup.java:21)
	at junit.extensions.TestSetup.run(TestSetup.java:25)
</error>
  </testcase>
  <testcase classname="com.topcoder.umltool.deploy.codegen.test.CTests" name="test131" time="0.0020">
    <error message="\Users\nanda\Documents\TopCoder\workspace-tcuml\UMLToolFrontend\test_files\SwingUnitScript\CTest.xml (系统找不到指定的路径。)" type="java.io.FileNotFoundException">java.io.FileNotFoundException: \Users\nanda\Documents\TopCoder\workspace-tcuml\UMLToolFrontend\test_files\SwingUnitScript\CTest.xml (系统找不到指定的路径。)
	at java.io.FileInputStream.open(Native Method)
	at java.io.FileInputStream.&lt;init&gt;(FileInputStream.java:120)
	at java.io.FileInputStream.&lt;init&gt;(FileInputStream.java:79)
	at sun.net.www.protocol.file.FileURLConnection.connect(FileURLConnection.java:70)
	at sun.net.www.protocol.file.FileURLConnection.getInputStream(FileURLConnection.java:161)
	at com.sun.org.apache.xerces.internal.impl.XMLEntityManager.setupCurrentEntity(XMLEntityManager.java:652)
	at com.sun.org.apache.xerces.internal.impl.XMLVersionDetector.determineDocVersion(XMLVersionDetector.java:186)
	at com.sun.org.apache.xerces.internal.parsers.XML11Configuration.parse(XML11Configuration.java:772)
	at com.sun.org.apache.xerces.internal.parsers.XML11Configuration.parse(XML11Configuration.java:737)
	at com.sun.org.apache.xerces.internal.parsers.XMLParser.parse(XMLParser.java:119)
	at com.sun.org.apache.xerces.internal.parsers.AbstractSAXParser.parse(AbstractSAXParser.java:1205)
	at com.sun.org.apache.xerces.internal.jaxp.SAXParserImpl$JAXPSAXParser.parse(SAXParserImpl.java:522)
	at javax.xml.parsers.SAXParser.parse(SAXParser.java:395)
	at swingunit.framework.Scenario.read(Scenario.java:352)
	at swingunit.framework.Scenario.read(Scenario.java:310)
	at com.topcoder.umltool.deploy.codegen.test.CTests.testNScenario(CTests.java:1887)
	at com.topcoder.umltool.deploy.codegen.test.CTests.test131(CTests.java:1804)
	at junit.extensions.TestDecorator.basicRun(TestDecorator.java:24)
	at junit.extensions.TestSetup$1.protect(TestSetup.java:21)
	at junit.extensions.TestSetup.run(TestSetup.java:25)
	at junit.extensions.TestDecorator.basicRun(TestDecorator.java:24)
	at junit.extensions.TestSetup$1.protect(TestSetup.java:21)
	at junit.extensions.TestSetup.run(TestSetup.java:25)
</error>
  </testcase>
  <testcase classname="com.topcoder.umltool.deploy.codegen.test.CTests" name="test132" time="0.0020">
    <error message="\Users\nanda\Documents\TopCoder\workspace-tcuml\UMLToolFrontend\test_files\SwingUnitScript\CTest.xml (系统找不到指定的路径。)" type="java.io.FileNotFoundException">java.io.FileNotFoundException: \Users\nanda\Documents\TopCoder\workspace-tcuml\UMLToolFrontend\test_files\SwingUnitScript\CTest.xml (系统找不到指定的路径。)
	at java.io.FileInputStream.open(Native Method)
	at java.io.FileInputStream.&lt;init&gt;(FileInputStream.java:120)
	at java.io.FileInputStream.&lt;init&gt;(FileInputStream.java:79)
	at sun.net.www.protocol.file.FileURLConnection.connect(FileURLConnection.java:70)
	at sun.net.www.protocol.file.FileURLConnection.getInputStream(FileURLConnection.java:161)
	at com.sun.org.apache.xerces.internal.impl.XMLEntityManager.setupCurrentEntity(XMLEntityManager.java:652)
	at com.sun.org.apache.xerces.internal.impl.XMLVersionDetector.determineDocVersion(XMLVersionDetector.java:186)
	at com.sun.org.apache.xerces.internal.parsers.XML11Configuration.parse(XML11Configuration.java:772)
	at com.sun.org.apache.xerces.internal.parsers.XML11Configuration.parse(XML11Configuration.java:737)
	at com.sun.org.apache.xerces.internal.parsers.XMLParser.parse(XMLParser.java:119)
	at com.sun.org.apache.xerces.internal.parsers.AbstractSAXParser.parse(AbstractSAXParser.java:1205)
	at com.sun.org.apache.xerces.internal.jaxp.SAXParserImpl$JAXPSAXParser.parse(SAXParserImpl.java:522)
	at javax.xml.parsers.SAXParser.parse(SAXParser.java:395)
	at swingunit.framework.Scenario.read(Scenario.java:352)
	at swingunit.framework.Scenario.read(Scenario.java:310)
	at com.topcoder.umltool.deploy.codegen.test.CTests.testNScenario(CTests.java:1887)
	at com.topcoder.umltool.deploy.codegen.test.CTests.test132(CTests.java:1816)
	at junit.extensions.TestDecorator.basicRun(TestDecorator.java:24)
	at junit.extensions.TestSetup$1.protect(TestSetup.java:21)
	at junit.extensions.TestSetup.run(TestSetup.java:25)
	at junit.extensions.TestDecorator.basicRun(TestDecorator.java:24)
	at junit.extensions.TestSetup$1.protect(TestSetup.java:21)
	at junit.extensions.TestSetup.run(TestSetup.java:25)
</error>
  </testcase>
  <testcase classname="com.topcoder.umltool.deploy.codegen.test.CTests" name="test133" time="0.0030">
    <error message="\Users\nanda\Documents\TopCoder\workspace-tcuml\UMLToolFrontend\test_files\SwingUnitScript\CTest.xml (系统找不到指定的路径。)" type="java.io.FileNotFoundException">java.io.FileNotFoundException: \Users\nanda\Documents\TopCoder\workspace-tcuml\UMLToolFrontend\test_files\SwingUnitScript\CTest.xml (系统找不到指定的路径。)
	at java.io.FileInputStream.open(Native Method)
	at java.io.FileInputStream.&lt;init&gt;(FileInputStream.java:120)
	at java.io.FileInputStream.&lt;init&gt;(FileInputStream.java:79)
	at sun.net.www.protocol.file.FileURLConnection.connect(FileURLConnection.java:70)
	at sun.net.www.protocol.file.FileURLConnection.getInputStream(FileURLConnection.java:161)
	at com.sun.org.apache.xerces.internal.impl.XMLEntityManager.setupCurrentEntity(XMLEntityManager.java:652)
	at com.sun.org.apache.xerces.internal.impl.XMLVersionDetector.determineDocVersion(XMLVersionDetector.java:186)
	at com.sun.org.apache.xerces.internal.parsers.XML11Configuration.parse(XML11Configuration.java:772)
	at com.sun.org.apache.xerces.internal.parsers.XML11Configuration.parse(XML11Configuration.java:737)
	at com.sun.org.apache.xerces.internal.parsers.XMLParser.parse(XMLParser.java:119)
	at com.sun.org.apache.xerces.internal.parsers.AbstractSAXParser.parse(AbstractSAXParser.java:1205)
	at com.sun.org.apache.xerces.internal.jaxp.SAXParserImpl$JAXPSAXParser.parse(SAXParserImpl.java:522)
	at javax.xml.parsers.SAXParser.parse(SAXParser.java:395)
	at swingunit.framework.Scenario.read(Scenario.java:352)
	at swingunit.framework.Scenario.read(Scenario.java:310)
	at com.topcoder.umltool.deploy.codegen.test.CTests.testNScenario(CTests.java:1887)
	at com.topcoder.umltool.deploy.codegen.test.CTests.test133(CTests.java:1827)
	at junit.extensions.TestDecorator.basicRun(TestDecorator.java:24)
	at junit.extensions.TestSetup$1.protect(TestSetup.java:21)
	at junit.extensions.TestSetup.run(TestSetup.java:25)
	at junit.extensions.TestDecorator.basicRun(TestDecorator.java:24)
	at junit.extensions.TestSetup$1.protect(TestSetup.java:21)
	at junit.extensions.TestSetup.run(TestSetup.java:25)
</error>
  </testcase>
  <testcase classname="com.topcoder.umltool.deploy.codegen.test.CTests" name="test134" time="0.0020">
    <error message="\Users\nanda\Documents\TopCoder\workspace-tcuml\UMLToolFrontend\test_files\SwingUnitScript\CTest.xml (系统找不到指定的路径。)" type="java.io.FileNotFoundException">java.io.FileNotFoundException: \Users\nanda\Documents\TopCoder\workspace-tcuml\UMLToolFrontend\test_files\SwingUnitScript\CTest.xml (系统找不到指定的路径。)
	at java.io.FileInputStream.open(Native Method)
	at java.io.FileInputStream.&lt;init&gt;(FileInputStream.java:120)
	at java.io.FileInputStream.&lt;init&gt;(FileInputStream.java:79)
	at sun.net.www.protocol.file.FileURLConnection.connect(FileURLConnection.java:70)
	at sun.net.www.protocol.file.FileURLConnection.getInputStream(FileURLConnection.java:161)
	at com.sun.org.apache.xerces.internal.impl.XMLEntityManager.setupCurrentEntity(XMLEntityManager.java:652)
	at com.sun.org.apache.xerces.internal.impl.XMLVersionDetector.determineDocVersion(XMLVersionDetector.java:186)
	at com.sun.org.apache.xerces.internal.parsers.XML11Configuration.parse(XML11Configuration.java:772)
	at com.sun.org.apache.xerces.internal.parsers.XML11Configuration.parse(XML11Configuration.java:737)
	at com.sun.org.apache.xerces.internal.parsers.XMLParser.parse(XMLParser.java:119)
	at com.sun.org.apache.xerces.internal.parsers.AbstractSAXParser.parse(AbstractSAXParser.java:1205)
	at com.sun.org.apache.xerces.internal.jaxp.SAXParserImpl$JAXPSAXParser.parse(SAXParserImpl.java:522)
	at javax.xml.parsers.SAXParser.parse(SAXParser.java:395)
	at swingunit.framework.Scenario.read(Scenario.java:352)
	at swingunit.framework.Scenario.read(Scenario.java:310)
	at com.topcoder.umltool.deploy.codegen.test.CTests.testNScenario(CTests.java:1887)
	at com.topcoder.umltool.deploy.codegen.test.CTests.test134(CTests.java:1839)
	at junit.extensions.TestDecorator.basicRun(TestDecorator.java:24)
	at junit.extensions.TestSetup$1.protect(TestSetup.java:21)
	at junit.extensions.TestSetup.run(TestSetup.java:25)
	at junit.extensions.TestDecorator.basicRun(TestDecorator.java:24)
	at junit.extensions.TestSetup$1.protect(TestSetup.java:21)
	at junit.extensions.TestSetup.run(TestSetup.java:25)
</error>
  </testcase>
  <testcase classname="com.topcoder.umltool.deploy.codegen.test.CTests" name="test131i" time="0.0010">
    <failure message="131" type="junit.framework.AssertionFailedError">junit.framework.AssertionFailedError: 131
	at com.topcoder.umltool.deploy.codegen.test.CTests.test131i(CTests.java:1854)
	at junit.extensions.TestDecorator.basicRun(TestDecorator.java:24)
	at junit.extensions.TestSetup$1.protect(TestSetup.java:21)
	at junit.extensions.TestSetup.run(TestSetup.java:25)
	at junit.extensions.TestDecorator.basicRun(TestDecorator.java:24)
	at junit.extensions.TestSetup$1.protect(TestSetup.java:21)
	at junit.extensions.TestSetup.run(TestSetup.java:25)
</failure>
  </testcase>
  <testcase classname="com.topcoder.umltool.deploy.codegen.test.CTests" name="test134i" time="0.0">
    <failure message="134" type="junit.framework.AssertionFailedError">junit.framework.AssertionFailedError: 134
	at com.topcoder.umltool.deploy.codegen.test.CTests.test134i(CTests.java:1869)
	at junit.extensions.TestDecorator.basicRun(TestDecorator.java:24)
	at junit.extensions.TestSetup$1.protect(TestSetup.java:21)
	at junit.extensions.TestSetup.run(TestSetup.java:25)
	at junit.extensions.TestDecorator.basicRun(TestDecorator.java:24)
	at junit.extensions.TestSetup$1.protect(TestSetup.java:21)
	at junit.extensions.TestSetup.run(TestSetup.java:25)
</failure>
  </testcase>
  <testcase classname="com.topcoder.umltool.deploy.codegen.test.JavaTests" name="test1" time="0.0010">
    <failure message="Test 1 failed.With class name:com.topcoder.vault.facade.Test1" type="junit.framework.AssertionFailedError">junit.framework.AssertionFailedError: Test 1 failed.With class name:com.topcoder.vault.facade.Test1
	at com.topcoder.umltool.deploy.codegen.test.JavaTests.test1(JavaTests.java:42)
	at junit.extensions.TestDecorator.basicRun(TestDecorator.java:24)
	at junit.extensions.TestSetup$1.protect(TestSetup.java:21)
	at junit.extensions.TestSetup.run(TestSetup.java:25)
	at junit.extensions.TestDecorator.basicRun(TestDecorator.java:24)
	at junit.extensions.TestSetup$1.protect(TestSetup.java:21)
	at junit.extensions.TestSetup.run(TestSetup.java:25)
</failure>
  </testcase>
  <testcase classname="com.topcoder.umltool.deploy.codegen.test.JavaTests" name="test2" time="0.0">
    <failure message="Test 2 failed.With content:/**" type="junit.framework.AssertionFailedError">junit.framework.AssertionFailedError: Test 2 failed.With content:/**
	at com.topcoder.umltool.deploy.codegen.test.JavaTests.test2(JavaTests.java:58)
	at junit.extensions.TestDecorator.basicRun(TestDecorator.java:24)
	at junit.extensions.TestSetup$1.protect(TestSetup.java:21)
	at junit.extensions.TestSetup.run(TestSetup.java:25)
	at junit.extensions.TestDecorator.basicRun(TestDecorator.java:24)
	at junit.extensions.TestSetup$1.protect(TestSetup.java:21)
	at junit.extensions.TestSetup.run(TestSetup.java:25)
</failure>
  </testcase>
  <testcase classname="com.topcoder.umltool.deploy.codegen.test.JavaTests" name="test3" time="0.0010">
    <failure message="Test 3 failed.@author missing" type="junit.framework.AssertionFailedError">junit.framework.AssertionFailedError: Test 3 failed.@author missing
	at com.topcoder.umltool.deploy.codegen.test.JavaTests.test3(JavaTests.java:84)
	at junit.extensions.TestDecorator.basicRun(TestDecorator.java:24)
	at junit.extensions.TestSetup$1.protect(TestSetup.java:21)
	at junit.extensions.TestSetup.run(TestSetup.java:25)
	at junit.extensions.TestDecorator.basicRun(TestDecorator.java:24)
	at junit.extensions.TestSetup$1.protect(TestSetup.java:21)
	at junit.extensions.TestSetup.run(TestSetup.java:25)
</failure>
  </testcase>
  <testcase classname="com.topcoder.umltool.deploy.codegen.test.JavaTests" name="test4" time="0.0">
    <failure message="Test 4 failed. with signature:public final class VaultManager {" type="junit.framework.AssertionFailedError">junit.framework.AssertionFailedError: Test 4 failed. with signature:public final class VaultManager {
	at com.topcoder.umltool.deploy.codegen.test.JavaTests.checkSignatureWithBraces(JavaTests.java:1725)
	at com.topcoder.umltool.deploy.codegen.test.JavaTests.test4(JavaTests.java:116)
	at junit.extensions.TestDecorator.basicRun(TestDecorator.java:24)
	at junit.extensions.TestSetup$1.protect(TestSetup.java:21)
	at junit.extensions.TestSetup.run(TestSetup.java:25)
	at junit.extensions.TestDecorator.basicRun(TestDecorator.java:24)
	at junit.extensions.TestSetup$1.protect(TestSetup.java:21)
	at junit.extensions.TestSetup.run(TestSetup.java:25)
</failure>
  </testcase>
  <testcase classname="com.topcoder.umltool.deploy.codegen.test.JavaTests" name="test5" time="0.0010">
    <failure message="Test 5 failed. with signature:class VaultManager {" type="junit.framework.AssertionFailedError">junit.framework.AssertionFailedError: Test 5 failed. with signature:class VaultManager {
	at com.topcoder.umltool.deploy.codegen.test.JavaTests.checkSignatureWithBraces(JavaTests.java:1725)
	at com.topcoder.umltool.deploy.codegen.test.JavaTests.test5(JavaTests.java:129)
	at junit.extensions.TestDecorator.basicRun(TestDecorator.java:24)
	at junit.extensions.TestSetup$1.protect(TestSetup.java:21)
	at junit.extensions.TestSetup.run(TestSetup.java:25)
	at junit.extensions.TestDecorator.basicRun(TestDecorator.java:24)
	at junit.extensions.TestSetup$1.protect(TestSetup.java:21)
	at junit.extensions.TestSetup.run(TestSetup.java:25)
</failure>
  </testcase>
  <testcase classname="com.topcoder.umltool.deploy.codegen.test.JavaTests" name="test6" time="0.0010">
    <failure message="Test 6 failed. with signature:public abstract class VaultManager {" type="junit.framework.AssertionFailedError">junit.framework.AssertionFailedError: Test 6 failed. with signature:public abstract class VaultManager {
	at com.topcoder.umltool.deploy.codegen.test.JavaTests.checkSignatureWithBraces(JavaTests.java:1725)
	at com.topcoder.umltool.deploy.codegen.test.JavaTests.test6(JavaTests.java:141)
	at junit.extensions.TestDecorator.basicRun(TestDecorator.java:24)
	at junit.extensions.TestSetup$1.protect(TestSetup.java:21)
	at junit.extensions.TestSetup.run(TestSetup.java:25)
	at junit.extensions.TestDecorator.basicRun(TestDecorator.java:24)
	at junit.extensions.TestSetup$1.protect(TestSetup.java:21)
	at junit.extensions.TestSetup.run(TestSetup.java:25)
</failure>
  </testcase>
  <testcase classname="com.topcoder.umltool.deploy.codegen.test.JavaTests" name="test7" time="0.0010">
    <failure message="Test 7 failed. with signature:public interface EntityChangeListener {" type="junit.framework.AssertionFailedError">junit.framework.AssertionFailedError: Test 7 failed. with signature:public interface EntityChangeListener {
	at com.topcoder.umltool.deploy.codegen.test.JavaTests.checkSignatureWithBraces(JavaTests.java:1725)
	at com.topcoder.umltool.deploy.codegen.test.JavaTests.test7(JavaTests.java:153)
	at junit.extensions.TestDecorator.basicRun(TestDecorator.java:24)
	at junit.extensions.TestSetup$1.protect(TestSetup.java:21)
	at junit.extensions.TestSetup.run(TestSetup.java:25)
	at junit.extensions.TestDecorator.basicRun(TestDecorator.java:24)
	at junit.extensions.TestSetup$1.protect(TestSetup.java:21)
	at junit.extensions.TestSetup.run(TestSetup.java:25)
</failure>
  </testcase>
  <testcase classname="com.topcoder.umltool.deploy.codegen.test.JavaTests" name="test8" time="0.0">
    <failure message="Test 8 failed. with signature:enum EntitychangeEventType {" type="junit.framework.AssertionFailedError">junit.framework.AssertionFailedError: Test 8 failed. with signature:enum EntitychangeEventType {
	at com.topcoder.umltool.deploy.codegen.test.JavaTests.checkSignatureWithBraces(JavaTests.java:1725)
	at com.topcoder.umltool.deploy.codegen.test.JavaTests.test8(JavaTests.java:165)
	at junit.extensions.TestDecorator.basicRun(TestDecorator.java:24)
	at junit.extensions.TestSetup$1.protect(TestSetup.java:21)
	at junit.extensions.TestSetup.run(TestSetup.java:25)
	at junit.extensions.TestDecorator.basicRun(TestDecorator.java:24)
	at junit.extensions.TestSetup$1.protect(TestSetup.java:21)
	at junit.extensions.TestSetup.run(TestSetup.java:25)
</failure>
  </testcase>
  <testcase classname="com.topcoder.umltool.deploy.codegen.test.JavaTests" name="test9" time="0.0020">
    <failure message="Test 9 failed. with signature:public class EntityChangeListener extends Listener {" type="junit.framework.AssertionFailedError">junit.framework.AssertionFailedError: Test 9 failed. with signature:public class EntityChangeListener extends Listener {
	at com.topcoder.umltool.deploy.codegen.test.JavaTests.checkSignatureWithBraces(JavaTests.java:1725)
	at com.topcoder.umltool.deploy.codegen.test.JavaTests.test9(JavaTests.java:178)
	at junit.extensions.TestDecorator.basicRun(TestDecorator.java:24)
	at junit.extensions.TestSetup$1.protect(TestSetup.java:21)
	at junit.extensions.TestSetup.run(TestSetup.java:25)
	at junit.extensions.TestDecorator.basicRun(TestDecorator.java:24)
	at junit.extensions.TestSetup$1.protect(TestSetup.java:21)
	at junit.extensions.TestSetup.run(TestSetup.java:25)
</failure>
  </testcase>
  <testcase classname="com.topcoder.umltool.deploy.codegen.test.JavaTests" name="test10" time="0.0020">
    <failure message="Test 10 failed. with signature:public class EntityChangeListener implements Listener {" type="junit.framework.AssertionFailedError">junit.framework.AssertionFailedError: Test 10 failed. with signature:public class EntityChangeListener implements Listener {
	at com.topcoder.umltool.deploy.codegen.test.JavaTests.checkSignatureWithBraces(JavaTests.java:1725)
	at com.topcoder.umltool.deploy.codegen.test.JavaTests.test10(JavaTests.java:191)
	at junit.extensions.TestDecorator.basicRun(TestDecorator.java:24)
	at junit.extensions.TestSetup$1.protect(TestSetup.java:21)
	at junit.extensions.TestSetup.run(TestSetup.java:25)
	at junit.extensions.TestDecorator.basicRun(TestDecorator.java:24)
	at junit.extensions.TestSetup$1.protect(TestSetup.java:21)
	at junit.extensions.TestSetup.run(TestSetup.java:25)
</failure>
  </testcase>
  <testcase classname="com.topcoder.umltool.deploy.codegen.test.JavaTests" name="test11" time="0.0010">
    <failure message="Test 11 failed. with signature:interface IEntityChangeListener extends Ilistener {" type="junit.framework.AssertionFailedError">junit.framework.AssertionFailedError: Test 11 failed. with signature:interface IEntityChangeListener extends Ilistener {
	at com.topcoder.umltool.deploy.codegen.test.JavaTests.checkSignatureWithBraces(JavaTests.java:1725)
	at com.topcoder.umltool.deploy.codegen.test.JavaTests.test11(JavaTests.java:204)
	at junit.extensions.TestDecorator.basicRun(TestDecorator.java:24)
	at junit.extensions.TestSetup$1.protect(TestSetup.java:21)
	at junit.extensions.TestSetup.run(TestSetup.java:25)
	at junit.extensions.TestDecorator.basicRun(TestDecorator.java:24)
	at junit.extensions.TestSetup$1.protect(TestSetup.java:21)
	at junit.extensions.TestSetup.run(TestSetup.java:25)
</failure>
  </testcase>
  <testcase classname="com.topcoder.umltool.deploy.codegen.test.JavaTests" name="test12" time="0.0020">
    <failure message="Test 12 failed. with signature:    /**
     * This is the comments
     */
    public String AttributeWithDocument;
" type="junit.framework.AssertionFailedError">junit.framework.AssertionFailedError: Test 12 failed. with signature:    /**
     * This is the comments
     */
    public String AttributeWithDocument;

	at com.topcoder.umltool.deploy.codegen.test.JavaTests.checkSignature(JavaTests.java:1744)
	at com.topcoder.umltool.deploy.codegen.test.JavaTests.test12(JavaTests.java:217)
	at junit.extensions.TestDecorator.basicRun(TestDecorator.java:24)
	at junit.extensions.TestSetup$1.protect(TestSetup.java:21)
	at junit.extensions.TestSetup.run(TestSetup.java:25)
	at junit.extensions.TestDecorator.basicRun(TestDecorator.java:24)
	at junit.extensions.TestSetup$1.protect(TestSetup.java:21)
	at junit.extensions.TestSetup.run(TestSetup.java:25)
</failure>
  </testcase>
  <testcase classname="com.topcoder.umltool.deploy.codegen.test.JavaTests" name="test13" time="0.0020">
    <failure message="Test 13 failed. with signature:private String AttributeWithPrivacy;" type="junit.framework.AssertionFailedError">junit.framework.AssertionFailedError: Test 13 failed. with signature:private String AttributeWithPrivacy;
	at com.topcoder.umltool.deploy.codegen.test.JavaTests.checkSignature(JavaTests.java:1744)
	at com.topcoder.umltool.deploy.codegen.test.JavaTests.test13(JavaTests.java:229)
	at junit.extensions.TestDecorator.basicRun(TestDecorator.java:24)
	at junit.extensions.TestSetup$1.protect(TestSetup.java:21)
	at junit.extensions.TestSetup.run(TestSetup.java:25)
	at junit.extensions.TestDecorator.basicRun(TestDecorator.java:24)
	at junit.extensions.TestSetup$1.protect(TestSetup.java:21)
	at junit.extensions.TestSetup.run(TestSetup.java:25)
</failure>
  </testcase>
  <testcase classname="com.topcoder.umltool.deploy.codegen.test.JavaTests" name="test14" time="0.0010">
    <failure message="Test 14 failed. with signature:private final String AttributeWithPrivacy;" type="junit.framework.AssertionFailedError">junit.framework.AssertionFailedError: Test 14 failed. with signature:private final String AttributeWithPrivacy;
	at com.topcoder.umltool.deploy.codegen.test.JavaTests.checkSignature(JavaTests.java:1744)
	at com.topcoder.umltool.deploy.codegen.test.JavaTests.test14(JavaTests.java:242)
	at junit.extensions.TestDecorator.basicRun(TestDecorator.java:24)
	at junit.extensions.TestSetup$1.protect(TestSetup.java:21)
	at junit.extensions.TestSetup.run(TestSetup.java:25)
	at junit.extensions.TestDecorator.basicRun(TestDecorator.java:24)
	at junit.extensions.TestSetup$1.protect(TestSetup.java:21)
	at junit.extensions.TestSetup.run(TestSetup.java:25)
</failure>
  </testcase>
  <testcase classname="com.topcoder.umltool.deploy.codegen.test.JavaTests" name="test15" time="0.0020">
    <failure message="Test 15 failed. with signature:static final String AttributeWithPrivacy;" type="junit.framework.AssertionFailedError">junit.framework.AssertionFailedError: Test 15 failed. with signature:static final String AttributeWithPrivacy;
	at com.topcoder.umltool.deploy.codegen.test.JavaTests.checkSignature(JavaTests.java:1744)
	at com.topcoder.umltool.deploy.codegen.test.JavaTests.test15(JavaTests.java:255)
	at junit.extensions.TestDecorator.basicRun(TestDecorator.java:24)
	at junit.extensions.TestSetup$1.protect(TestSetup.java:21)
	at junit.extensions.TestSetup.run(TestSetup.java:25)
	at junit.extensions.TestDecorator.basicRun(TestDecorator.java:24)
	at junit.extensions.TestSetup$1.protect(TestSetup.java:21)
	at junit.extensions.TestSetup.run(TestSetup.java:25)
</failure>
  </testcase>
  <testcase classname="com.topcoder.umltool.deploy.codegen.test.JavaTests" name="test16" time="0.0020">
    <failure message="Test 16 failed. with signature:public String AttributeWithDefaultValue = &quot;This is default&quot;;" type="junit.framework.AssertionFailedError">junit.framework.AssertionFailedError: Test 16 failed. with signature:public String AttributeWithDefaultValue = &quot;This is default&quot;;
	at com.topcoder.umltool.deploy.codegen.test.JavaTests.checkSignature(JavaTests.java:1744)
	at com.topcoder.umltool.deploy.codegen.test.JavaTests.test16(JavaTests.java:268)
	at junit.extensions.TestDecorator.basicRun(TestDecorator.java:24)
	at junit.extensions.TestSetup$1.protect(TestSetup.java:21)
	at junit.extensions.TestSetup.run(TestSetup.java:25)
	at junit.extensions.TestDecorator.basicRun(TestDecorator.java:24)
	at junit.extensions.TestSetup$1.protect(TestSetup.java:21)
	at junit.extensions.TestSetup.run(TestSetup.java:25)
</failure>
  </testcase>
  <testcase classname="com.topcoder.umltool.deploy.codegen.test.JavaTests" name="test17" time="0.0020">
    <failure message="Test 17 failed. with signature:    /**
     * This is method document
" type="junit.framework.AssertionFailedError">junit.framework.AssertionFailedError: Test 17 failed. with signature:    /**
     * This is method document

	at com.topcoder.umltool.deploy.codegen.test.JavaTests.checkSignature(JavaTests.java:1744)
	at com.topcoder.umltool.deploy.codegen.test.JavaTests.test17(JavaTests.java:280)
	at junit.extensions.TestDecorator.basicRun(TestDecorator.java:24)
	at junit.extensions.TestSetup$1.protect(TestSetup.java:21)
	at junit.extensions.TestSetup.run(TestSetup.java:25)
	at junit.extensions.TestDecorator.basicRun(TestDecorator.java:24)
	at junit.extensions.TestSetup$1.protect(TestSetup.java:21)
	at junit.extensions.TestSetup.run(TestSetup.java:25)
</failure>
  </testcase>
  <testcase classname="com.topcoder.umltool.deploy.codegen.test.JavaTests" name="test18" time="0.0020">
    <failure message="Test 18 failed with signature:MethodWithDocument()" type="junit.framework.AssertionFailedError">junit.framework.AssertionFailedError: Test 18 failed with signature:MethodWithDocument()
	at com.topcoder.umltool.deploy.codegen.test.JavaTests.test18(JavaTests.java:295)
	at junit.extensions.TestDecorator.basicRun(TestDecorator.java:24)
	at junit.extensions.TestSetup$1.protect(TestSetup.java:21)
	at junit.extensions.TestSetup.run(TestSetup.java:25)
	at junit.extensions.TestDecorator.basicRun(TestDecorator.java:24)
	at junit.extensions.TestSetup$1.protect(TestSetup.java:21)
	at junit.extensions.TestSetup.run(TestSetup.java:25)
</failure>
  </testcase>
  <testcase classname="com.topcoder.umltool.deploy.codegen.test.JavaTests" name="test19" time="0.0020">
    <failure message="Test 19 failed. with signature:public class EnityClass {" type="junit.framework.AssertionFailedError">junit.framework.AssertionFailedError: Test 19 failed. with signature:public class EnityClass {
	at com.topcoder.umltool.deploy.codegen.test.JavaTests.checkSignatureWithBraces(JavaTests.java:1725)
	at com.topcoder.umltool.deploy.codegen.test.JavaTests.test19(JavaTests.java:329)
	at junit.extensions.TestDecorator.basicRun(TestDecorator.java:24)
	at junit.extensions.TestSetup$1.protect(TestSetup.java:21)
	at junit.extensions.TestSetup.run(TestSetup.java:25)
	at junit.extensions.TestDecorator.basicRun(TestDecorator.java:24)
	at junit.extensions.TestSetup$1.protect(TestSetup.java:21)
	at junit.extensions.TestSetup.run(TestSetup.java:25)
</failure>
  </testcase>
  <testcase classname="com.topcoder.umltool.deploy.codegen.test.JavaTests" name="test20" time="0.0020">
    <failure message="Test 20 failed. with signature:String MethodWithSignature(int param1, int param2)" type="junit.framework.AssertionFailedError">junit.framework.AssertionFailedError: Test 20 failed. with signature:String MethodWithSignature(int param1, int param2)
	at com.topcoder.umltool.deploy.codegen.test.JavaTests.checkSignature(JavaTests.java:1744)
	at com.topcoder.umltool.deploy.codegen.test.JavaTests.test20(JavaTests.java:343)
	at junit.extensions.TestDecorator.basicRun(TestDecorator.java:24)
	at junit.extensions.TestSetup$1.protect(TestSetup.java:21)
	at junit.extensions.TestSetup.run(TestSetup.java:25)
	at junit.extensions.TestDecorator.basicRun(TestDecorator.java:24)
	at junit.extensions.TestSetup$1.protect(TestSetup.java:21)
	at junit.extensions.TestSetup.run(TestSetup.java:25)
</failure>
  </testcase>
  <testcase classname="com.topcoder.umltool.deploy.codegen.test.JavaTests" name="test21" time="0.0020">
    <failure message="Test 21 failed. with signature:static String MethodWithSignature(int param1, int param2)" type="junit.framework.AssertionFailedError">junit.framework.AssertionFailedError: Test 21 failed. with signature:static String MethodWithSignature(int param1, int param2)
	at com.topcoder.umltool.deploy.codegen.test.JavaTests.checkSignature(JavaTests.java:1744)
	at com.topcoder.umltool.deploy.codegen.test.JavaTests.test21(JavaTests.java:356)
	at junit.extensions.TestDecorator.basicRun(TestDecorator.java:24)
	at junit.extensions.TestSetup$1.protect(TestSetup.java:21)
	at junit.extensions.TestSetup.run(TestSetup.java:25)
	at junit.extensions.TestDecorator.basicRun(TestDecorator.java:24)
	at junit.extensions.TestSetup$1.protect(TestSetup.java:21)
	at junit.extensions.TestSetup.run(TestSetup.java:25)
</failure>
  </testcase>
  <testcase classname="com.topcoder.umltool.deploy.codegen.test.JavaTests" name="test22" time="0.0010">
    <failure message="Test 22 failed. with signature:synchronized String MethodWithSignature(int param1, int param2)" type="junit.framework.AssertionFailedError">junit.framework.AssertionFailedError: Test 22 failed. with signature:synchronized String MethodWithSignature(int param1, int param2)
	at com.topcoder.umltool.deploy.codegen.test.JavaTests.checkSignature(JavaTests.java:1744)
	at com.topcoder.umltool.deploy.codegen.test.JavaTests.test22(JavaTests.java:369)
	at junit.extensions.TestDecorator.basicRun(TestDecorator.java:24)
	at junit.extensions.TestSetup$1.protect(TestSetup.java:21)
	at junit.extensions.TestSetup.run(TestSetup.java:25)
	at junit.extensions.TestDecorator.basicRun(TestDecorator.java:24)
	at junit.extensions.TestSetup$1.protect(TestSetup.java:21)
	at junit.extensions.TestSetup.run(TestSetup.java:25)
</failure>
  </testcase>
  <testcase classname="com.topcoder.umltool.deploy.codegen.test.JavaTests" name="test23" time="0.0010">
    <failure message="Test 23 failed. with signature:abstract void MethodWithSignature();" type="junit.framework.AssertionFailedError">junit.framework.AssertionFailedError: Test 23 failed. with signature:abstract void MethodWithSignature();
	at com.topcoder.umltool.deploy.codegen.test.JavaTests.checkSignature(JavaTests.java:1744)
	at com.topcoder.umltool.deploy.codegen.test.JavaTests.test23(JavaTests.java:382)
	at junit.extensions.TestDecorator.basicRun(TestDecorator.java:24)
	at junit.extensions.TestSetup$1.protect(TestSetup.java:21)
	at junit.extensions.TestSetup.run(TestSetup.java:25)
	at junit.extensions.TestDecorator.basicRun(TestDecorator.java:24)
	at junit.extensions.TestSetup$1.protect(TestSetup.java:21)
	at junit.extensions.TestSetup.run(TestSetup.java:25)
</failure>
  </testcase>
  <testcase classname="com.topcoder.umltool.deploy.codegen.test.JavaTests" name="test24" time="0.0020">
    <failure message="Test 24 failed. with signature:final void MethodWithSignature" type="junit.framework.AssertionFailedError">junit.framework.AssertionFailedError: Test 24 failed. with signature:final void MethodWithSignature
	at com.topcoder.umltool.deploy.codegen.test.JavaTests.checkSignature(JavaTests.java:1744)
	at com.topcoder.umltool.deploy.codegen.test.JavaTests.test24(JavaTests.java:395)
	at junit.extensions.TestDecorator.basicRun(TestDecorator.java:24)
	at junit.extensions.TestSetup$1.protect(TestSetup.java:21)
	at junit.extensions.TestSetup.run(TestSetup.java:25)
	at junit.extensions.TestDecorator.basicRun(TestDecorator.java:24)
	at junit.extensions.TestSetup$1.protect(TestSetup.java:21)
	at junit.extensions.TestSetup.run(TestSetup.java:25)
</failure>
  </testcase>
  <testcase classname="com.topcoder.umltool.deploy.codegen.test.JavaTests" name="test25" time="0.0010">
    <failure message="Test 25 failed. with signature:public void MethodWithSignature(int param)" type="junit.framework.AssertionFailedError">junit.framework.AssertionFailedError: Test 25 failed. with signature:public void MethodWithSignature(int param)
	at com.topcoder.umltool.deploy.codegen.test.JavaTests.checkSignature(JavaTests.java:1744)
	at com.topcoder.umltool.deploy.codegen.test.JavaTests.test25(JavaTests.java:408)
	at junit.extensions.TestDecorator.basicRun(TestDecorator.java:24)
	at junit.extensions.TestSetup$1.protect(TestSetup.java:21)
	at junit.extensions.TestSetup.run(TestSetup.java:25)
	at junit.extensions.TestDecorator.basicRun(TestDecorator.java:24)
	at junit.extensions.TestSetup$1.protect(TestSetup.java:21)
	at junit.extensions.TestSetup.run(TestSetup.java:25)
</failure>
  </testcase>
  <testcase classname="com.topcoder.umltool.deploy.codegen.test.JavaTests" name="test26" time="0.0010">
    <failure message="Test 26 failed. with signature:import java.sql.SQLException;" type="junit.framework.AssertionFailedError">junit.framework.AssertionFailedError: Test 26 failed. with signature:import java.sql.SQLException;
	at com.topcoder.umltool.deploy.codegen.test.JavaTests.checkSignature(JavaTests.java:1744)
	at com.topcoder.umltool.deploy.codegen.test.JavaTests.test26(JavaTests.java:420)
	at junit.extensions.TestDecorator.basicRun(TestDecorator.java:24)
	at junit.extensions.TestSetup$1.protect(TestSetup.java:21)
	at junit.extensions.TestSetup.run(TestSetup.java:25)
	at junit.extensions.TestDecorator.basicRun(TestDecorator.java:24)
	at junit.extensions.TestSetup$1.protect(TestSetup.java:21)
	at junit.extensions.TestSetup.run(TestSetup.java:25)
</failure>
  </testcase>
  <testcase classname="com.topcoder.umltool.deploy.codegen.test.JavaTests" name="test27" time="0.0010">
    <failure message="Test 27 failed. with signature:import java.sql.SQLException;" type="junit.framework.AssertionFailedError">junit.framework.AssertionFailedError: Test 27 failed. with signature:import java.sql.SQLException;
	at com.topcoder.umltool.deploy.codegen.test.JavaTests.checkSignature(JavaTests.java:1744)
	at com.topcoder.umltool.deploy.codegen.test.JavaTests.test27(JavaTests.java:432)
	at junit.extensions.TestDecorator.basicRun(TestDecorator.java:24)
	at junit.extensions.TestSetup$1.protect(TestSetup.java:21)
	at junit.extensions.TestSetup.run(TestSetup.java:25)
	at junit.extensions.TestDecorator.basicRun(TestDecorator.java:24)
	at junit.extensions.TestSetup$1.protect(TestSetup.java:21)
	at junit.extensions.TestSetup.run(TestSetup.java:25)
</failure>
  </testcase>
  <testcase classname="com.topcoder.umltool.deploy.codegen.test.JavaTests" name="test28" time="0.0020">
    <failure message="Test 28 failed. with signature:import java.sql.SQLException;" type="junit.framework.AssertionFailedError">junit.framework.AssertionFailedError: Test 28 failed. with signature:import java.sql.SQLException;
	at com.topcoder.umltool.deploy.codegen.test.JavaTests.checkSignature(JavaTests.java:1744)
	at com.topcoder.umltool.deploy.codegen.test.JavaTests.test28(JavaTests.java:444)
	at junit.extensions.TestDecorator.basicRun(TestDecorator.java:24)
	at junit.extensions.TestSetup$1.protect(TestSetup.java:21)
	at junit.extensions.TestSetup.run(TestSetup.java:25)
	at junit.extensions.TestDecorator.basicRun(TestDecorator.java:24)
	at junit.extensions.TestSetup$1.protect(TestSetup.java:21)
	at junit.extensions.TestSetup.run(TestSetup.java:25)
</failure>
  </testcase>
  <testcase classname="com.topcoder.umltool.deploy.codegen.test.JavaTests" name="test29" time="0.0010">
    <failure message="Test 29 failed. with signature:public class ExceptionForTest {" type="junit.framework.AssertionFailedError">junit.framework.AssertionFailedError: Test 29 failed. with signature:public class ExceptionForTest {
	at com.topcoder.umltool.deploy.codegen.test.JavaTests.checkSignatureWithBraces(JavaTests.java:1725)
	at com.topcoder.umltool.deploy.codegen.test.JavaTests.test29(JavaTests.java:456)
	at junit.extensions.TestDecorator.basicRun(TestDecorator.java:24)
	at junit.extensions.TestSetup$1.protect(TestSetup.java:21)
	at junit.extensions.TestSetup.run(TestSetup.java:25)
	at junit.extensions.TestDecorator.basicRun(TestDecorator.java:24)
	at junit.extensions.TestSetup$1.protect(TestSetup.java:21)
	at junit.extensions.TestSetup.run(TestSetup.java:25)
</failure>
  </testcase>
  <testcase classname="com.topcoder.umltool.deploy.codegen.test.JavaTests" name="test31" time="0.0010">
    <failure message="Test 31 failed. with signature:public void InterfaceMethod();" type="junit.framework.AssertionFailedError">junit.framework.AssertionFailedError: Test 31 failed. with signature:public void InterfaceMethod();
	at com.topcoder.umltool.deploy.codegen.test.JavaTests.checkSignature(JavaTests.java:1744)
	at com.topcoder.umltool.deploy.codegen.test.JavaTests.test31(JavaTests.java:475)
	at junit.extensions.TestDecorator.basicRun(TestDecorator.java:24)
	at junit.extensions.TestSetup$1.protect(TestSetup.java:21)
	at junit.extensions.TestSetup.run(TestSetup.java:25)
	at junit.extensions.TestDecorator.basicRun(TestDecorator.java:24)
	at junit.extensions.TestSetup$1.protect(TestSetup.java:21)
	at junit.extensions.TestSetup.run(TestSetup.java:25)
</failure>
  </testcase>
  <testcase classname="com.topcoder.umltool.deploy.codegen.test.JavaTests" name="test32" time="0.0010">
    <failure message="Test 32 failed. with signature:enum Day {SUNDAY, MONDAY, TUESDAY, WEDNESDAY, THURSDAY, FRIDAY, SATURDAY};" type="junit.framework.AssertionFailedError">junit.framework.AssertionFailedError: Test 32 failed. with signature:enum Day {SUNDAY, MONDAY, TUESDAY, WEDNESDAY, THURSDAY, FRIDAY, SATURDAY};
	at com.topcoder.umltool.deploy.codegen.test.JavaTests.checkSignature(JavaTests.java:1744)
	at com.topcoder.umltool.deploy.codegen.test.JavaTests.test32(JavaTests.java:488)
	at junit.extensions.TestDecorator.basicRun(TestDecorator.java:24)
	at junit.extensions.TestSetup$1.protect(TestSetup.java:21)
	at junit.extensions.TestSetup.run(TestSetup.java:25)
	at junit.extensions.TestDecorator.basicRun(TestDecorator.java:24)
	at junit.extensions.TestSetup$1.protect(TestSetup.java:21)
	at junit.extensions.TestSetup.run(TestSetup.java:25)
</failure>
  </testcase>
  <testcase classname="com.topcoder.umltool.deploy.codegen.test.JavaTests" name="test34" time="0.0020">
    <failure message="Test 34 failed. with signature:public class EnityClass {" type="junit.framework.AssertionFailedError">junit.framework.AssertionFailedError: Test 34 failed. with signature:public class EnityClass {
	at com.topcoder.umltool.deploy.codegen.test.JavaTests.checkSignatureWithBraces(JavaTests.java:1725)
	at com.topcoder.umltool.deploy.codegen.test.JavaTests.test34(JavaTests.java:502)
	at junit.extensions.TestDecorator.basicRun(TestDecorator.java:24)
	at junit.extensions.TestSetup$1.protect(TestSetup.java:21)
	at junit.extensions.TestSetup.run(TestSetup.java:25)
	at junit.extensions.TestDecorator.basicRun(TestDecorator.java:24)
	at junit.extensions.TestSetup$1.protect(TestSetup.java:21)
	at junit.extensions.TestSetup.run(TestSetup.java:25)
</failure>
  </testcase>
  <testcase classname="com.topcoder.umltool.deploy.codegen.test.JavaTests" name="test36" time="0.0010">
    <failure message="Test 36 failed. with signature:class EnityClass {" type="junit.framework.AssertionFailedError">junit.framework.AssertionFailedError: Test 36 failed. with signature:class EnityClass {
	at com.topcoder.umltool.deploy.codegen.test.JavaTests.checkSignatureWithBraces(JavaTests.java:1725)
	at com.topcoder.umltool.deploy.codegen.test.JavaTests.test36(JavaTests.java:530)
	at junit.extensions.TestDecorator.basicRun(TestDecorator.java:24)
	at junit.extensions.TestSetup$1.protect(TestSetup.java:21)
	at junit.extensions.TestSetup.run(TestSetup.java:25)
	at junit.extensions.TestDecorator.basicRun(TestDecorator.java:24)
	at junit.extensions.TestSetup$1.protect(TestSetup.java:21)
	at junit.extensions.TestSetup.run(TestSetup.java:25)
</failure>
  </testcase>
  <testcase classname="com.topcoder.umltool.deploy.codegen.test.JavaTests" name="test37" time="0.0010">
    <failure message="Test 37 failed. with signature:private class EnityClass {" type="junit.framework.AssertionFailedError">junit.framework.AssertionFailedError: Test 37 failed. with signature:private class EnityClass {
	at com.topcoder.umltool.deploy.codegen.test.JavaTests.checkSignatureWithBraces(JavaTests.java:1725)
	at com.topcoder.umltool.deploy.codegen.test.JavaTests.test37(JavaTests.java:544)
	at junit.extensions.TestDecorator.basicRun(TestDecorator.java:24)
	at junit.extensions.TestSetup$1.protect(TestSetup.java:21)
	at junit.extensions.TestSetup.run(TestSetup.java:25)
	at junit.extensions.TestDecorator.basicRun(TestDecorator.java:24)
	at junit.extensions.TestSetup$1.protect(TestSetup.java:21)
	at junit.extensions.TestSetup.run(TestSetup.java:25)
</failure>
  </testcase>
  <testcase classname="com.topcoder.umltool.deploy.codegen.test.JavaTests" name="test38" time="0.0010">
    <failure message="Test 38 failed. with signature:public abstract class EnityClass {" type="junit.framework.AssertionFailedError">junit.framework.AssertionFailedError: Test 38 failed. with signature:public abstract class EnityClass {
	at com.topcoder.umltool.deploy.codegen.test.JavaTests.checkSignatureWithBraces(JavaTests.java:1725)
	at com.topcoder.umltool.deploy.codegen.test.JavaTests.test38(JavaTests.java:557)
	at junit.extensions.TestDecorator.basicRun(TestDecorator.java:24)
	at junit.extensions.TestSetup$1.protect(TestSetup.java:21)
	at junit.extensions.TestSetup.run(TestSetup.java:25)
	at junit.extensions.TestDecorator.basicRun(TestDecorator.java:24)
	at junit.extensions.TestSetup$1.protect(TestSetup.java:21)
	at junit.extensions.TestSetup.run(TestSetup.java:25)
</failure>
  </testcase>
  <testcase classname="com.topcoder.umltool.deploy.codegen.test.JavaTests" name="test39" time="0.0020">
    <failure message="Test 39 failed. with signature:public final class EnityClass {" type="junit.framework.AssertionFailedError">junit.framework.AssertionFailedError: Test 39 failed. with signature:public final class EnityClass {
	at com.topcoder.umltool.deploy.codegen.test.JavaTests.checkSignatureWithBraces(JavaTests.java:1725)
	at com.topcoder.umltool.deploy.codegen.test.JavaTests.test39(JavaTests.java:570)
	at junit.extensions.TestDecorator.basicRun(TestDecorator.java:24)
	at junit.extensions.TestSetup$1.protect(TestSetup.java:21)
	at junit.extensions.TestSetup.run(TestSetup.java:25)
	at junit.extensions.TestDecorator.basicRun(TestDecorator.java:24)
	at junit.extensions.TestSetup$1.protect(TestSetup.java:21)
	at junit.extensions.TestSetup.run(TestSetup.java:25)
</failure>
  </testcase>
  <testcase classname="com.topcoder.umltool.deploy.codegen.test.JavaTests" name="test46" time="0.0030">
    <failure message="Test 46 failed. with signature:abstract class EnityClass {" type="junit.framework.AssertionFailedError">junit.framework.AssertionFailedError: Test 46 failed. with signature:abstract class EnityClass {
	at com.topcoder.umltool.deploy.codegen.test.JavaTests.checkSignatureWithBraces(JavaTests.java:1725)
	at com.topcoder.umltool.deploy.codegen.test.JavaTests.test46(JavaTests.java:583)
	at junit.extensions.TestDecorator.basicRun(TestDecorator.java:24)
	at junit.extensions.TestSetup$1.protect(TestSetup.java:21)
	at junit.extensions.TestSetup.run(TestSetup.java:25)
	at junit.extensions.TestDecorator.basicRun(TestDecorator.java:24)
	at junit.extensions.TestSetup$1.protect(TestSetup.java:21)
	at junit.extensions.TestSetup.run(TestSetup.java:25)
</failure>
  </testcase>
  <testcase classname="com.topcoder.umltool.deploy.codegen.test.JavaTests" name="test47" time="0.0010">
    <failure message="Test 47 failed. with signature:final class EnityClass {" type="junit.framework.AssertionFailedError">junit.framework.AssertionFailedError: Test 47 failed. with signature:final class EnityClass {
	at com.topcoder.umltool.deploy.codegen.test.JavaTests.checkSignatureWithBraces(JavaTests.java:1725)
	at com.topcoder.umltool.deploy.codegen.test.JavaTests.test47(JavaTests.java:596)
	at junit.extensions.TestDecorator.basicRun(TestDecorator.java:24)
	at junit.extensions.TestSetup$1.protect(TestSetup.java:21)
	at junit.extensions.TestSetup.run(TestSetup.java:25)
	at junit.extensions.TestDecorator.basicRun(TestDecorator.java:24)
	at junit.extensions.TestSetup$1.protect(TestSetup.java:21)
	at junit.extensions.TestSetup.run(TestSetup.java:25)
</failure>
  </testcase>
  <testcase classname="com.topcoder.umltool.deploy.codegen.test.JavaTests" name="test48" time="0.0030">
    <failure message="Test 48 failed. with signature:private abstract class EnityClass {" type="junit.framework.AssertionFailedError">junit.framework.AssertionFailedError: Test 48 failed. with signature:private abstract class EnityClass {
	at com.topcoder.umltool.deploy.codegen.test.JavaTests.checkSignatureWithBraces(JavaTests.java:1725)
	at com.topcoder.umltool.deploy.codegen.test.JavaTests.test48(JavaTests.java:609)
	at junit.extensions.TestDecorator.basicRun(TestDecorator.java:24)
	at junit.extensions.TestSetup$1.protect(TestSetup.java:21)
	at junit.extensions.TestSetup.run(TestSetup.java:25)
	at junit.extensions.TestDecorator.basicRun(TestDecorator.java:24)
	at junit.extensions.TestSetup$1.protect(TestSetup.java:21)
	at junit.extensions.TestSetup.run(TestSetup.java:25)
</failure>
  </testcase>
  <testcase classname="com.topcoder.umltool.deploy.codegen.test.JavaTests" name="test49" time="0.0030">
    <failure message="Test 49 failed. with signature:private final class EnityClass {" type="junit.framework.AssertionFailedError">junit.framework.AssertionFailedError: Test 49 failed. with signature:private final class EnityClass {
	at com.topcoder.umltool.deploy.codegen.test.JavaTests.checkSignatureWithBraces(JavaTests.java:1725)
	at com.topcoder.umltool.deploy.codegen.test.JavaTests.test49(JavaTests.java:622)
	at junit.extensions.TestDecorator.basicRun(TestDecorator.java:24)
	at junit.extensions.TestSetup$1.protect(TestSetup.java:21)
	at junit.extensions.TestSetup.run(TestSetup.java:25)
	at junit.extensions.TestDecorator.basicRun(TestDecorator.java:24)
	at junit.extensions.TestSetup$1.protect(TestSetup.java:21)
	at junit.extensions.TestSetup.run(TestSetup.java:25)
</failure>
  </testcase>
  <testcase classname="com.topcoder.umltool.deploy.codegen.test.JavaTests" name="test50" time="0.0020">
    <failure message="Test 50 failed. with signature:public int AttributeForTest;" type="junit.framework.AssertionFailedError">junit.framework.AssertionFailedError: Test 50 failed. with signature:public int AttributeForTest;
	at com.topcoder.umltool.deploy.codegen.test.JavaTests.checkSignature(JavaTests.java:1744)
	at com.topcoder.umltool.deploy.codegen.test.JavaTests.test50(JavaTests.java:635)
	at junit.extensions.TestDecorator.basicRun(TestDecorator.java:24)
	at junit.extensions.TestSetup$1.protect(TestSetup.java:21)
	at junit.extensions.TestSetup.run(TestSetup.java:25)
	at junit.extensions.TestDecorator.basicRun(TestDecorator.java:24)
	at junit.extensions.TestSetup$1.protect(TestSetup.java:21)
	at junit.extensions.TestSetup.run(TestSetup.java:25)
</failure>
  </testcase>
  <testcase classname="com.topcoder.umltool.deploy.codegen.test.JavaTests" name="test51" time="0.0020">
    <failure message="Test 51 failed. with signature:public final int AttributeForTest;" type="junit.framework.AssertionFailedError">junit.framework.AssertionFailedError: Test 51 failed. with signature:public final int AttributeForTest;
	at com.topcoder.umltool.deploy.codegen.test.JavaTests.checkSignature(JavaTests.java:1744)
	at com.topcoder.umltool.deploy.codegen.test.JavaTests.test51(JavaTests.java:648)
	at junit.extensions.TestDecorator.basicRun(TestDecorator.java:24)
	at junit.extensions.TestSetup$1.protect(TestSetup.java:21)
	at junit.extensions.TestSetup.run(TestSetup.java:25)
	at junit.extensions.TestDecorator.basicRun(TestDecorator.java:24)
	at junit.extensions.TestSetup$1.protect(TestSetup.java:21)
	at junit.extensions.TestSetup.run(TestSetup.java:25)
</failure>
  </testcase>
  <testcase classname="com.topcoder.umltool.deploy.codegen.test.JavaTests" name="test52" time="0.0020">
    <failure message="Test 52 failed. with signature:protected int AttributeForTest;" type="junit.framework.AssertionFailedError">junit.framework.AssertionFailedError: Test 52 failed. with signature:protected int AttributeForTest;
	at com.topcoder.umltool.deploy.codegen.test.JavaTests.checkSignature(JavaTests.java:1744)
	at com.topcoder.umltool.deploy.codegen.test.JavaTests.test52(JavaTests.java:662)
	at junit.extensions.TestDecorator.basicRun(TestDecorator.java:24)
	at junit.extensions.TestSetup$1.protect(TestSetup.java:21)
	at junit.extensions.TestSetup.run(TestSetup.java:25)
	at junit.extensions.TestDecorator.basicRun(TestDecorator.java:24)
	at junit.extensions.TestSetup$1.protect(TestSetup.java:21)
	at junit.extensions.TestSetup.run(TestSetup.java:25)
</failure>
  </testcase>
  <testcase classname="com.topcoder.umltool.deploy.codegen.test.JavaTests" name="test53" time="0.0020">
    <failure message="Test 53 failed. with signature:protected final int AttributeForTest;" type="junit.framework.AssertionFailedError">junit.framework.AssertionFailedError: Test 53 failed. with signature:protected final int AttributeForTest;
	at com.topcoder.umltool.deploy.codegen.test.JavaTests.checkSignature(JavaTests.java:1744)
	at com.topcoder.umltool.deploy.codegen.test.JavaTests.test53(JavaTests.java:675)
	at junit.extensions.TestDecorator.basicRun(TestDecorator.java:24)
	at junit.extensions.TestSetup$1.protect(TestSetup.java:21)
	at junit.extensions.TestSetup.run(TestSetup.java:25)
	at junit.extensions.TestDecorator.basicRun(TestDecorator.java:24)
	at junit.extensions.TestSetup$1.protect(TestSetup.java:21)
	at junit.extensions.TestSetup.run(TestSetup.java:25)
</failure>
  </testcase>
  <testcase classname="com.topcoder.umltool.deploy.codegen.test.JavaTests" name="test54" time="0.0010">
    <failure message="Test 54 failed. with signature:int AttributeForTest;" type="junit.framework.AssertionFailedError">junit.framework.AssertionFailedError: Test 54 failed. with signature:int AttributeForTest;
	at com.topcoder.umltool.deploy.codegen.test.JavaTests.checkSignature(JavaTests.java:1744)
	at com.topcoder.umltool.deploy.codegen.test.JavaTests.test54(JavaTests.java:688)
	at junit.extensions.TestDecorator.basicRun(TestDecorator.java:24)
	at junit.extensions.TestSetup$1.protect(TestSetup.java:21)
	at junit.extensions.TestSetup.run(TestSetup.java:25)
	at junit.extensions.TestDecorator.basicRun(TestDecorator.java:24)
	at junit.extensions.TestSetup$1.protect(TestSetup.java:21)
	at junit.extensions.TestSetup.run(TestSetup.java:25)
</failure>
  </testcase>
  <testcase classname="com.topcoder.umltool.deploy.codegen.test.JavaTests" name="test55" time="0.0010">
    <failure message="Test 55 failed. with signature:final int AttributeForTest;" type="junit.framework.AssertionFailedError">junit.framework.AssertionFailedError: Test 55 failed. with signature:final int AttributeForTest;
	at com.topcoder.umltool.deploy.codegen.test.JavaTests.checkSignature(JavaTests.java:1744)
	at com.topcoder.umltool.deploy.codegen.test.JavaTests.test55(JavaTests.java:701)
	at junit.extensions.TestDecorator.basicRun(TestDecorator.java:24)
	at junit.extensions.TestSetup$1.protect(TestSetup.java:21)
	at junit.extensions.TestSetup.run(TestSetup.java:25)
	at junit.extensions.TestDecorator.basicRun(TestDecorator.java:24)
	at junit.extensions.TestSetup$1.protect(TestSetup.java:21)
	at junit.extensions.TestSetup.run(TestSetup.java:25)
</failure>
  </testcase>
  <testcase classname="com.topcoder.umltool.deploy.codegen.test.JavaTests" name="test56" time="0.0">
    <failure message="Test 56 failed. with signature:private int AttributeForTest;" type="junit.framework.AssertionFailedError">junit.framework.AssertionFailedError: Test 56 failed. with signature:private int AttributeForTest;
	at com.topcoder.umltool.deploy.codegen.test.JavaTests.checkSignature(JavaTests.java:1744)
	at com.topcoder.umltool.deploy.codegen.test.JavaTests.test56(JavaTests.java:714)
	at junit.extensions.TestDecorator.basicRun(TestDecorator.java:24)
	at junit.extensions.TestSetup$1.protect(TestSetup.java:21)
	at junit.extensions.TestSetup.run(TestSetup.java:25)
	at junit.extensions.TestDecorator.basicRun(TestDecorator.java:24)
	at junit.extensions.TestSetup$1.protect(TestSetup.java:21)
	at junit.extensions.TestSetup.run(TestSetup.java:25)
</failure>
  </testcase>
  <testcase classname="com.topcoder.umltool.deploy.codegen.test.JavaTests" name="test57" time="0.0010">
    <failure message="Test 57 failed. with signature:private final int AttributeForTest;" type="junit.framework.AssertionFailedError">junit.framework.AssertionFailedError: Test 57 failed. with signature:private final int AttributeForTest;
	at com.topcoder.umltool.deploy.codegen.test.JavaTests.checkSignature(JavaTests.java:1744)
	at com.topcoder.umltool.deploy.codegen.test.JavaTests.test57(JavaTests.java:727)
	at junit.extensions.TestDecorator.basicRun(TestDecorator.java:24)
	at junit.extensions.TestSetup$1.protect(TestSetup.java:21)
	at junit.extensions.TestSetup.run(TestSetup.java:25)
	at junit.extensions.TestDecorator.basicRun(TestDecorator.java:24)
	at junit.extensions.TestSetup$1.protect(TestSetup.java:21)
	at junit.extensions.TestSetup.run(TestSetup.java:25)
</failure>
  </testcase>
  <testcase classname="com.topcoder.umltool.deploy.codegen.test.JavaTests" name="test58" time="0.0020">
    <failure message="Test 58 failed. with signature:public static int AttributeForTest;" type="junit.framework.AssertionFailedError">junit.framework.AssertionFailedError: Test 58 failed. with signature:public static int AttributeForTest;
	at com.topcoder.umltool.deploy.codegen.test.JavaTests.checkSignature(JavaTests.java:1744)
	at com.topcoder.umltool.deploy.codegen.test.JavaTests.test58(JavaTests.java:741)
	at junit.extensions.TestDecorator.basicRun(TestDecorator.java:24)
	at junit.extensions.TestSetup$1.protect(TestSetup.java:21)
	at junit.extensions.TestSetup.run(TestSetup.java:25)
	at junit.extensions.TestDecorator.basicRun(TestDecorator.java:24)
	at junit.extensions.TestSetup$1.protect(TestSetup.java:21)
	at junit.extensions.TestSetup.run(TestSetup.java:25)
</failure>
  </testcase>
  <testcase classname="com.topcoder.umltool.deploy.codegen.test.JavaTests" name="test59" time="0.0010">
    <failure message="Test 59 failed. with signature:public int AttributeForTest;" type="junit.framework.AssertionFailedError">junit.framework.AssertionFailedError: Test 59 failed. with signature:public int AttributeForTest;
	at com.topcoder.umltool.deploy.codegen.test.JavaTests.checkSignature(JavaTests.java:1744)
	at com.topcoder.umltool.deploy.codegen.test.JavaTests.test59(JavaTests.java:755)
	at junit.extensions.TestDecorator.basicRun(TestDecorator.java:24)
	at junit.extensions.TestSetup$1.protect(TestSetup.java:21)
	at junit.extensions.TestSetup.run(TestSetup.java:25)
	at junit.extensions.TestDecorator.basicRun(TestDecorator.java:24)
	at junit.extensions.TestSetup$1.protect(TestSetup.java:21)
	at junit.extensions.TestSetup.run(TestSetup.java:25)
</failure>
  </testcase>
  <testcase classname="com.topcoder.umltool.deploy.codegen.test.JavaTests" name="test60" time="0.0010">
    <failure message="Test 60 failed. with signature:public static final int AttributeForTest;" type="junit.framework.AssertionFailedError">junit.framework.AssertionFailedError: Test 60 failed. with signature:public static final int AttributeForTest;
	at com.topcoder.umltool.deploy.codegen.test.JavaTests.checkSignature(JavaTests.java:1744)
	at com.topcoder.umltool.deploy.codegen.test.JavaTests.test60(JavaTests.java:768)
	at junit.extensions.TestDecorator.basicRun(TestDecorator.java:24)
	at junit.extensions.TestSetup$1.protect(TestSetup.java:21)
	at junit.extensions.TestSetup.run(TestSetup.java:25)
	at junit.extensions.TestDecorator.basicRun(TestDecorator.java:24)
	at junit.extensions.TestSetup$1.protect(TestSetup.java:21)
	at junit.extensions.TestSetup.run(TestSetup.java:25)
</failure>
  </testcase>
  <testcase classname="com.topcoder.umltool.deploy.codegen.test.JavaTests" name="test61" time="0.0010">
    <failure message="Test 61 failed. with signature:public final int AttributeForTest;" type="junit.framework.AssertionFailedError">junit.framework.AssertionFailedError: Test 61 failed. with signature:public final int AttributeForTest;
	at com.topcoder.umltool.deploy.codegen.test.JavaTests.checkSignature(JavaTests.java:1744)
	at com.topcoder.umltool.deploy.codegen.test.JavaTests.test61(JavaTests.java:781)
	at junit.extensions.TestDecorator.basicRun(TestDecorator.java:24)
	at junit.extensions.TestSetup$1.protect(TestSetup.java:21)
	at junit.extensions.TestSetup.run(TestSetup.java:25)
	at junit.extensions.TestDecorator.basicRun(TestDecorator.java:24)
	at junit.extensions.TestSetup$1.protect(TestSetup.java:21)
	at junit.extensions.TestSetup.run(TestSetup.java:25)
</failure>
  </testcase>
  <testcase classname="com.topcoder.umltool.deploy.codegen.test.JavaTests" name="test62" time="0.0010">
    <failure message="Test 62 failed. with signature:protected static int AttributeForTest;" type="junit.framework.AssertionFailedError">junit.framework.AssertionFailedError: Test 62 failed. with signature:protected static int AttributeForTest;
	at com.topcoder.umltool.deploy.codegen.test.JavaTests.checkSignature(JavaTests.java:1744)
	at com.topcoder.umltool.deploy.codegen.test.JavaTests.test62(JavaTests.java:795)
	at junit.extensions.TestDecorator.basicRun(TestDecorator.java:24)
	at junit.extensions.TestSetup$1.protect(TestSetup.java:21)
	at junit.extensions.TestSetup.run(TestSetup.java:25)
	at junit.extensions.TestDecorator.basicRun(TestDecorator.java:24)
	at junit.extensions.TestSetup$1.protect(TestSetup.java:21)
	at junit.extensions.TestSetup.run(TestSetup.java:25)
</failure>
  </testcase>
  <testcase classname="com.topcoder.umltool.deploy.codegen.test.JavaTests" name="test63" time="0.0010">
    <failure message="Test 63 failed. with signature:protected int AttributeForTest;" type="junit.framework.AssertionFailedError">junit.framework.AssertionFailedError: Test 63 failed. with signature:protected int AttributeForTest;
	at com.topcoder.umltool.deploy.codegen.test.JavaTests.checkSignature(JavaTests.java:1744)
	at com.topcoder.umltool.deploy.codegen.test.JavaTests.test63(JavaTests.java:809)
	at junit.extensions.TestDecorator.basicRun(TestDecorator.java:24)
	at junit.extensions.TestSetup$1.protect(TestSetup.java:21)
	at junit.extensions.TestSetup.run(TestSetup.java:25)
	at junit.extensions.TestDecorator.basicRun(TestDecorator.java:24)
	at junit.extensions.TestSetup$1.protect(TestSetup.java:21)
	at junit.extensions.TestSetup.run(TestSetup.java:25)
</failure>
  </testcase>
  <testcase classname="com.topcoder.umltool.deploy.codegen.test.JavaTests" name="test64" time="0.0030">
    <failure message="Test 64 failed. with signature:protected static final int AttributeForTest;" type="junit.framework.AssertionFailedError">junit.framework.AssertionFailedError: Test 64 failed. with signature:protected static final int AttributeForTest;
	at com.topcoder.umltool.deploy.codegen.test.JavaTests.checkSignature(JavaTests.java:1744)
	at com.topcoder.umltool.deploy.codegen.test.JavaTests.test64(JavaTests.java:822)
	at junit.extensions.TestDecorator.basicRun(TestDecorator.java:24)
	at junit.extensions.TestSetup$1.protect(TestSetup.java:21)
	at junit.extensions.TestSetup.run(TestSetup.java:25)
	at junit.extensions.TestDecorator.basicRun(TestDecorator.java:24)
	at junit.extensions.TestSetup$1.protect(TestSetup.java:21)
	at junit.extensions.TestSetup.run(TestSetup.java:25)
</failure>
  </testcase>
  <testcase classname="com.topcoder.umltool.deploy.codegen.test.JavaTests" name="test65" time="0.0030">
    <failure message="Test 65 failed. with signature:protected final int AttributeForTest;" type="junit.framework.AssertionFailedError">junit.framework.AssertionFailedError: Test 65 failed. with signature:protected final int AttributeForTest;
	at com.topcoder.umltool.deploy.codegen.test.JavaTests.checkSignature(JavaTests.java:1744)
	at com.topcoder.umltool.deploy.codegen.test.JavaTests.test65(JavaTests.java:836)
	at junit.extensions.TestDecorator.basicRun(TestDecorator.java:24)
	at junit.extensions.TestSetup$1.protect(TestSetup.java:21)
	at junit.extensions.TestSetup.run(TestSetup.java:25)
	at junit.extensions.TestDecorator.basicRun(TestDecorator.java:24)
	at junit.extensions.TestSetup$1.protect(TestSetup.java:21)
	at junit.extensions.TestSetup.run(TestSetup.java:25)
</failure>
  </testcase>
  <testcase classname="com.topcoder.umltool.deploy.codegen.test.JavaTests" name="test66" time="0.0010">
    <failure message="Test 66 failed. with signature:static int AttributeForTest;" type="junit.framework.AssertionFailedError">junit.framework.AssertionFailedError: Test 66 failed. with signature:static int AttributeForTest;
	at com.topcoder.umltool.deploy.codegen.test.JavaTests.checkSignature(JavaTests.java:1744)
	at com.topcoder.umltool.deploy.codegen.test.JavaTests.test66(JavaTests.java:850)
	at junit.extensions.TestDecorator.basicRun(TestDecorator.java:24)
	at junit.extensions.TestSetup$1.protect(TestSetup.java:21)
	at junit.extensions.TestSetup.run(TestSetup.java:25)
	at junit.extensions.TestDecorator.basicRun(TestDecorator.java:24)
	at junit.extensions.TestSetup$1.protect(TestSetup.java:21)
	at junit.extensions.TestSetup.run(TestSetup.java:25)
</failure>
  </testcase>
  <testcase classname="com.topcoder.umltool.deploy.codegen.test.JavaTests" name="test67" time="0.0020">
    <failure message="Test 67 failed. with signature:int AttributeForTest;" type="junit.framework.AssertionFailedError">junit.framework.AssertionFailedError: Test 67 failed. with signature:int AttributeForTest;
	at com.topcoder.umltool.deploy.codegen.test.JavaTests.checkSignature(JavaTests.java:1744)
	at com.topcoder.umltool.deploy.codegen.test.JavaTests.test67(JavaTests.java:864)
	at junit.extensions.TestDecorator.basicRun(TestDecorator.java:24)
	at junit.extensions.TestSetup$1.protect(TestSetup.java:21)
	at junit.extensions.TestSetup.run(TestSetup.java:25)
	at junit.extensions.TestDecorator.basicRun(TestDecorator.java:24)
	at junit.extensions.TestSetup$1.protect(TestSetup.java:21)
	at junit.extensions.TestSetup.run(TestSetup.java:25)
</failure>
  </testcase>
  <testcase classname="com.topcoder.umltool.deploy.codegen.test.JavaTests" name="test68" time="0.0020">
    <failure message="Test 68 failed. with signature:static final int AttributeForTest;" type="junit.framework.AssertionFailedError">junit.framework.AssertionFailedError: Test 68 failed. with signature:static final int AttributeForTest;
	at com.topcoder.umltool.deploy.codegen.test.JavaTests.checkSignature(JavaTests.java:1744)
	at com.topcoder.umltool.deploy.codegen.test.JavaTests.test68(JavaTests.java:877)
	at junit.extensions.TestDecorator.basicRun(TestDecorator.java:24)
	at junit.extensions.TestSetup$1.protect(TestSetup.java:21)
	at junit.extensions.TestSetup.run(TestSetup.java:25)
	at junit.extensions.TestDecorator.basicRun(TestDecorator.java:24)
	at junit.extensions.TestSetup$1.protect(TestSetup.java:21)
	at junit.extensions.TestSetup.run(TestSetup.java:25)
</failure>
  </testcase>
  <testcase classname="com.topcoder.umltool.deploy.codegen.test.JavaTests" name="test69" time="0.0030">
    <failure message="Test 69 failed. with signature:final int AttributeForTest;" type="junit.framework.AssertionFailedError">junit.framework.AssertionFailedError: Test 69 failed. with signature:final int AttributeForTest;
	at com.topcoder.umltool.deploy.codegen.test.JavaTests.checkSignature(JavaTests.java:1744)
	at com.topcoder.umltool.deploy.codegen.test.JavaTests.test69(JavaTests.java:891)
	at junit.extensions.TestDecorator.basicRun(TestDecorator.java:24)
	at junit.extensions.TestSetup$1.protect(TestSetup.java:21)
	at junit.extensions.TestSetup.run(TestSetup.java:25)
	at junit.extensions.TestDecorator.basicRun(TestDecorator.java:24)
	at junit.extensions.TestSetup$1.protect(TestSetup.java:21)
	at junit.extensions.TestSetup.run(TestSetup.java:25)
</failure>
  </testcase>
  <testcase classname="com.topcoder.umltool.deploy.codegen.test.JavaTests" name="test70" time="0.0010">
    <failure message="Test 70 failed. with signature:private static int AttributeForTest;" type="junit.framework.AssertionFailedError">junit.framework.AssertionFailedError: Test 70 failed. with signature:private static int AttributeForTest;
	at com.topcoder.umltool.deploy.codegen.test.JavaTests.checkSignature(JavaTests.java:1744)
	at com.topcoder.umltool.deploy.codegen.test.JavaTests.test70(JavaTests.java:905)
	at junit.extensions.TestDecorator.basicRun(TestDecorator.java:24)
	at junit.extensions.TestSetup$1.protect(TestSetup.java:21)
	at junit.extensions.TestSetup.run(TestSetup.java:25)
	at junit.extensions.TestDecorator.basicRun(TestDecorator.java:24)
	at junit.extensions.TestSetup$1.protect(TestSetup.java:21)
	at junit.extensions.TestSetup.run(TestSetup.java:25)
</failure>
  </testcase>
  <testcase classname="com.topcoder.umltool.deploy.codegen.test.JavaTests" name="test71" time="0.0010">
    <failure message="Test 71 failed. with signature:private int AttributeForTest;" type="junit.framework.AssertionFailedError">junit.framework.AssertionFailedError: Test 71 failed. with signature:private int AttributeForTest;
	at com.topcoder.umltool.deploy.codegen.test.JavaTests.checkSignature(JavaTests.java:1744)
	at com.topcoder.umltool.deploy.codegen.test.JavaTests.test71(JavaTests.java:919)
	at junit.extensions.TestDecorator.basicRun(TestDecorator.java:24)
	at junit.extensions.TestSetup$1.protect(TestSetup.java:21)
	at junit.extensions.TestSetup.run(TestSetup.java:25)
	at junit.extensions.TestDecorator.basicRun(TestDecorator.java:24)
	at junit.extensions.TestSetup$1.protect(TestSetup.java:21)
	at junit.extensions.TestSetup.run(TestSetup.java:25)
</failure>
  </testcase>
  <testcase classname="com.topcoder.umltool.deploy.codegen.test.JavaTests" name="test72" time="0.0030">
    <failure message="Test 72 failed. with signature:private static final int AttributeForTest;" type="junit.framework.AssertionFailedError">junit.framework.AssertionFailedError: Test 72 failed. with signature:private static final int AttributeForTest;
	at com.topcoder.umltool.deploy.codegen.test.JavaTests.checkSignature(JavaTests.java:1744)
	at com.topcoder.umltool.deploy.codegen.test.JavaTests.test72(JavaTests.java:932)
	at junit.extensions.TestDecorator.basicRun(TestDecorator.java:24)
	at junit.extensions.TestSetup$1.protect(TestSetup.java:21)
	at junit.extensions.TestSetup.run(TestSetup.java:25)
	at junit.extensions.TestDecorator.basicRun(TestDecorator.java:24)
	at junit.extensions.TestSetup$1.protect(TestSetup.java:21)
	at junit.extensions.TestSetup.run(TestSetup.java:25)
</failure>
  </testcase>
  <testcase classname="com.topcoder.umltool.deploy.codegen.test.JavaTests" name="test73" time="0.0020">
    <failure message="Test 73 failed. with signature:private final int AttributeForTest;" type="junit.framework.AssertionFailedError">junit.framework.AssertionFailedError: Test 73 failed. with signature:private final int AttributeForTest;
	at com.topcoder.umltool.deploy.codegen.test.JavaTests.checkSignature(JavaTests.java:1744)
	at com.topcoder.umltool.deploy.codegen.test.JavaTests.test73(JavaTests.java:946)
	at junit.extensions.TestDecorator.basicRun(TestDecorator.java:24)
	at junit.extensions.TestSetup$1.protect(TestSetup.java:21)
	at junit.extensions.TestSetup.run(TestSetup.java:25)
	at junit.extensions.TestDecorator.basicRun(TestDecorator.java:24)
	at junit.extensions.TestSetup$1.protect(TestSetup.java:21)
	at junit.extensions.TestSetup.run(TestSetup.java:25)
</failure>
  </testcase>
  <testcase classname="com.topcoder.umltool.deploy.codegen.test.JavaTests" name="test74" time="0.0020">
    <failure message="Test 74 failed. with signature:public int MethodForTest() {" type="junit.framework.AssertionFailedError">junit.framework.AssertionFailedError: Test 74 failed. with signature:public int MethodForTest() {
	at com.topcoder.umltool.deploy.codegen.test.JavaTests.checkSignatureWithBraces(JavaTests.java:1725)
	at com.topcoder.umltool.deploy.codegen.test.JavaTests.test74(JavaTests.java:959)
	at junit.extensions.TestDecorator.basicRun(TestDecorator.java:24)
	at junit.extensions.TestSetup$1.protect(TestSetup.java:21)
	at junit.extensions.TestSetup.run(TestSetup.java:25)
	at junit.extensions.TestDecorator.basicRun(TestDecorator.java:24)
	at junit.extensions.TestSetup$1.protect(TestSetup.java:21)
	at junit.extensions.TestSetup.run(TestSetup.java:25)
</failure>
  </testcase>
  <testcase classname="com.topcoder.umltool.deploy.codegen.test.JavaTests" name="test75" time="0.0020">
    <failure message="Test 75 failed. with signature:protected int MethodForTest() {" type="junit.framework.AssertionFailedError">junit.framework.AssertionFailedError: Test 75 failed. with signature:protected int MethodForTest() {
	at com.topcoder.umltool.deploy.codegen.test.JavaTests.checkSignatureWithBraces(JavaTests.java:1725)
	at com.topcoder.umltool.deploy.codegen.test.JavaTests.test75(JavaTests.java:972)
	at junit.extensions.TestDecorator.basicRun(TestDecorator.java:24)
	at junit.extensions.TestSetup$1.protect(TestSetup.java:21)
	at junit.extensions.TestSetup.run(TestSetup.java:25)
	at junit.extensions.TestDecorator.basicRun(TestDecorator.java:24)
	at junit.extensions.TestSetup$1.protect(TestSetup.java:21)
	at junit.extensions.TestSetup.run(TestSetup.java:25)
</failure>
  </testcase>
  <testcase classname="com.topcoder.umltool.deploy.codegen.test.JavaTests" name="test76" time="0.0020">
    <failure message="Test 76 failed. with signature:int MethodForTest() {" type="junit.framework.AssertionFailedError">junit.framework.AssertionFailedError: Test 76 failed. with signature:int MethodForTest() {
	at com.topcoder.umltool.deploy.codegen.test.JavaTests.checkSignatureWithBraces(JavaTests.java:1725)
	at com.topcoder.umltool.deploy.codegen.test.JavaTests.test76(JavaTests.java:985)
	at junit.extensions.TestDecorator.basicRun(TestDecorator.java:24)
	at junit.extensions.TestSetup$1.protect(TestSetup.java:21)
	at junit.extensions.TestSetup.run(TestSetup.java:25)
	at junit.extensions.TestDecorator.basicRun(TestDecorator.java:24)
	at junit.extensions.TestSetup$1.protect(TestSetup.java:21)
	at junit.extensions.TestSetup.run(TestSetup.java:25)
</failure>
  </testcase>
  <testcase classname="com.topcoder.umltool.deploy.codegen.test.JavaTests" name="test77" time="0.0020">
    <failure message="Test 77 failed. with signature:private int MethodForTest() {" type="junit.framework.AssertionFailedError">junit.framework.AssertionFailedError: Test 77 failed. with signature:private int MethodForTest() {
	at com.topcoder.umltool.deploy.codegen.test.JavaTests.checkSignatureWithBraces(JavaTests.java:1725)
	at com.topcoder.umltool.deploy.codegen.test.JavaTests.test77(JavaTests.java:998)
	at junit.extensions.TestDecorator.basicRun(TestDecorator.java:24)
	at junit.extensions.TestSetup$1.protect(TestSetup.java:21)
	at junit.extensions.TestSetup.run(TestSetup.java:25)
	at junit.extensions.TestDecorator.basicRun(TestDecorator.java:24)
	at junit.extensions.TestSetup$1.protect(TestSetup.java:21)
	at junit.extensions.TestSetup.run(TestSetup.java:25)
</failure>
  </testcase>
  <testcase classname="com.topcoder.umltool.deploy.codegen.test.JavaTests" name="test78" time="0.0060">
    <failure message="Test 78 failed. with signature:public abstract int MethodForTest();" type="junit.framework.AssertionFailedError">junit.framework.AssertionFailedError: Test 78 failed. with signature:public abstract int MethodForTest();
	at com.topcoder.umltool.deploy.codegen.test.JavaTests.checkSignatureWithBraces(JavaTests.java:1725)
	at com.topcoder.umltool.deploy.codegen.test.JavaTests.test78(JavaTests.java:1011)
	at junit.extensions.TestDecorator.basicRun(TestDecorator.java:24)
	at junit.extensions.TestSetup$1.protect(TestSetup.java:21)
	at junit.extensions.TestSetup.run(TestSetup.java:25)
	at junit.extensions.TestDecorator.basicRun(TestDecorator.java:24)
	at junit.extensions.TestSetup$1.protect(TestSetup.java:21)
	at junit.extensions.TestSetup.run(TestSetup.java:25)
</failure>
  </testcase>
  <testcase classname="com.topcoder.umltool.deploy.codegen.test.JavaTests" name="test79" time="0.0020">
    <failure message="Test 79 failed. with signature:protected abstract int MethodForTest();" type="junit.framework.AssertionFailedError">junit.framework.AssertionFailedError: Test 79 failed. with signature:protected abstract int MethodForTest();
	at com.topcoder.umltool.deploy.codegen.test.JavaTests.checkSignatureWithBraces(JavaTests.java:1725)
	at com.topcoder.umltool.deploy.codegen.test.JavaTests.test79(JavaTests.java:1024)
	at junit.extensions.TestDecorator.basicRun(TestDecorator.java:24)
	at junit.extensions.TestSetup$1.protect(TestSetup.java:21)
	at junit.extensions.TestSetup.run(TestSetup.java:25)
	at junit.extensions.TestDecorator.basicRun(TestDecorator.java:24)
	at junit.extensions.TestSetup$1.protect(TestSetup.java:21)
	at junit.extensions.TestSetup.run(TestSetup.java:25)
</failure>
  </testcase>
  <testcase classname="com.topcoder.umltool.deploy.codegen.test.JavaTests" name="test80" time="0.0010">
    <failure message="Test 80 failed. with signature:abstract int MethodForTest();" type="junit.framework.AssertionFailedError">junit.framework.AssertionFailedError: Test 80 failed. with signature:abstract int MethodForTest();
	at com.topcoder.umltool.deploy.codegen.test.JavaTests.checkSignatureWithBraces(JavaTests.java:1725)
	at com.topcoder.umltool.deploy.codegen.test.JavaTests.test80(JavaTests.java:1037)
	at junit.extensions.TestDecorator.basicRun(TestDecorator.java:24)
	at junit.extensions.TestSetup$1.protect(TestSetup.java:21)
	at junit.extensions.TestSetup.run(TestSetup.java:25)
	at junit.extensions.TestDecorator.basicRun(TestDecorator.java:24)
	at junit.extensions.TestSetup$1.protect(TestSetup.java:21)
	at junit.extensions.TestSetup.run(TestSetup.java:25)
</failure>
  </testcase>
  <testcase classname="com.topcoder.umltool.deploy.codegen.test.JavaTests" name="test81" time="0.0010">
    <failure message="Test 81 failed. with signature:private abstract int MethodForTest();" type="junit.framework.AssertionFailedError">junit.framework.AssertionFailedError: Test 81 failed. with signature:private abstract int MethodForTest();
	at com.topcoder.umltool.deploy.codegen.test.JavaTests.checkSignatureWithBraces(JavaTests.java:1725)
	at com.topcoder.umltool.deploy.codegen.test.JavaTests.test81(JavaTests.java:1050)
	at junit.extensions.TestDecorator.basicRun(TestDecorator.java:24)
	at junit.extensions.TestSetup$1.protect(TestSetup.java:21)
	at junit.extensions.TestSetup.run(TestSetup.java:25)
	at junit.extensions.TestDecorator.basicRun(TestDecorator.java:24)
	at junit.extensions.TestSetup$1.protect(TestSetup.java:21)
	at junit.extensions.TestSetup.run(TestSetup.java:25)
</failure>
  </testcase>
  <testcase classname="com.topcoder.umltool.deploy.codegen.test.JavaTests" name="test82" time="0.0020">
    <failure message="Test 82 failed. with signature:public final int MethodForTest() {" type="junit.framework.AssertionFailedError">junit.framework.AssertionFailedError: Test 82 failed. with signature:public final int MethodForTest() {
	at com.topcoder.umltool.deploy.codegen.test.JavaTests.checkSignatureWithBraces(JavaTests.java:1725)
	at com.topcoder.umltool.deploy.codegen.test.JavaTests.test82(JavaTests.java:1063)
	at junit.extensions.TestDecorator.basicRun(TestDecorator.java:24)
	at junit.extensions.TestSetup$1.protect(TestSetup.java:21)
	at junit.extensions.TestSetup.run(TestSetup.java:25)
	at junit.extensions.TestDecorator.basicRun(TestDecorator.java:24)
	at junit.extensions.TestSetup$1.protect(TestSetup.java:21)
	at junit.extensions.TestSetup.run(TestSetup.java:25)
</failure>
  </testcase>
  <testcase classname="com.topcoder.umltool.deploy.codegen.test.JavaTests" name="test83" time="0.0020">
    <failure message="Test 83 failed. with signature:protected final int MethodForTest() {" type="junit.framework.AssertionFailedError">junit.framework.AssertionFailedError: Test 83 failed. with signature:protected final int MethodForTest() {
	at com.topcoder.umltool.deploy.codegen.test.JavaTests.checkSignatureWithBraces(JavaTests.java:1725)
	at com.topcoder.umltool.deploy.codegen.test.JavaTests.test83(JavaTests.java:1076)
	at junit.extensions.TestDecorator.basicRun(TestDecorator.java:24)
	at junit.extensions.TestSetup$1.protect(TestSetup.java:21)
	at junit.extensions.TestSetup.run(TestSetup.java:25)
	at junit.extensions.TestDecorator.basicRun(TestDecorator.java:24)
	at junit.extensions.TestSetup$1.protect(TestSetup.java:21)
	at junit.extensions.TestSetup.run(TestSetup.java:25)
</failure>
  </testcase>
  <testcase classname="com.topcoder.umltool.deploy.codegen.test.JavaTests" name="test84" time="0.0010">
    <failure message="Test 84 failed. with signature:final int MethodForTest() {" type="junit.framework.AssertionFailedError">junit.framework.AssertionFailedError: Test 84 failed. with signature:final int MethodForTest() {
	at com.topcoder.umltool.deploy.codegen.test.JavaTests.checkSignatureWithBraces(JavaTests.java:1725)
	at com.topcoder.umltool.deploy.codegen.test.JavaTests.test84(JavaTests.java:1089)
	at junit.extensions.TestDecorator.basicRun(TestDecorator.java:24)
	at junit.extensions.TestSetup$1.protect(TestSetup.java:21)
	at junit.extensions.TestSetup.run(TestSetup.java:25)
	at junit.extensions.TestDecorator.basicRun(TestDecorator.java:24)
	at junit.extensions.TestSetup$1.protect(TestSetup.java:21)
	at junit.extensions.TestSetup.run(TestSetup.java:25)
</failure>
  </testcase>
  <testcase classname="com.topcoder.umltool.deploy.codegen.test.JavaTests" name="test85" time="0.0010">
    <failure message="Test 85 failed. with signature:private final int MethodForTest() {" type="junit.framework.AssertionFailedError">junit.framework.AssertionFailedError: Test 85 failed. with signature:private final int MethodForTest() {
	at com.topcoder.umltool.deploy.codegen.test.JavaTests.checkSignatureWithBraces(JavaTests.java:1725)
	at com.topcoder.umltool.deploy.codegen.test.JavaTests.test85(JavaTests.java:1102)
	at junit.extensions.TestDecorator.basicRun(TestDecorator.java:24)
	at junit.extensions.TestSetup$1.protect(TestSetup.java:21)
	at junit.extensions.TestSetup.run(TestSetup.java:25)
	at junit.extensions.TestDecorator.basicRun(TestDecorator.java:24)
	at junit.extensions.TestSetup$1.protect(TestSetup.java:21)
	at junit.extensions.TestSetup.run(TestSetup.java:25)
</failure>
  </testcase>
  <testcase classname="com.topcoder.umltool.deploy.codegen.test.JavaTests" name="test86" time="0.0010">
    <failure message="Test 86 failed. with signature:public static int MethodForTest() {" type="junit.framework.AssertionFailedError">junit.framework.AssertionFailedError: Test 86 failed. with signature:public static int MethodForTest() {
	at com.topcoder.umltool.deploy.codegen.test.JavaTests.checkSignatureWithBraces(JavaTests.java:1725)
	at com.topcoder.umltool.deploy.codegen.test.JavaTests.test86(JavaTests.java:1115)
	at junit.extensions.TestDecorator.basicRun(TestDecorator.java:24)
	at junit.extensions.TestSetup$1.protect(TestSetup.java:21)
	at junit.extensions.TestSetup.run(TestSetup.java:25)
	at junit.extensions.TestDecorator.basicRun(TestDecorator.java:24)
	at junit.extensions.TestSetup$1.protect(TestSetup.java:21)
	at junit.extensions.TestSetup.run(TestSetup.java:25)
</failure>
  </testcase>
  <testcase classname="com.topcoder.umltool.deploy.codegen.test.JavaTests" name="test87" time="0.0030">
    <failure message="Test 87 failed. with signature:protected static int MethodForTest() {" type="junit.framework.AssertionFailedError">junit.framework.AssertionFailedError: Test 87 failed. with signature:protected static int MethodForTest() {
	at com.topcoder.umltool.deploy.codegen.test.JavaTests.checkSignatureWithBraces(JavaTests.java:1725)
	at com.topcoder.umltool.deploy.codegen.test.JavaTests.test87(JavaTests.java:1128)
	at junit.extensions.TestDecorator.basicRun(TestDecorator.java:24)
	at junit.extensions.TestSetup$1.protect(TestSetup.java:21)
	at junit.extensions.TestSetup.run(TestSetup.java:25)
	at junit.extensions.TestDecorator.basicRun(TestDecorator.java:24)
	at junit.extensions.TestSetup$1.protect(TestSetup.java:21)
	at junit.extensions.TestSetup.run(TestSetup.java:25)
</failure>
  </testcase>
  <testcase classname="com.topcoder.umltool.deploy.codegen.test.JavaTests" name="test88" time="0.0010">
    <failure message="Test 88 failed. with signature:static int MethodForTest() {" type="junit.framework.AssertionFailedError">junit.framework.AssertionFailedError: Test 88 failed. with signature:static int MethodForTest() {
	at com.topcoder.umltool.deploy.codegen.test.JavaTests.checkSignatureWithBraces(JavaTests.java:1725)
	at com.topcoder.umltool.deploy.codegen.test.JavaTests.test88(JavaTests.java:1141)
	at junit.extensions.TestDecorator.basicRun(TestDecorator.java:24)
	at junit.extensions.TestSetup$1.protect(TestSetup.java:21)
	at junit.extensions.TestSetup.run(TestSetup.java:25)
	at junit.extensions.TestDecorator.basicRun(TestDecorator.java:24)
	at junit.extensions.TestSetup$1.protect(TestSetup.java:21)
	at junit.extensions.TestSetup.run(TestSetup.java:25)
</failure>
  </testcase>
  <testcase classname="com.topcoder.umltool.deploy.codegen.test.JavaTests" name="test89" time="0.0010">
    <failure message="Test 89 failed. with signature:private static int MethodForTest() {" type="junit.framework.AssertionFailedError">junit.framework.AssertionFailedError: Test 89 failed. with signature:private static int MethodForTest() {
	at com.topcoder.umltool.deploy.codegen.test.JavaTests.checkSignatureWithBraces(JavaTests.java:1725)
	at com.topcoder.umltool.deploy.codegen.test.JavaTests.test89(JavaTests.java:1154)
	at junit.extensions.TestDecorator.basicRun(TestDecorator.java:24)
	at junit.extensions.TestSetup$1.protect(TestSetup.java:21)
	at junit.extensions.TestSetup.run(TestSetup.java:25)
	at junit.extensions.TestDecorator.basicRun(TestDecorator.java:24)
	at junit.extensions.TestSetup$1.protect(TestSetup.java:21)
	at junit.extensions.TestSetup.run(TestSetup.java:25)
</failure>
  </testcase>
  <testcase classname="com.topcoder.umltool.deploy.codegen.test.JavaTests" name="test90" time="0.0010">
    <failure message="Test 90 failed. with signature:public final static int MethodForTest() {" type="junit.framework.AssertionFailedError">junit.framework.AssertionFailedError: Test 90 failed. with signature:public final static int MethodForTest() {
	at com.topcoder.umltool.deploy.codegen.test.JavaTests.checkSignatureWithBraces(JavaTests.java:1725)
	at com.topcoder.umltool.deploy.codegen.test.JavaTests.test90(JavaTests.java:1167)
	at junit.extensions.TestDecorator.basicRun(TestDecorator.java:24)
	at junit.extensions.TestSetup$1.protect(TestSetup.java:21)
	at junit.extensions.TestSetup.run(TestSetup.java:25)
	at junit.extensions.TestDecorator.basicRun(TestDecorator.java:24)
	at junit.extensions.TestSetup$1.protect(TestSetup.java:21)
	at junit.extensions.TestSetup.run(TestSetup.java:25)
</failure>
  </testcase>
  <testcase classname="com.topcoder.umltool.deploy.codegen.test.JavaTests" name="test91" time="0.0030">
    <failure message="Test 91 failed. with signature:protected final static int MethodForTest() {" type="junit.framework.AssertionFailedError">junit.framework.AssertionFailedError: Test 91 failed. with signature:protected final static int MethodForTest() {
	at com.topcoder.umltool.deploy.codegen.test.JavaTests.checkSignatureWithBraces(JavaTests.java:1725)
	at com.topcoder.umltool.deploy.codegen.test.JavaTests.test91(JavaTests.java:1180)
	at junit.extensions.TestDecorator.basicRun(TestDecorator.java:24)
	at junit.extensions.TestSetup$1.protect(TestSetup.java:21)
	at junit.extensions.TestSetup.run(TestSetup.java:25)
	at junit.extensions.TestDecorator.basicRun(TestDecorator.java:24)
	at junit.extensions.TestSetup$1.protect(TestSetup.java:21)
	at junit.extensions.TestSetup.run(TestSetup.java:25)
</failure>
  </testcase>
  <testcase classname="com.topcoder.umltool.deploy.codegen.test.JavaTests" name="test92" time="0.0030">
    <failure message="Test 92 failed. with signature:final static int MethodForTest() {" type="junit.framework.AssertionFailedError">junit.framework.AssertionFailedError: Test 92 failed. with signature:final static int MethodForTest() {
	at com.topcoder.umltool.deploy.codegen.test.JavaTests.checkSignatureWithBraces(JavaTests.java:1725)
	at com.topcoder.umltool.deploy.codegen.test.JavaTests.test92(JavaTests.java:1193)
	at junit.extensions.TestDecorator.basicRun(TestDecorator.java:24)
	at junit.extensions.TestSetup$1.protect(TestSetup.java:21)
	at junit.extensions.TestSetup.run(TestSetup.java:25)
	at junit.extensions.TestDecorator.basicRun(TestDecorator.java:24)
	at junit.extensions.TestSetup$1.protect(TestSetup.java:21)
	at junit.extensions.TestSetup.run(TestSetup.java:25)
</failure>
  </testcase>
  <testcase classname="com.topcoder.umltool.deploy.codegen.test.JavaTests" name="test93" time="0.0010">
    <failure message="Test 93 failed. with signature:private final static int MethodForTest() {" type="junit.framework.AssertionFailedError">junit.framework.AssertionFailedError: Test 93 failed. with signature:private final static int MethodForTest() {
	at com.topcoder.umltool.deploy.codegen.test.JavaTests.checkSignatureWithBraces(JavaTests.java:1725)
	at com.topcoder.umltool.deploy.codegen.test.JavaTests.test93(JavaTests.java:1206)
	at junit.extensions.TestDecorator.basicRun(TestDecorator.java:24)
	at junit.extensions.TestSetup$1.protect(TestSetup.java:21)
	at junit.extensions.TestSetup.run(TestSetup.java:25)
	at junit.extensions.TestDecorator.basicRun(TestDecorator.java:24)
	at junit.extensions.TestSetup$1.protect(TestSetup.java:21)
	at junit.extensions.TestSetup.run(TestSetup.java:25)
</failure>
  </testcase>
  <testcase classname="com.topcoder.umltool.deploy.codegen.test.JavaTests" name="test94" time="0.0010">
    <failure message="Test 94 failed. with signature:public synchronized int MethodForTest() {" type="junit.framework.AssertionFailedError">junit.framework.AssertionFailedError: Test 94 failed. with signature:public synchronized int MethodForTest() {
	at com.topcoder.umltool.deploy.codegen.test.JavaTests.checkSignatureWithBraces(JavaTests.java:1725)
	at com.topcoder.umltool.deploy.codegen.test.JavaTests.test94(JavaTests.java:1219)
	at junit.extensions.TestDecorator.basicRun(TestDecorator.java:24)
	at junit.extensions.TestSetup$1.protect(TestSetup.java:21)
	at junit.extensions.TestSetup.run(TestSetup.java:25)
	at junit.extensions.TestDecorator.basicRun(TestDecorator.java:24)
	at junit.extensions.TestSetup$1.protect(TestSetup.java:21)
	at junit.extensions.TestSetup.run(TestSetup.java:25)
</failure>
  </testcase>
  <testcase classname="com.topcoder.umltool.deploy.codegen.test.JavaTests" name="test95" time="0.0020">
    <failure message="Test 95 failed. with signature:public interface InterfaceForTest {" type="junit.framework.AssertionFailedError">junit.framework.AssertionFailedError: Test 95 failed. with signature:public interface InterfaceForTest {
	at com.topcoder.umltool.deploy.codegen.test.JavaTests.checkSignatureWithBraces(JavaTests.java:1725)
	at com.topcoder.umltool.deploy.codegen.test.JavaTests.test95(JavaTests.java:1232)
	at junit.extensions.TestDecorator.basicRun(TestDecorator.java:24)
	at junit.extensions.TestSetup$1.protect(TestSetup.java:21)
	at junit.extensions.TestSetup.run(TestSetup.java:25)
	at junit.extensions.TestDecorator.basicRun(TestDecorator.java:24)
	at junit.extensions.TestSetup$1.protect(TestSetup.java:21)
	at junit.extensions.TestSetup.run(TestSetup.java:25)
</failure>
  </testcase>
  <testcase classname="com.topcoder.umltool.deploy.codegen.test.JavaTests" name="test96" time="0.0030">
    <failure message="Test 96 failed. with signature:protected interface InterfaceForTest {" type="junit.framework.AssertionFailedError">junit.framework.AssertionFailedError: Test 96 failed. with signature:protected interface InterfaceForTest {
	at com.topcoder.umltool.deploy.codegen.test.JavaTests.checkSignatureWithBraces(JavaTests.java:1725)
	at com.topcoder.umltool.deploy.codegen.test.JavaTests.test96(JavaTests.java:1245)
	at junit.extensions.TestDecorator.basicRun(TestDecorator.java:24)
	at junit.extensions.TestSetup$1.protect(TestSetup.java:21)
	at junit.extensions.TestSetup.run(TestSetup.java:25)
	at junit.extensions.TestDecorator.basicRun(TestDecorator.java:24)
	at junit.extensions.TestSetup$1.protect(TestSetup.java:21)
	at junit.extensions.TestSetup.run(TestSetup.java:25)
</failure>
  </testcase>
  <testcase classname="com.topcoder.umltool.deploy.codegen.test.JavaTests" name="test97" time="0.0010">
    <failure message="Test 97 failed. with signature:interface InterfaceForTest {" type="junit.framework.AssertionFailedError">junit.framework.AssertionFailedError: Test 97 failed. with signature:interface InterfaceForTest {
	at com.topcoder.umltool.deploy.codegen.test.JavaTests.checkSignatureWithBraces(JavaTests.java:1725)
	at com.topcoder.umltool.deploy.codegen.test.JavaTests.test97(JavaTests.java:1258)
	at junit.extensions.TestDecorator.basicRun(TestDecorator.java:24)
	at junit.extensions.TestSetup$1.protect(TestSetup.java:21)
	at junit.extensions.TestSetup.run(TestSetup.java:25)
	at junit.extensions.TestDecorator.basicRun(TestDecorator.java:24)
	at junit.extensions.TestSetup$1.protect(TestSetup.java:21)
	at junit.extensions.TestSetup.run(TestSetup.java:25)
</failure>
  </testcase>
  <testcase classname="com.topcoder.umltool.deploy.codegen.test.JavaTests" name="test98" time="0.0010">
    <failure message="Test 98 failed. with signature:private interface InterfaceForTest {" type="junit.framework.AssertionFailedError">junit.framework.AssertionFailedError: Test 98 failed. with signature:private interface InterfaceForTest {
	at com.topcoder.umltool.deploy.codegen.test.JavaTests.checkSignatureWithBraces(JavaTests.java:1725)
	at com.topcoder.umltool.deploy.codegen.test.JavaTests.test98(JavaTests.java:1271)
	at junit.extensions.TestDecorator.basicRun(TestDecorator.java:24)
	at junit.extensions.TestSetup$1.protect(TestSetup.java:21)
	at junit.extensions.TestSetup.run(TestSetup.java:25)
	at junit.extensions.TestDecorator.basicRun(TestDecorator.java:24)
	at junit.extensions.TestSetup$1.protect(TestSetup.java:21)
	at junit.extensions.TestSetup.run(TestSetup.java:25)
</failure>
  </testcase>
  <testcase classname="com.topcoder.umltool.deploy.codegen.test.JavaTests" name="test99" time="0.0020">
    <failure message="Test 99 failed. with signature:public abstract interface InterfaceForTest {" type="junit.framework.AssertionFailedError">junit.framework.AssertionFailedError: Test 99 failed. with signature:public abstract interface InterfaceForTest {
	at com.topcoder.umltool.deploy.codegen.test.JavaTests.checkSignatureWithBraces(JavaTests.java:1725)
	at com.topcoder.umltool.deploy.codegen.test.JavaTests.test99(JavaTests.java:1284)
	at junit.extensions.TestDecorator.basicRun(TestDecorator.java:24)
	at junit.extensions.TestSetup$1.protect(TestSetup.java:21)
	at junit.extensions.TestSetup.run(TestSetup.java:25)
	at junit.extensions.TestDecorator.basicRun(TestDecorator.java:24)
	at junit.extensions.TestSetup$1.protect(TestSetup.java:21)
	at junit.extensions.TestSetup.run(TestSetup.java:25)
</failure>
  </testcase>
  <testcase classname="com.topcoder.umltool.deploy.codegen.test.JavaTests" name="test100" time="0.0020">
    <failure message="Test 100 failed. with signature:protected abstract interface InterfaceForTest {" type="junit.framework.AssertionFailedError">junit.framework.AssertionFailedError: Test 100 failed. with signature:protected abstract interface InterfaceForTest {
	at com.topcoder.umltool.deploy.codegen.test.JavaTests.checkSignatureWithBraces(JavaTests.java:1725)
	at com.topcoder.umltool.deploy.codegen.test.JavaTests.test100(JavaTests.java:1297)
	at junit.extensions.TestDecorator.basicRun(TestDecorator.java:24)
	at junit.extensions.TestSetup$1.protect(TestSetup.java:21)
	at junit.extensions.TestSetup.run(TestSetup.java:25)
	at junit.extensions.TestDecorator.basicRun(TestDecorator.java:24)
	at junit.extensions.TestSetup$1.protect(TestSetup.java:21)
	at junit.extensions.TestSetup.run(TestSetup.java:25)
</failure>
  </testcase>
  <testcase classname="com.topcoder.umltool.deploy.codegen.test.JavaTests" name="test101" time="0.0010">
    <failure message="Test 101 failed. with signature:abstract interface InterfaceForTest {" type="junit.framework.AssertionFailedError">junit.framework.AssertionFailedError: Test 101 failed. with signature:abstract interface InterfaceForTest {
	at com.topcoder.umltool.deploy.codegen.test.JavaTests.checkSignatureWithBraces(JavaTests.java:1725)
	at com.topcoder.umltool.deploy.codegen.test.JavaTests.test101(JavaTests.java:1310)
	at junit.extensions.TestDecorator.basicRun(TestDecorator.java:24)
	at junit.extensions.TestSetup$1.protect(TestSetup.java:21)
	at junit.extensions.TestSetup.run(TestSetup.java:25)
	at junit.extensions.TestDecorator.basicRun(TestDecorator.java:24)
	at junit.extensions.TestSetup$1.protect(TestSetup.java:21)
	at junit.extensions.TestSetup.run(TestSetup.java:25)
</failure>
  </testcase>
  <testcase classname="com.topcoder.umltool.deploy.codegen.test.JavaTests" name="test102" time="0.0020">
    <failure message="Test 102 failed. with signature:private abstract interface InterfaceForTest {" type="junit.framework.AssertionFailedError">junit.framework.AssertionFailedError: Test 102 failed. with signature:private abstract interface InterfaceForTest {
	at com.topcoder.umltool.deploy.codegen.test.JavaTests.checkSignatureWithBraces(JavaTests.java:1725)
	at com.topcoder.umltool.deploy.codegen.test.JavaTests.test102(JavaTests.java:1323)
	at junit.extensions.TestDecorator.basicRun(TestDecorator.java:24)
	at junit.extensions.TestSetup$1.protect(TestSetup.java:21)
	at junit.extensions.TestSetup.run(TestSetup.java:25)
	at junit.extensions.TestDecorator.basicRun(TestDecorator.java:24)
	at junit.extensions.TestSetup$1.protect(TestSetup.java:21)
	at junit.extensions.TestSetup.run(TestSetup.java:25)
</failure>
  </testcase>
  <testcase classname="com.topcoder.umltool.deploy.codegen.test.JavaTests" name="test103" time="0.0010">
    <failure message="Test 103 failed. with signature:public interface InterfaceForTest {" type="junit.framework.AssertionFailedError">junit.framework.AssertionFailedError: Test 103 failed. with signature:public interface InterfaceForTest {
	at com.topcoder.umltool.deploy.codegen.test.JavaTests.checkSignatureWithBraces(JavaTests.java:1725)
	at com.topcoder.umltool.deploy.codegen.test.JavaTests.test103(JavaTests.java:1336)
	at junit.extensions.TestDecorator.basicRun(TestDecorator.java:24)
	at junit.extensions.TestSetup$1.protect(TestSetup.java:21)
	at junit.extensions.TestSetup.run(TestSetup.java:25)
	at junit.extensions.TestDecorator.basicRun(TestDecorator.java:24)
	at junit.extensions.TestSetup$1.protect(TestSetup.java:21)
	at junit.extensions.TestSetup.run(TestSetup.java:25)
</failure>
  </testcase>
  <testcase classname="com.topcoder.umltool.deploy.codegen.test.JavaTests" name="test104" time="0.0010">
    <failure message="Test 104 failed. with signature:protected interface InterfaceForTest {" type="junit.framework.AssertionFailedError">junit.framework.AssertionFailedError: Test 104 failed. with signature:protected interface InterfaceForTest {
	at com.topcoder.umltool.deploy.codegen.test.JavaTests.checkSignatureWithBraces(JavaTests.java:1725)
	at com.topcoder.umltool.deploy.codegen.test.JavaTests.test104(JavaTests.java:1349)
	at junit.extensions.TestDecorator.basicRun(TestDecorator.java:24)
	at junit.extensions.TestSetup$1.protect(TestSetup.java:21)
	at junit.extensions.TestSetup.run(TestSetup.java:25)
	at junit.extensions.TestDecorator.basicRun(TestDecorator.java:24)
	at junit.extensions.TestSetup$1.protect(TestSetup.java:21)
	at junit.extensions.TestSetup.run(TestSetup.java:25)
</failure>
  </testcase>
  <testcase classname="com.topcoder.umltool.deploy.codegen.test.JavaTests" name="test105" time="0.0010">
    <failure message="Test 105 failed. with signature:interface InterfaceForTest {" type="junit.framework.AssertionFailedError">junit.framework.AssertionFailedError: Test 105 failed. with signature:interface InterfaceForTest {
	at com.topcoder.umltool.deploy.codegen.test.JavaTests.checkSignatureWithBraces(JavaTests.java:1725)
	at com.topcoder.umltool.deploy.codegen.test.JavaTests.test105(JavaTests.java:1362)
	at junit.extensions.TestDecorator.basicRun(TestDecorator.java:24)
	at junit.extensions.TestSetup$1.protect(TestSetup.java:21)
	at junit.extensions.TestSetup.run(TestSetup.java:25)
	at junit.extensions.TestDecorator.basicRun(TestDecorator.java:24)
	at junit.extensions.TestSetup$1.protect(TestSetup.java:21)
	at junit.extensions.TestSetup.run(TestSetup.java:25)
</failure>
  </testcase>
  <testcase classname="com.topcoder.umltool.deploy.codegen.test.JavaTests" name="test106" time="0.0010">
    <failure message="Test 106 failed. with signature:private interface InterfaceForTest {" type="junit.framework.AssertionFailedError">junit.framework.AssertionFailedError: Test 106 failed. with signature:private interface InterfaceForTest {
	at com.topcoder.umltool.deploy.codegen.test.JavaTests.checkSignatureWithBraces(JavaTests.java:1725)
	at com.topcoder.umltool.deploy.codegen.test.JavaTests.test106(JavaTests.java:1375)
	at junit.extensions.TestDecorator.basicRun(TestDecorator.java:24)
	at junit.extensions.TestSetup$1.protect(TestSetup.java:21)
	at junit.extensions.TestSetup.run(TestSetup.java:25)
	at junit.extensions.TestDecorator.basicRun(TestDecorator.java:24)
	at junit.extensions.TestSetup$1.protect(TestSetup.java:21)
	at junit.extensions.TestSetup.run(TestSetup.java:25)
</failure>
  </testcase>
  <testcase classname="com.topcoder.umltool.deploy.codegen.test.JavaTests" name="test111" time="0.0">
    <failure message="Test 111 failed. with signature:public int MethodForTest();" type="junit.framework.AssertionFailedError">junit.framework.AssertionFailedError: Test 111 failed. with signature:public int MethodForTest();
	at com.topcoder.umltool.deploy.codegen.test.JavaTests.checkSignature(JavaTests.java:1744)
	at com.topcoder.umltool.deploy.codegen.test.JavaTests.test111(JavaTests.java:1388)
	at junit.extensions.TestDecorator.basicRun(TestDecorator.java:24)
	at junit.extensions.TestSetup$1.protect(TestSetup.java:21)
	at junit.extensions.TestSetup.run(TestSetup.java:25)
	at junit.extensions.TestDecorator.basicRun(TestDecorator.java:24)
	at junit.extensions.TestSetup$1.protect(TestSetup.java:21)
	at junit.extensions.TestSetup.run(TestSetup.java:25)
</failure>
  </testcase>
  <testcase classname="com.topcoder.umltool.deploy.codegen.test.JavaTests" name="test112" time="0.0010">
    <failure message="Test 112 failed. with signature:protected int MethodForTest();" type="junit.framework.AssertionFailedError">junit.framework.AssertionFailedError: Test 112 failed. with signature:protected int MethodForTest();
	at com.topcoder.umltool.deploy.codegen.test.JavaTests.checkSignature(JavaTests.java:1744)
	at com.topcoder.umltool.deploy.codegen.test.JavaTests.test112(JavaTests.java:1401)
	at junit.extensions.TestDecorator.basicRun(TestDecorator.java:24)
	at junit.extensions.TestSetup$1.protect(TestSetup.java:21)
	at junit.extensions.TestSetup.run(TestSetup.java:25)
	at junit.extensions.TestDecorator.basicRun(TestDecorator.java:24)
	at junit.extensions.TestSetup$1.protect(TestSetup.java:21)
	at junit.extensions.TestSetup.run(TestSetup.java:25)
</failure>
  </testcase>
  <testcase classname="com.topcoder.umltool.deploy.codegen.test.JavaTests" name="test113" time="0.0">
    <failure message="Test 113 failed. with signature:int MethodForTest();" type="junit.framework.AssertionFailedError">junit.framework.AssertionFailedError: Test 113 failed. with signature:int MethodForTest();
	at com.topcoder.umltool.deploy.codegen.test.JavaTests.checkSignature(JavaTests.java:1744)
	at com.topcoder.umltool.deploy.codegen.test.JavaTests.test113(JavaTests.java:1414)
	at junit.extensions.TestDecorator.basicRun(TestDecorator.java:24)
	at junit.extensions.TestSetup$1.protect(TestSetup.java:21)
	at junit.extensions.TestSetup.run(TestSetup.java:25)
	at junit.extensions.TestDecorator.basicRun(TestDecorator.java:24)
	at junit.extensions.TestSetup$1.protect(TestSetup.java:21)
	at junit.extensions.TestSetup.run(TestSetup.java:25)
</failure>
  </testcase>
  <testcase classname="com.topcoder.umltool.deploy.codegen.test.JavaTests" name="test114" time="0.0010">
    <failure message="Test 114 failed. with signature:private int MethodForTest();" type="junit.framework.AssertionFailedError">junit.framework.AssertionFailedError: Test 114 failed. with signature:private int MethodForTest();
	at com.topcoder.umltool.deploy.codegen.test.JavaTests.checkSignature(JavaTests.java:1744)
	at com.topcoder.umltool.deploy.codegen.test.JavaTests.test114(JavaTests.java:1427)
	at junit.extensions.TestDecorator.basicRun(TestDecorator.java:24)
	at junit.extensions.TestSetup$1.protect(TestSetup.java:21)
	at junit.extensions.TestSetup.run(TestSetup.java:25)
	at junit.extensions.TestDecorator.basicRun(TestDecorator.java:24)
	at junit.extensions.TestSetup$1.protect(TestSetup.java:21)
	at junit.extensions.TestSetup.run(TestSetup.java:25)
</failure>
  </testcase>
  <testcase classname="com.topcoder.umltool.deploy.codegen.test.JavaTests" name="test115" time="0.0">
    <failure message="Test 115 failed. with signature:public abstract int MethodForTest();" type="junit.framework.AssertionFailedError">junit.framework.AssertionFailedError: Test 115 failed. with signature:public abstract int MethodForTest();
	at com.topcoder.umltool.deploy.codegen.test.JavaTests.checkSignature(JavaTests.java:1744)
	at com.topcoder.umltool.deploy.codegen.test.JavaTests.test115(JavaTests.java:1440)
	at junit.extensions.TestDecorator.basicRun(TestDecorator.java:24)
	at junit.extensions.TestSetup$1.protect(TestSetup.java:21)
	at junit.extensions.TestSetup.run(TestSetup.java:25)
	at junit.extensions.TestDecorator.basicRun(TestDecorator.java:24)
	at junit.extensions.TestSetup$1.protect(TestSetup.java:21)
	at junit.extensions.TestSetup.run(TestSetup.java:25)
</failure>
  </testcase>
  <testcase classname="com.topcoder.umltool.deploy.codegen.test.JavaTests" name="test116" time="0.0">
    <failure message="Test 116 failed. with signature:protected abstract int MethodForTest();" type="junit.framework.AssertionFailedError">junit.framework.AssertionFailedError: Test 116 failed. with signature:protected abstract int MethodForTest();
	at com.topcoder.umltool.deploy.codegen.test.JavaTests.checkSignature(JavaTests.java:1744)
	at com.topcoder.umltool.deploy.codegen.test.JavaTests.test116(JavaTests.java:1453)
	at junit.extensions.TestDecorator.basicRun(TestDecorator.java:24)
	at junit.extensions.TestSetup$1.protect(TestSetup.java:21)
	at junit.extensions.TestSetup.run(TestSetup.java:25)
	at junit.extensions.TestDecorator.basicRun(TestDecorator.java:24)
	at junit.extensions.TestSetup$1.protect(TestSetup.java:21)
	at junit.extensions.TestSetup.run(TestSetup.java:25)
</failure>
  </testcase>
  <testcase classname="com.topcoder.umltool.deploy.codegen.test.JavaTests" name="test117" time="0.0">
    <failure message="Test 117 failed. with signature:abstract int MethodForTest();" type="junit.framework.AssertionFailedError">junit.framework.AssertionFailedError: Test 117 failed. with signature:abstract int MethodForTest();
	at com.topcoder.umltool.deploy.codegen.test.JavaTests.checkSignature(JavaTests.java:1744)
	at com.topcoder.umltool.deploy.codegen.test.JavaTests.test117(JavaTests.java:1466)
	at junit.extensions.TestDecorator.basicRun(TestDecorator.java:24)
	at junit.extensions.TestSetup$1.protect(TestSetup.java:21)
	at junit.extensions.TestSetup.run(TestSetup.java:25)
	at junit.extensions.TestDecorator.basicRun(TestDecorator.java:24)
	at junit.extensions.TestSetup$1.protect(TestSetup.java:21)
	at junit.extensions.TestSetup.run(TestSetup.java:25)
</failure>
  </testcase>
  <testcase classname="com.topcoder.umltool.deploy.codegen.test.JavaTests" name="test118" time="0.0">
    <failure message="Test 118 failed. with signature:private abstract int MethodForTest();" type="junit.framework.AssertionFailedError">junit.framework.AssertionFailedError: Test 118 failed. with signature:private abstract int MethodForTest();
	at com.topcoder.umltool.deploy.codegen.test.JavaTests.checkSignature(JavaTests.java:1744)
	at com.topcoder.umltool.deploy.codegen.test.JavaTests.test118(JavaTests.java:1479)
	at junit.extensions.TestDecorator.basicRun(TestDecorator.java:24)
	at junit.extensions.TestSetup$1.protect(TestSetup.java:21)
	at junit.extensions.TestSetup.run(TestSetup.java:25)
	at junit.extensions.TestDecorator.basicRun(TestDecorator.java:24)
	at junit.extensions.TestSetup$1.protect(TestSetup.java:21)
	at junit.extensions.TestSetup.run(TestSetup.java:25)
</failure>
  </testcase>
  <testcase classname="com.topcoder.umltool.deploy.codegen.test.JavaTests" name="test120" time="0.0020">
    <error message="\Users\nanda\Documents\TopCoder\workspace-tcuml\UMLToolFrontend\test_files\SwingUnitScript\JavaTest.xml (系统找不到指定的路径。)" type="java.io.FileNotFoundException">java.io.FileNotFoundException: \Users\nanda\Documents\TopCoder\workspace-tcuml\UMLToolFrontend\test_files\SwingUnitScript\JavaTest.xml (系统找不到指定的路径。)
	at java.io.FileInputStream.open(Native Method)
	at java.io.FileInputStream.&lt;init&gt;(FileInputStream.java:120)
	at java.io.FileInputStream.&lt;init&gt;(FileInputStream.java:79)
	at sun.net.www.protocol.file.FileURLConnection.connect(FileURLConnection.java:70)
	at sun.net.www.protocol.file.FileURLConnection.getInputStream(FileURLConnection.java:161)
	at com.sun.org.apache.xerces.internal.impl.XMLEntityManager.setupCurrentEntity(XMLEntityManager.java:652)
	at com.sun.org.apache.xerces.internal.impl.XMLVersionDetector.determineDocVersion(XMLVersionDetector.java:186)
	at com.sun.org.apache.xerces.internal.parsers.XML11Configuration.parse(XML11Configuration.java:772)
	at com.sun.org.apache.xerces.internal.parsers.XML11Configuration.parse(XML11Configuration.java:737)
	at com.sun.org.apache.xerces.internal.parsers.XMLParser.parse(XMLParser.java:119)
	at com.sun.org.apache.xerces.internal.parsers.AbstractSAXParser.parse(AbstractSAXParser.java:1205)
	at com.sun.org.apache.xerces.internal.jaxp.SAXParserImpl$JAXPSAXParser.parse(SAXParserImpl.java:522)
	at javax.xml.parsers.SAXParser.parse(SAXParser.java:395)
	at swingunit.framework.Scenario.read(Scenario.java:352)
	at swingunit.framework.Scenario.read(Scenario.java:310)
	at com.topcoder.umltool.deploy.codegen.test.JavaTests.testNScenario(JavaTests.java:1691)
	at com.topcoder.umltool.deploy.codegen.test.JavaTests.test120(JavaTests.java:1503)
	at junit.extensions.TestDecorator.basicRun(TestDecorator.java:24)
	at junit.extensions.TestSetup$1.protect(TestSetup.java:21)
	at junit.extensions.TestSetup.run(TestSetup.java:25)
	at junit.extensions.TestDecorator.basicRun(TestDecorator.java:24)
	at junit.extensions.TestSetup$1.protect(TestSetup.java:21)
	at junit.extensions.TestSetup.run(TestSetup.java:25)
</error>
  </testcase>
  <testcase classname="com.topcoder.umltool.deploy.codegen.test.JavaTests" name="test121" time="0.0020">
    <error message="\Users\nanda\Documents\TopCoder\workspace-tcuml\UMLToolFrontend\test_files\SwingUnitScript\JavaTest.xml (系统找不到指定的路径。)" type="java.io.FileNotFoundException">java.io.FileNotFoundException: \Users\nanda\Documents\TopCoder\workspace-tcuml\UMLToolFrontend\test_files\SwingUnitScript\JavaTest.xml (系统找不到指定的路径。)
	at java.io.FileInputStream.open(Native Method)
	at java.io.FileInputStream.&lt;init&gt;(FileInputStream.java:120)
	at java.io.FileInputStream.&lt;init&gt;(FileInputStream.java:79)
	at sun.net.www.protocol.file.FileURLConnection.connect(FileURLConnection.java:70)
	at sun.net.www.protocol.file.FileURLConnection.getInputStream(FileURLConnection.java:161)
	at com.sun.org.apache.xerces.internal.impl.XMLEntityManager.setupCurrentEntity(XMLEntityManager.java:652)
	at com.sun.org.apache.xerces.internal.impl.XMLVersionDetector.determineDocVersion(XMLVersionDetector.java:186)
	at com.sun.org.apache.xerces.internal.parsers.XML11Configuration.parse(XML11Configuration.java:772)
	at com.sun.org.apache.xerces.internal.parsers.XML11Configuration.parse(XML11Configuration.java:737)
	at com.sun.org.apache.xerces.internal.parsers.XMLParser.parse(XMLParser.java:119)
	at com.sun.org.apache.xerces.internal.parsers.AbstractSAXParser.parse(AbstractSAXParser.java:1205)
	at com.sun.org.apache.xerces.internal.jaxp.SAXParserImpl$JAXPSAXParser.parse(SAXParserImpl.java:522)
	at javax.xml.parsers.SAXParser.parse(SAXParser.java:395)
	at swingunit.framework.Scenario.read(Scenario.java:352)
	at swingunit.framework.Scenario.read(Scenario.java:310)
	at com.topcoder.umltool.deploy.codegen.test.JavaTests.testNScenario(JavaTests.java:1691)
	at com.topcoder.umltool.deploy.codegen.test.JavaTests.test121(JavaTests.java:1515)
	at junit.extensions.TestDecorator.basicRun(TestDecorator.java:24)
	at junit.extensions.TestSetup$1.protect(TestSetup.java:21)
	at junit.extensions.TestSetup.run(TestSetup.java:25)
	at junit.extensions.TestDecorator.basicRun(TestDecorator.java:24)
	at junit.extensions.TestSetup$1.protect(TestSetup.java:21)
	at junit.extensions.TestSetup.run(TestSetup.java:25)
</error>
  </testcase>
  <testcase classname="com.topcoder.umltool.deploy.codegen.test.JavaTests" name="test122" time="0.0030">
    <error message="\Users\nanda\Documents\TopCoder\workspace-tcuml\UMLToolFrontend\test_files\SwingUnitScript\JavaTest.xml (系统找不到指定的路径。)" type="java.io.FileNotFoundException">java.io.FileNotFoundException: \Users\nanda\Documents\TopCoder\workspace-tcuml\UMLToolFrontend\test_files\SwingUnitScript\JavaTest.xml (系统找不到指定的路径。)
	at java.io.FileInputStream.open(Native Method)
	at java.io.FileInputStream.&lt;init&gt;(FileInputStream.java:120)
	at java.io.FileInputStream.&lt;init&gt;(FileInputStream.java:79)
	at sun.net.www.protocol.file.FileURLConnection.connect(FileURLConnection.java:70)
	at sun.net.www.protocol.file.FileURLConnection.getInputStream(FileURLConnection.java:161)
	at com.sun.org.apache.xerces.internal.impl.XMLEntityManager.setupCurrentEntity(XMLEntityManager.java:652)
	at com.sun.org.apache.xerces.internal.impl.XMLVersionDetector.determineDocVersion(XMLVersionDetector.java:186)
	at com.sun.org.apache.xerces.internal.parsers.XML11Configuration.parse(XML11Configuration.java:772)
	at com.sun.org.apache.xerces.internal.parsers.XML11Configuration.parse(XML11Configuration.java:737)
	at com.sun.org.apache.xerces.internal.parsers.XMLParser.parse(XMLParser.java:119)
	at com.sun.org.apache.xerces.internal.parsers.AbstractSAXParser.parse(AbstractSAXParser.java:1205)
	at com.sun.org.apache.xerces.internal.jaxp.SAXParserImpl$JAXPSAXParser.parse(SAXParserImpl.java:522)
	at javax.xml.parsers.SAXParser.parse(SAXParser.java:395)
	at swingunit.framework.Scenario.read(Scenario.java:352)
	at swingunit.framework.Scenario.read(Scenario.java:310)
	at com.topcoder.umltool.deploy.codegen.test.JavaTests.testNScenario(JavaTests.java:1691)
	at com.topcoder.umltool.deploy.codegen.test.JavaTests.test122(JavaTests.java:1528)
	at junit.extensions.TestDecorator.basicRun(TestDecorator.java:24)
	at junit.extensions.TestSetup$1.protect(TestSetup.java:21)
	at junit.extensions.TestSetup.run(TestSetup.java:25)
	at junit.extensions.TestDecorator.basicRun(TestDecorator.java:24)
	at junit.extensions.TestSetup$1.protect(TestSetup.java:21)
	at junit.extensions.TestSetup.run(TestSetup.java:25)
</error>
  </testcase>
  <testcase classname="com.topcoder.umltool.deploy.codegen.test.JavaTests" name="test123" time="0.0030">
    <error message="\Users\nanda\Documents\TopCoder\workspace-tcuml\UMLToolFrontend\test_files\SwingUnitScript\JavaTest.xml (系统找不到指定的路径。)" type="java.io.FileNotFoundException">java.io.FileNotFoundException: \Users\nanda\Documents\TopCoder\workspace-tcuml\UMLToolFrontend\test_files\SwingUnitScript\JavaTest.xml (系统找不到指定的路径。)
	at java.io.FileInputStream.open(Native Method)
	at java.io.FileInputStream.&lt;init&gt;(FileInputStream.java:120)
	at java.io.FileInputStream.&lt;init&gt;(FileInputStream.java:79)
	at sun.net.www.protocol.file.FileURLConnection.connect(FileURLConnection.java:70)
	at sun.net.www.protocol.file.FileURLConnection.getInputStream(FileURLConnection.java:161)
	at com.sun.org.apache.xerces.internal.impl.XMLEntityManager.setupCurrentEntity(XMLEntityManager.java:652)
	at com.sun.org.apache.xerces.internal.impl.XMLVersionDetector.determineDocVersion(XMLVersionDetector.java:186)
	at com.sun.org.apache.xerces.internal.parsers.XML11Configuration.parse(XML11Configuration.java:772)
	at com.sun.org.apache.xerces.internal.parsers.XML11Configuration.parse(XML11Configuration.java:737)
	at com.sun.org.apache.xerces.internal.parsers.XMLParser.parse(XMLParser.java:119)
	at com.sun.org.apache.xerces.internal.parsers.AbstractSAXParser.parse(AbstractSAXParser.java:1205)
	at com.sun.org.apache.xerces.internal.jaxp.SAXParserImpl$JAXPSAXParser.parse(SAXParserImpl.java:522)
	at javax.xml.parsers.SAXParser.parse(SAXParser.java:395)
	at swingunit.framework.Scenario.read(Scenario.java:352)
	at swingunit.framework.Scenario.read(Scenario.java:310)
	at com.topcoder.umltool.deploy.codegen.test.JavaTests.testNScenario(JavaTests.java:1691)
	at com.topcoder.umltool.deploy.codegen.test.JavaTests.test123(JavaTests.java:1541)
	at junit.extensions.TestDecorator.basicRun(TestDecorator.java:24)
	at junit.extensions.TestSetup$1.protect(TestSetup.java:21)
	at junit.extensions.TestSetup.run(TestSetup.java:25)
	at junit.extensions.TestDecorator.basicRun(TestDecorator.java:24)
	at junit.extensions.TestSetup$1.protect(TestSetup.java:21)
	at junit.extensions.TestSetup.run(TestSetup.java:25)
</error>
  </testcase>
  <testcase classname="com.topcoder.umltool.deploy.codegen.test.JavaTests" name="test124" time="0.0020">
    <error message="\Users\nanda\Documents\TopCoder\workspace-tcuml\UMLToolFrontend\test_files\SwingUnitScript\JavaTest.xml (系统找不到指定的路径。)" type="java.io.FileNotFoundException">java.io.FileNotFoundException: \Users\nanda\Documents\TopCoder\workspace-tcuml\UMLToolFrontend\test_files\SwingUnitScript\JavaTest.xml (系统找不到指定的路径。)
	at java.io.FileInputStream.open(Native Method)
	at java.io.FileInputStream.&lt;init&gt;(FileInputStream.java:120)
	at java.io.FileInputStream.&lt;init&gt;(FileInputStream.java:79)
	at sun.net.www.protocol.file.FileURLConnection.connect(FileURLConnection.java:70)
	at sun.net.www.protocol.file.FileURLConnection.getInputStream(FileURLConnection.java:161)
	at com.sun.org.apache.xerces.internal.impl.XMLEntityManager.setupCurrentEntity(XMLEntityManager.java:652)
	at com.sun.org.apache.xerces.internal.impl.XMLVersionDetector.determineDocVersion(XMLVersionDetector.java:186)
	at com.sun.org.apache.xerces.internal.parsers.XML11Configuration.parse(XML11Configuration.java:772)
	at com.sun.org.apache.xerces.internal.parsers.XML11Configuration.parse(XML11Configuration.java:737)
	at com.sun.org.apache.xerces.internal.parsers.XMLParser.parse(XMLParser.java:119)
	at com.sun.org.apache.xerces.internal.parsers.AbstractSAXParser.parse(AbstractSAXParser.java:1205)
	at com.sun.org.apache.xerces.internal.jaxp.SAXParserImpl$JAXPSAXParser.parse(SAXParserImpl.java:522)
	at javax.xml.parsers.SAXParser.parse(SAXParser.java:395)
	at swingunit.framework.Scenario.read(Scenario.java:352)
	at swingunit.framework.Scenario.read(Scenario.java:310)
	at com.topcoder.umltool.deploy.codegen.test.JavaTests.testNScenario(JavaTests.java:1691)
	at com.topcoder.umltool.deploy.codegen.test.JavaTests.test124(JavaTests.java:1554)
	at junit.extensions.TestDecorator.basicRun(TestDecorator.java:24)
	at junit.extensions.TestSetup$1.protect(TestSetup.java:21)
	at junit.extensions.TestSetup.run(TestSetup.java:25)
	at junit.extensions.TestDecorator.basicRun(TestDecorator.java:24)
	at junit.extensions.TestSetup$1.protect(TestSetup.java:21)
	at junit.extensions.TestSetup.run(TestSetup.java:25)
</error>
  </testcase>
  <testcase classname="com.topcoder.umltool.deploy.codegen.test.JavaTests" name="test125" time="0.0020">
    <error message="\Users\nanda\Documents\TopCoder\workspace-tcuml\UMLToolFrontend\test_files\SwingUnitScript\JavaTest.xml (系统找不到指定的路径。)" type="java.io.FileNotFoundException">java.io.FileNotFoundException: \Users\nanda\Documents\TopCoder\workspace-tcuml\UMLToolFrontend\test_files\SwingUnitScript\JavaTest.xml (系统找不到指定的路径。)
	at java.io.FileInputStream.open(Native Method)
	at java.io.FileInputStream.&lt;init&gt;(FileInputStream.java:120)
	at java.io.FileInputStream.&lt;init&gt;(FileInputStream.java:79)
	at sun.net.www.protocol.file.FileURLConnection.connect(FileURLConnection.java:70)
	at sun.net.www.protocol.file.FileURLConnection.getInputStream(FileURLConnection.java:161)
	at com.sun.org.apache.xerces.internal.impl.XMLEntityManager.setupCurrentEntity(XMLEntityManager.java:652)
	at com.sun.org.apache.xerces.internal.impl.XMLVersionDetector.determineDocVersion(XMLVersionDetector.java:186)
	at com.sun.org.apache.xerces.internal.parsers.XML11Configuration.parse(XML11Configuration.java:772)
	at com.sun.org.apache.xerces.internal.parsers.XML11Configuration.parse(XML11Configuration.java:737)
	at com.sun.org.apache.xerces.internal.parsers.XMLParser.parse(XMLParser.java:119)
	at com.sun.org.apache.xerces.internal.parsers.AbstractSAXParser.parse(AbstractSAXParser.java:1205)
	at com.sun.org.apache.xerces.internal.jaxp.SAXParserImpl$JAXPSAXParser.parse(SAXParserImpl.java:522)
	at javax.xml.parsers.SAXParser.parse(SAXParser.java:395)
	at swingunit.framework.Scenario.read(Scenario.java:352)
	at swingunit.framework.Scenario.read(Scenario.java:310)
	at com.topcoder.umltool.deploy.codegen.test.JavaTests.testNScenario(JavaTests.java:1691)
	at com.topcoder.umltool.deploy.codegen.test.JavaTests.test125(JavaTests.java:1566)
	at junit.extensions.TestDecorator.basicRun(TestDecorator.java:24)
	at junit.extensions.TestSetup$1.protect(TestSetup.java:21)
	at junit.extensions.TestSetup.run(TestSetup.java:25)
	at junit.extensions.TestDecorator.basicRun(TestDecorator.java:24)
	at junit.extensions.TestSetup$1.protect(TestSetup.java:21)
	at junit.extensions.TestSetup.run(TestSetup.java:25)
</error>
  </testcase>
  <testcase classname="com.topcoder.umltool.deploy.codegen.test.JavaTests" name="test126" time="0.0020">
    <error message="\Users\nanda\Documents\TopCoder\workspace-tcuml\UMLToolFrontend\test_files\SwingUnitScript\JavaTest.xml (系统找不到指定的路径。)" type="java.io.FileNotFoundException">java.io.FileNotFoundException: \Users\nanda\Documents\TopCoder\workspace-tcuml\UMLToolFrontend\test_files\SwingUnitScript\JavaTest.xml (系统找不到指定的路径。)
	at java.io.FileInputStream.open(Native Method)
	at java.io.FileInputStream.&lt;init&gt;(FileInputStream.java:120)
	at java.io.FileInputStream.&lt;init&gt;(FileInputStream.java:79)
	at sun.net.www.protocol.file.FileURLConnection.connect(FileURLConnection.java:70)
	at sun.net.www.protocol.file.FileURLConnection.getInputStream(FileURLConnection.java:161)
	at com.sun.org.apache.xerces.internal.impl.XMLEntityManager.setupCurrentEntity(XMLEntityManager.java:652)
	at com.sun.org.apache.xerces.internal.impl.XMLVersionDetector.determineDocVersion(XMLVersionDetector.java:186)
	at com.sun.org.apache.xerces.internal.parsers.XML11Configuration.parse(XML11Configuration.java:772)
	at com.sun.org.apache.xerces.internal.parsers.XML11Configuration.parse(XML11Configuration.java:737)
	at com.sun.org.apache.xerces.internal.parsers.XMLParser.parse(XMLParser.java:119)
	at com.sun.org.apache.xerces.internal.parsers.AbstractSAXParser.parse(AbstractSAXParser.java:1205)
	at com.sun.org.apache.xerces.internal.jaxp.SAXParserImpl$JAXPSAXParser.parse(SAXParserImpl.java:522)
	at javax.xml.parsers.SAXParser.parse(SAXParser.java:395)
	at swingunit.framework.Scenario.read(Scenario.java:352)
	at swingunit.framework.Scenario.read(Scenario.java:310)
	at com.topcoder.umltool.deploy.codegen.test.JavaTests.testNScenario(JavaTests.java:1691)
	at com.topcoder.umltool.deploy.codegen.test.JavaTests.test126(JavaTests.java:1578)
	at junit.extensions.TestDecorator.basicRun(TestDecorator.java:24)
	at junit.extensions.TestSetup$1.protect(TestSetup.java:21)
	at junit.extensions.TestSetup.run(TestSetup.java:25)
	at junit.extensions.TestDecorator.basicRun(TestDecorator.java:24)
	at junit.extensions.TestSetup$1.protect(TestSetup.java:21)
	at junit.extensions.TestSetup.run(TestSetup.java:25)
</error>
  </testcase>
  <testcase classname="com.topcoder.umltool.deploy.codegen.test.JavaTests" name="test127" time="0.0020">
    <error message="\Users\nanda\Documents\TopCoder\workspace-tcuml\UMLToolFrontend\test_files\SwingUnitScript\JavaTest.xml (系统找不到指定的路径。)" type="java.io.FileNotFoundException">java.io.FileNotFoundException: \Users\nanda\Documents\TopCoder\workspace-tcuml\UMLToolFrontend\test_files\SwingUnitScript\JavaTest.xml (系统找不到指定的路径。)
	at java.io.FileInputStream.open(Native Method)
	at java.io.FileInputStream.&lt;init&gt;(FileInputStream.java:120)
	at java.io.FileInputStream.&lt;init&gt;(FileInputStream.java:79)
	at sun.net.www.protocol.file.FileURLConnection.connect(FileURLConnection.java:70)
	at sun.net.www.protocol.file.FileURLConnection.getInputStream(FileURLConnection.java:161)
	at com.sun.org.apache.xerces.internal.impl.XMLEntityManager.setupCurrentEntity(XMLEntityManager.java:652)
	at com.sun.org.apache.xerces.internal.impl.XMLVersionDetector.determineDocVersion(XMLVersionDetector.java:186)
	at com.sun.org.apache.xerces.internal.parsers.XML11Configuration.parse(XML11Configuration.java:772)
	at com.sun.org.apache.xerces.internal.parsers.XML11Configuration.parse(XML11Configuration.java:737)
	at com.sun.org.apache.xerces.internal.parsers.XMLParser.parse(XMLParser.java:119)
	at com.sun.org.apache.xerces.internal.parsers.AbstractSAXParser.parse(AbstractSAXParser.java:1205)
	at com.sun.org.apache.xerces.internal.jaxp.SAXParserImpl$JAXPSAXParser.parse(SAXParserImpl.java:522)
	at javax.xml.parsers.SAXParser.parse(SAXParser.java:395)
	at swingunit.framework.Scenario.read(Scenario.java:352)
	at swingunit.framework.Scenario.read(Scenario.java:310)
	at com.topcoder.umltool.deploy.codegen.test.JavaTests.testNScenario(JavaTests.java:1691)
	at com.topcoder.umltool.deploy.codegen.test.JavaTests.test127(JavaTests.java:1590)
	at junit.extensions.TestDecorator.basicRun(TestDecorator.java:24)
	at junit.extensions.TestSetup$1.protect(TestSetup.java:21)
	at junit.extensions.TestSetup.run(TestSetup.java:25)
	at junit.extensions.TestDecorator.basicRun(TestDecorator.java:24)
	at junit.extensions.TestSetup$1.protect(TestSetup.java:21)
	at junit.extensions.TestSetup.run(TestSetup.java:25)
</error>
  </testcase>
  <testcase classname="com.topcoder.umltool.deploy.codegen.test.JavaTests" name="test128" time="0.0020">
    <error message="\Users\nanda\Documents\TopCoder\workspace-tcuml\UMLToolFrontend\test_files\SwingUnitScript\JavaTest.xml (系统找不到指定的路径。)" type="java.io.FileNotFoundException">java.io.FileNotFoundException: \Users\nanda\Documents\TopCoder\workspace-tcuml\UMLToolFrontend\test_files\SwingUnitScript\JavaTest.xml (系统找不到指定的路径。)
	at java.io.FileInputStream.open(Native Method)
	at java.io.FileInputStream.&lt;init&gt;(FileInputStream.java:120)
	at java.io.FileInputStream.&lt;init&gt;(FileInputStream.java:79)
	at sun.net.www.protocol.file.FileURLConnection.connect(FileURLConnection.java:70)
	at sun.net.www.protocol.file.FileURLConnection.getInputStream(FileURLConnection.java:161)
	at com.sun.org.apache.xerces.internal.impl.XMLEntityManager.setupCurrentEntity(XMLEntityManager.java:652)
	at com.sun.org.apache.xerces.internal.impl.XMLVersionDetector.determineDocVersion(XMLVersionDetector.java:186)
	at com.sun.org.apache.xerces.internal.parsers.XML11Configuration.parse(XML11Configuration.java:772)
	at com.sun.org.apache.xerces.internal.parsers.XML11Configuration.parse(XML11Configuration.java:737)
	at com.sun.org.apache.xerces.internal.parsers.XMLParser.parse(XMLParser.java:119)
	at com.sun.org.apache.xerces.internal.parsers.AbstractSAXParser.parse(AbstractSAXParser.java:1205)
	at com.sun.org.apache.xerces.internal.jaxp.SAXParserImpl$JAXPSAXParser.parse(SAXParserImpl.java:522)
	at javax.xml.parsers.SAXParser.parse(SAXParser.java:395)
	at swingunit.framework.Scenario.read(Scenario.java:352)
	at swingunit.framework.Scenario.read(Scenario.java:310)
	at com.topcoder.umltool.deploy.codegen.test.JavaTests.testNScenario(JavaTests.java:1691)
	at com.topcoder.umltool.deploy.codegen.test.JavaTests.test128(JavaTests.java:1601)
	at junit.extensions.TestDecorator.basicRun(TestDecorator.java:24)
	at junit.extensions.TestSetup$1.protect(TestSetup.java:21)
	at junit.extensions.TestSetup.run(TestSetup.java:25)
	at junit.extensions.TestDecorator.basicRun(TestDecorator.java:24)
	at junit.extensions.TestSetup$1.protect(TestSetup.java:21)
	at junit.extensions.TestSetup.run(TestSetup.java:25)
</error>
  </testcase>
  <testcase classname="com.topcoder.umltool.deploy.codegen.test.JavaTests" name="test129" time="0.0020">
    <error message="\Users\nanda\Documents\TopCoder\workspace-tcuml\UMLToolFrontend\test_files\SwingUnitScript\JavaTest.xml (系统找不到指定的路径。)" type="java.io.FileNotFoundException">java.io.FileNotFoundException: \Users\nanda\Documents\TopCoder\workspace-tcuml\UMLToolFrontend\test_files\SwingUnitScript\JavaTest.xml (系统找不到指定的路径。)
	at java.io.FileInputStream.open(Native Method)
	at java.io.FileInputStream.&lt;init&gt;(FileInputStream.java:120)
	at java.io.FileInputStream.&lt;init&gt;(FileInputStream.java:79)
	at sun.net.www.protocol.file.FileURLConnection.connect(FileURLConnection.java:70)
	at sun.net.www.protocol.file.FileURLConnection.getInputStream(FileURLConnection.java:161)
	at com.sun.org.apache.xerces.internal.impl.XMLEntityManager.setupCurrentEntity(XMLEntityManager.java:652)
	at com.sun.org.apache.xerces.internal.impl.XMLVersionDetector.determineDocVersion(XMLVersionDetector.java:186)
	at com.sun.org.apache.xerces.internal.parsers.XML11Configuration.parse(XML11Configuration.java:772)
	at com.sun.org.apache.xerces.internal.parsers.XML11Configuration.parse(XML11Configuration.java:737)
	at com.sun.org.apache.xerces.internal.parsers.XMLParser.parse(XMLParser.java:119)
	at com.sun.org.apache.xerces.internal.parsers.AbstractSAXParser.parse(AbstractSAXParser.java:1205)
	at com.sun.org.apache.xerces.internal.jaxp.SAXParserImpl$JAXPSAXParser.parse(SAXParserImpl.java:522)
	at javax.xml.parsers.SAXParser.parse(SAXParser.java:395)
	at swingunit.framework.Scenario.read(Scenario.java:352)
	at swingunit.framework.Scenario.read(Scenario.java:310)
	at com.topcoder.umltool.deploy.codegen.test.JavaTests.testNScenario(JavaTests.java:1691)
	at com.topcoder.umltool.deploy.codegen.test.JavaTests.test129(JavaTests.java:1613)
	at junit.extensions.TestDecorator.basicRun(TestDecorator.java:24)
	at junit.extensions.TestSetup$1.protect(TestSetup.java:21)
	at junit.extensions.TestSetup.run(TestSetup.java:25)
	at junit.extensions.TestDecorator.basicRun(TestDecorator.java:24)
	at junit.extensions.TestSetup$1.protect(TestSetup.java:21)
	at junit.extensions.TestSetup.run(TestSetup.java:25)
</error>
  </testcase>
  <testcase classname="com.topcoder.umltool.deploy.codegen.test.JavaTests" name="test130" time="0.0010">
    <failure message="130" type="junit.framework.AssertionFailedError">junit.framework.AssertionFailedError: 130
	at com.topcoder.umltool.deploy.codegen.test.JavaTests.test130(JavaTests.java:1628)
	at junit.extensions.TestDecorator.basicRun(TestDecorator.java:24)
	at junit.extensions.TestSetup$1.protect(TestSetup.java:21)
	at junit.extensions.TestSetup.run(TestSetup.java:25)
	at junit.extensions.TestDecorator.basicRun(TestDecorator.java:24)
	at junit.extensions.TestSetup$1.protect(TestSetup.java:21)
	at junit.extensions.TestSetup.run(TestSetup.java:25)
</failure>
  </testcase>
  <testcase classname="com.topcoder.umltool.deploy.codegen.test.JavaTests" name="test132" time="0.0">
    <failure message="132" type="junit.framework.AssertionFailedError">junit.framework.AssertionFailedError: 132
	at com.topcoder.umltool.deploy.codegen.test.JavaTests.test132(JavaTests.java:1643)
	at junit.extensions.TestDecorator.basicRun(TestDecorator.java:24)
	at junit.extensions.TestSetup$1.protect(TestSetup.java:21)
	at junit.extensions.TestSetup.run(TestSetup.java:25)
	at junit.extensions.TestDecorator.basicRun(TestDecorator.java:24)
	at junit.extensions.TestSetup$1.protect(TestSetup.java:21)
	at junit.extensions.TestSetup.run(TestSetup.java:25)
</failure>
  </testcase>
  <testcase classname="com.topcoder.umltool.deploy.codegen.test.JavaTests" name="test133" time="0.0010">
    <failure message="133" type="junit.framework.AssertionFailedError">junit.framework.AssertionFailedError: 133
	at com.topcoder.umltool.deploy.codegen.test.JavaTests.test133(JavaTests.java:1658)
	at junit.extensions.TestDecorator.basicRun(TestDecorator.java:24)
	at junit.extensions.TestSetup$1.protect(TestSetup.java:21)
	at junit.extensions.TestSetup.run(TestSetup.java:25)
	at junit.extensions.TestDecorator.basicRun(TestDecorator.java:24)
	at junit.extensions.TestSetup$1.protect(TestSetup.java:21)
	at junit.extensions.TestSetup.run(TestSetup.java:25)
</failure>
  </testcase>
  <testcase classname="com.topcoder.umltool.deploy.codegen.test.JavaTests" name="test134" time="0.0010">
    <failure message="134" type="junit.framework.AssertionFailedError">junit.framework.AssertionFailedError: 134
	at com.topcoder.umltool.deploy.codegen.test.JavaTests.test134(JavaTests.java:1673)
	at junit.extensions.TestDecorator.basicRun(TestDecorator.java:24)
	at junit.extensions.TestSetup$1.protect(TestSetup.java:21)
	at junit.extensions.TestSetup.run(TestSetup.java:25)
	at junit.extensions.TestDecorator.basicRun(TestDecorator.java:24)
	at junit.extensions.TestSetup$1.protect(TestSetup.java:21)
	at junit.extensions.TestSetup.run(TestSetup.java:25)
</failure>
  </testcase>
  <testcase classname="com.topcoder.umltool.deploy.codegen.test.JavaTests" name="test35" time="0.0">
    <failure message="Test 34 failed. with signature:protected class EnityClass {" type="junit.framework.AssertionFailedError">junit.framework.AssertionFailedError: Test 34 failed. with signature:protected class EnityClass {
	at com.topcoder.umltool.deploy.codegen.test.JavaTests.checkSignatureWithBraces(JavaTests.java:1725)
	at com.topcoder.umltool.deploy.codegen.test.JavaTests.test35(JavaTests.java:516)
	at junit.extensions.TestDecorator.basicRun(TestDecorator.java:24)
	at junit.extensions.TestSetup$1.protect(TestSetup.java:21)
	at junit.extensions.TestSetup.run(TestSetup.java:25)
	at junit.extensions.TestDecorator.basicRun(TestDecorator.java:24)
	at junit.extensions.TestSetup$1.protect(TestSetup.java:21)
	at junit.extensions.TestSetup.run(TestSetup.java:25)
</failure>
  </testcase>
  <testcase classname="com.topcoder.umltool.deploy.codegen.test.JavaTests" name="test119" time="0.0030">
    <error message="\Users\nanda\Documents\TopCoder\workspace-tcuml\UMLToolFrontend\test_files\SwingUnitScript\JavaTest.xml (系统找不到指定的路径。)" type="java.io.FileNotFoundException">java.io.FileNotFoundException: \Users\nanda\Documents\TopCoder\workspace-tcuml\UMLToolFrontend\test_files\SwingUnitScript\JavaTest.xml (系统找不到指定的路径。)
	at java.io.FileInputStream.open(Native Method)
	at java.io.FileInputStream.&lt;init&gt;(FileInputStream.java:120)
	at java.io.FileInputStream.&lt;init&gt;(FileInputStream.java:79)
	at sun.net.www.protocol.file.FileURLConnection.connect(FileURLConnection.java:70)
	at sun.net.www.protocol.file.FileURLConnection.getInputStream(FileURLConnection.java:161)
	at com.sun.org.apache.xerces.internal.impl.XMLEntityManager.setupCurrentEntity(XMLEntityManager.java:652)
	at com.sun.org.apache.xerces.internal.impl.XMLVersionDetector.determineDocVersion(XMLVersionDetector.java:186)
	at com.sun.org.apache.xerces.internal.parsers.XML11Configuration.parse(XML11Configuration.java:772)
	at com.sun.org.apache.xerces.internal.parsers.XML11Configuration.parse(XML11Configuration.java:737)
	at com.sun.org.apache.xerces.internal.parsers.XMLParser.parse(XMLParser.java:119)
	at com.sun.org.apache.xerces.internal.parsers.AbstractSAXParser.parse(AbstractSAXParser.java:1205)
	at com.sun.org.apache.xerces.internal.jaxp.SAXParserImpl$JAXPSAXParser.parse(SAXParserImpl.java:522)
	at javax.xml.parsers.SAXParser.parse(SAXParser.java:395)
	at swingunit.framework.Scenario.read(Scenario.java:352)
	at swingunit.framework.Scenario.read(Scenario.java:310)
	at com.topcoder.umltool.deploy.codegen.test.JavaTests.testNScenario(JavaTests.java:1691)
	at com.topcoder.umltool.deploy.codegen.test.JavaTests.test119(JavaTests.java:1491)
	at junit.extensions.TestDecorator.basicRun(TestDecorator.java:24)
	at junit.extensions.TestSetup$1.protect(TestSetup.java:21)
	at junit.extensions.TestSetup.run(TestSetup.java:25)
	at junit.extensions.TestDecorator.basicRun(TestDecorator.java:24)
	at junit.extensions.TestSetup$1.protect(TestSetup.java:21)
	at junit.extensions.TestSetup.run(TestSetup.java:25)
</error>
  </testcase>
  <testcase classname="com.topcoder.umltool.deploy.codegen.test.CodeGenGUITests" name="test1" time="0.0020">
    <error message="\Users\nanda\Documents\TopCoder\workspace-tcuml\UMLToolFrontend\test_files\SwingUnitScript\GUITest.xml (系统找不到指定的路径。)" type="java.io.FileNotFoundException">java.io.FileNotFoundException: \Users\nanda\Documents\TopCoder\workspace-tcuml\UMLToolFrontend\test_files\SwingUnitScript\GUITest.xml (系统找不到指定的路径。)
	at java.io.FileInputStream.open(Native Method)
	at java.io.FileInputStream.&lt;init&gt;(FileInputStream.java:120)
	at java.io.FileInputStream.&lt;init&gt;(FileInputStream.java:79)
	at sun.net.www.protocol.file.FileURLConnection.connect(FileURLConnection.java:70)
	at sun.net.www.protocol.file.FileURLConnection.getInputStream(FileURLConnection.java:161)
	at com.sun.org.apache.xerces.internal.impl.XMLEntityManager.setupCurrentEntity(XMLEntityManager.java:652)
	at com.sun.org.apache.xerces.internal.impl.XMLVersionDetector.determineDocVersion(XMLVersionDetector.java:186)
	at com.sun.org.apache.xerces.internal.parsers.XML11Configuration.parse(XML11Configuration.java:772)
	at com.sun.org.apache.xerces.internal.parsers.XML11Configuration.parse(XML11Configuration.java:737)
	at com.sun.org.apache.xerces.internal.parsers.XMLParser.parse(XMLParser.java:119)
	at com.sun.org.apache.xerces.internal.parsers.AbstractSAXParser.parse(AbstractSAXParser.java:1205)
	at com.sun.org.apache.xerces.internal.jaxp.SAXParserImpl$JAXPSAXParser.parse(SAXParserImpl.java:522)
	at javax.xml.parsers.SAXParser.parse(SAXParser.java:395)
	at swingunit.framework.Scenario.read(Scenario.java:352)
	at swingunit.framework.Scenario.read(Scenario.java:310)
	at com.topcoder.umltool.deploy.codegen.test.CodeGenGUITests.testNScenario(CodeGenGUITests.java:89)
	at com.topcoder.umltool.deploy.codegen.test.CodeGenGUITests.test1(CodeGenGUITests.java:38)
	at junit.extensions.TestDecorator.basicRun(TestDecorator.java:24)
	at junit.extensions.TestSetup$1.protect(TestSetup.java:21)
	at junit.extensions.TestSetup.run(TestSetup.java:25)
</error>
  </testcase>
  <testcase classname="com.topcoder.umltool.deploy.codegen.test.CodeGenGUITests" name="test2" time="0.0020">
    <error message="\Users\nanda\Documents\TopCoder\workspace-tcuml\UMLToolFrontend\test_files\SwingUnitScript\GUITest.xml (系统找不到指定的路径。)" type="java.io.FileNotFoundException">java.io.FileNotFoundException: \Users\nanda\Documents\TopCoder\workspace-tcuml\UMLToolFrontend\test_files\SwingUnitScript\GUITest.xml (系统找不到指定的路径。)
	at java.io.FileInputStream.open(Native Method)
	at java.io.FileInputStream.&lt;init&gt;(FileInputStream.java:120)
	at java.io.FileInputStream.&lt;init&gt;(FileInputStream.java:79)
	at sun.net.www.protocol.file.FileURLConnection.connect(FileURLConnection.java:70)
	at sun.net.www.protocol.file.FileURLConnection.getInputStream(FileURLConnection.java:161)
	at com.sun.org.apache.xerces.internal.impl.XMLEntityManager.setupCurrentEntity(XMLEntityManager.java:652)
	at com.sun.org.apache.xerces.internal.impl.XMLVersionDetector.determineDocVersion(XMLVersionDetector.java:186)
	at com.sun.org.apache.xerces.internal.parsers.XML11Configuration.parse(XML11Configuration.java:772)
	at com.sun.org.apache.xerces.internal.parsers.XML11Configuration.parse(XML11Configuration.java:737)
	at com.sun.org.apache.xerces.internal.parsers.XMLParser.parse(XMLParser.java:119)
	at com.sun.org.apache.xerces.internal.parsers.AbstractSAXParser.parse(AbstractSAXParser.java:1205)
	at com.sun.org.apache.xerces.internal.jaxp.SAXParserImpl$JAXPSAXParser.parse(SAXParserImpl.java:522)
	at javax.xml.parsers.SAXParser.parse(SAXParser.java:395)
	at swingunit.framework.Scenario.read(Scenario.java:352)
	at swingunit.framework.Scenario.read(Scenario.java:310)
	at com.topcoder.umltool.deploy.codegen.test.CodeGenGUITests.testNScenario(CodeGenGUITests.java:89)
	at com.topcoder.umltool.deploy.codegen.test.CodeGenGUITests.test2(CodeGenGUITests.java:49)
	at junit.extensions.TestDecorator.basicRun(TestDecorator.java:24)
	at junit.extensions.TestSetup$1.protect(TestSetup.java:21)
	at junit.extensions.TestSetup.run(TestSetup.java:25)
</error>
  </testcase>
  <testcase classname="com.topcoder.umltool.deploy.codegen.test.CodeGenGUITests" name="test3" time="0.0020">
    <error message="\Users\nanda\Documents\TopCoder\workspace-tcuml\UMLToolFrontend\test_files\SwingUnitScript\GUITest.xml (系统找不到指定的路径。)" type="java.io.FileNotFoundException">java.io.FileNotFoundException: \Users\nanda\Documents\TopCoder\workspace-tcuml\UMLToolFrontend\test_files\SwingUnitScript\GUITest.xml (系统找不到指定的路径。)
	at java.io.FileInputStream.open(Native Method)
	at java.io.FileInputStream.&lt;init&gt;(FileInputStream.java:120)
	at java.io.FileInputStream.&lt;init&gt;(FileInputStream.java:79)
	at sun.net.www.protocol.file.FileURLConnection.connect(FileURLConnection.java:70)
	at sun.net.www.protocol.file.FileURLConnection.getInputStream(FileURLConnection.java:161)
	at com.sun.org.apache.xerces.internal.impl.XMLEntityManager.setupCurrentEntity(XMLEntityManager.java:652)
	at com.sun.org.apache.xerces.internal.impl.XMLVersionDetector.determineDocVersion(XMLVersionDetector.java:186)
	at com.sun.org.apache.xerces.internal.parsers.XML11Configuration.parse(XML11Configuration.java:772)
	at com.sun.org.apache.xerces.internal.parsers.XML11Configuration.parse(XML11Configuration.java:737)
	at com.sun.org.apache.xerces.internal.parsers.XMLParser.parse(XMLParser.java:119)
	at com.sun.org.apache.xerces.internal.parsers.AbstractSAXParser.parse(AbstractSAXParser.java:1205)
	at com.sun.org.apache.xerces.internal.jaxp.SAXParserImpl$JAXPSAXParser.parse(SAXParserImpl.java:522)
	at javax.xml.parsers.SAXParser.parse(SAXParser.java:395)
	at swingunit.framework.Scenario.read(Scenario.java:352)
	at swingunit.framework.Scenario.read(Scenario.java:310)
	at com.topcoder.umltool.deploy.codegen.test.CodeGenGUITests.testNScenario(CodeGenGUITests.java:89)
	at com.topcoder.umltool.deploy.codegen.test.CodeGenGUITests.test3(CodeGenGUITests.java:60)
	at junit.extensions.TestDecorator.basicRun(TestDecorator.java:24)
	at junit.extensions.TestSetup$1.protect(TestSetup.java:21)
	at junit.extensions.TestSetup.run(TestSetup.java:25)
</error>
  </testcase>
  <testcase classname="com.topcoder.umltool.deploy.codegen.test.CodeGenGUITests" name="test4" time="0.0020">
    <error message="\Users\nanda\Documents\TopCoder\workspace-tcuml\UMLToolFrontend\test_files\SwingUnitScript\GUITest.xml (系统找不到指定的路径。)" type="java.io.FileNotFoundException">java.io.FileNotFoundException: \Users\nanda\Documents\TopCoder\workspace-tcuml\UMLToolFrontend\test_files\SwingUnitScript\GUITest.xml (系统找不到指定的路径。)
	at java.io.FileInputStream.open(Native Method)
	at java.io.FileInputStream.&lt;init&gt;(FileInputStream.java:120)
	at java.io.FileInputStream.&lt;init&gt;(FileInputStream.java:79)
	at sun.net.www.protocol.file.FileURLConnection.connect(FileURLConnection.java:70)
	at sun.net.www.protocol.file.FileURLConnection.getInputStream(FileURLConnection.java:161)
	at com.sun.org.apache.xerces.internal.impl.XMLEntityManager.setupCurrentEntity(XMLEntityManager.java:652)
	at com.sun.org.apache.xerces.internal.impl.XMLVersionDetector.determineDocVersion(XMLVersionDetector.java:186)
	at com.sun.org.apache.xerces.internal.parsers.XML11Configuration.parse(XML11Configuration.java:772)
	at com.sun.org.apache.xerces.internal.parsers.XML11Configuration.parse(XML11Configuration.java:737)
	at com.sun.org.apache.xerces.internal.parsers.XMLParser.parse(XMLParser.java:119)
	at com.sun.org.apache.xerces.internal.parsers.AbstractSAXParser.parse(AbstractSAXParser.java:1205)
	at com.sun.org.apache.xerces.internal.jaxp.SAXParserImpl$JAXPSAXParser.parse(SAXParserImpl.java:522)
	at javax.xml.parsers.SAXParser.parse(SAXParser.java:395)
	at swingunit.framework.Scenario.read(Scenario.java:352)
	at swingunit.framework.Scenario.read(Scenario.java:310)
	at com.topcoder.umltool.deploy.codegen.test.CodeGenGUITests.testNScenario(CodeGenGUITests.java:89)
	at com.topcoder.umltool.deploy.codegen.test.CodeGenGUITests.test4(CodeGenGUITests.java:72)
	at junit.extensions.TestDecorator.basicRun(TestDecorator.java:24)
	at junit.extensions.TestSetup$1.protect(TestSetup.java:21)
	at junit.extensions.TestSetup.run(TestSetup.java:25)
</error>
  </testcase>
  <system-out><![CDATA[]]></system-out>
  <system-err><![CDATA[java.io.FileNotFoundException: \Users\nanda\Documents\TopCoder\workspace-tcuml\UMLToolFrontend\test_files\SwingUnitScript\GenerateCode.xml (系统找不到指定的路径。)
	at java.io.FileInputStream.open(Native Method)
	at java.io.FileInputStream.<init>(FileInputStream.java:120)
	at java.io.FileInputStream.<init>(FileInputStream.java:79)
	at sun.net.www.protocol.file.FileURLConnection.connect(FileURLConnection.java:70)
	at sun.net.www.protocol.file.FileURLConnection.getInputStream(FileURLConnection.java:161)
	at com.sun.org.apache.xerces.internal.impl.XMLEntityManager.setupCurrentEntity(XMLEntityManager.java:652)
	at com.sun.org.apache.xerces.internal.impl.XMLVersionDetector.determineDocVersion(XMLVersionDetector.java:186)
	at com.sun.org.apache.xerces.internal.parsers.XML11Configuration.parse(XML11Configuration.java:772)
	at com.sun.org.apache.xerces.internal.parsers.XML11Configuration.parse(XML11Configuration.java:737)
	at com.sun.org.apache.xerces.internal.parsers.XMLParser.parse(XMLParser.java:119)
	at com.sun.org.apache.xerces.internal.parsers.AbstractSAXParser.parse(AbstractSAXParser.java:1205)
	at com.sun.org.apache.xerces.internal.jaxp.SAXParserImpl$JAXPSAXParser.parse(SAXParserImpl.java:522)
	at javax.xml.parsers.SAXParser.parse(SAXParser.java:395)
	at swingunit.framework.Scenario.read(Scenario.java:352)
	at swingunit.framework.Scenario.read(Scenario.java:310)
	at com.topcoder.umltool.deploy.codegen.test.FunctionalTests$1.setUp(FunctionalTests.java:42)
	at junit.extensions.TestSetup$1.protect(TestSetup.java:20)
	at junit.framework.TestResult.runProtected(TestResult.java:124)
	at junit.extensions.TestSetup.run(TestSetup.java:25)
	at junit.framework.TestSuite.runTest(TestSuite.java:230)
	at junit.framework.TestSuite.run(TestSuite.java:225)
	at junit.extensions.TestDecorator.basicRun(TestDecorator.java:24)
	at junit.extensions.TestSetup$1.protect(TestSetup.java:21)
	at junit.framework.TestResult.runProtected(TestResult.java:124)
	at junit.extensions.TestSetup.run(TestSetup.java:25)
	at junit.framework.TestSuite.runTest(TestSuite.java:230)
	at junit.framework.TestSuite.run(TestSuite.java:225)
	at org.apache.tools.ant.taskdefs.optional.junit.JUnitTestRunner.run(JUnitTestRunner.java:420)
	at org.apache.tools.ant.taskdefs.optional.junit.JUnitTestRunner.launch(JUnitTestRunner.java:911)
	at org.apache.tools.ant.taskdefs.optional.junit.JUnitTestRunner.main(JUnitTestRunner.java:768)
]]></system-err>
</testsuite>
